2022-09-02 12:19:46 INFO  ExtentReporterNG - Extent report Directory is created!
2022-09-02 12:19:47 INFO  Utils - [TestNG] Running:
  C:\Users\Vrunda Vibhute\git\MasterFramework\MasterFramework\src\test\resources\RunnerFiles\testng.xml

2022-09-02 12:19:47 INFO  SetUp - Test Case_VerifyCRMLogin_Successfully Started
2022-09-02 12:19:47 ERROR SetUp - VerifyCRMLogin Get Failed due to 
Unresolved compilation problem: 
	The constructor LoginPage(WebDriver) is undefined

2022-09-02 12:19:47 ERROR ScreenShot - Unbale to capture screenshot due to null
2022-09-02 12:19:48 INFO  CommonMethods - Row num for TestScenario = VerifyCRMLogin is = 1
2022-09-02 12:19:49 INFO  ExcelOperation - Write to excel with : Row=1 | Cell =3 | Data =Fail
2022-09-02 12:19:52 INFO  CommonMethods - Test Report Mail sent successfully to vrunda.vibhute@crmnext.com
2022-09-02 12:23:23 INFO  Utils - [TestNG] Running:
  C:\Users\Vrunda Vibhute\git\MasterFramework\MasterFramework\src\test\resources\RunnerFiles\testng.xml

2022-09-02 12:23:23 INFO  SetUp - Test Case_VerifyCRMLogin_Successfully Started
2022-09-02 12:23:31 INFO  WebDriverManager - Using chromedriver 104.0.5112.79 (resolved driver for Chrome 104)
2022-09-02 12:23:31 INFO  WebDriverManager - Exporting webdriver.chrome.driver as C:\Users\Vrunda Vibhute\.cache\selenium\chromedriver\win32\104.0.5112.79\chromedriver.exe
2022-09-02 12:23:33 INFO  SetUp - Chrome Browser Launched..
2022-09-02 12:23:34 INFO  SetUp - URL : https://kmb.crmnext.com/sng7/app/login/login
2022-09-02 12:23:35 INFO  ScreenShot - ScreenShot captured LoginPage || Status :Pass
2022-09-02 12:23:35 INFO  CommonMethods - Sucessfully clicked on Username_XPATH
2022-09-02 12:23:36 INFO  CommonMethods - Data sucessfully entered on Username_XPATH = admin
2022-09-02 12:23:36 INFO  CommonMethods - Sucessfully clicked on password_XPATH
2022-09-02 12:23:37 INFO  CommonMethods - Data sucessfully entered on password_XPATH = acid_qa
2022-09-02 12:23:39 INFO  CommonMethods - Sucessfully clicked on loginBtn_XPATH
2022-09-02 12:23:39 INFO  CommonMethods - Sucessfully clicked on ProfileBtn_XPATH
2022-09-02 12:23:40 INFO  CommonMethods - Sucessfully clicked on logoutBtn_XPATH
2022-09-02 12:23:40 INFO  LoginPage - Sucessfully logout..
2022-09-02 12:23:40 INFO  SetUp - Test Case_VerifyCRMLogin_Successfully Passed
2022-09-02 12:23:40 INFO  CommonMethods - Row num for TestScenario = VerifyCRMLogin is = 1
2022-09-02 12:23:42 INFO  ExcelOperation - Write to excel with : Row=1 | Cell =3 | Data =Pass
2022-09-02 12:23:43 INFO  SetUp - Browser Closed..
2023-01-18 11:55:25 INFO  ExtentReporterNG - Extent report Directory is created!
2023-01-18 11:55:26 INFO  Utils - [TestNG] Running:
  D:\Automation Frameworks\CRMMasterFramework\MasterFramework\src\test\resources\RunnerFiles\testng.xml

2023-01-18 11:55:26 INFO  SetUp - Test Case_VerifyCRMLogin_Successfully Started
2023-01-18 11:55:26 ERROR SetUp - VerifyCRMLogin Get Failed due to 
Cannot invoke "java.lang.Integer.intValue()" because the return value of "java.util.HashMap.get(Object)" is null
2023-01-18 11:55:26 ERROR ScreenShot - Unbale to capture screenshot due to Cannot invoke "org.openqa.selenium.TakesScreenshot.getScreenshotAs(org.openqa.selenium.OutputType)" because "scrShot" is null
2023-01-18 11:55:26 INFO  CommonMethods - Row num for TestScenario = VerifyCRMLogin is = 1
2023-01-18 11:55:27 INFO  ExcelOperation - Write to excel with : Row=1 | Cell =6 | Data =Fail
2023-01-18 11:55:28 INFO  SetUp - Test Case_VerifyCRMLogin_Successfully Started
2023-01-18 11:55:28 INFO  SetUp - Test Case_VerifyCRMLogin_get Skipped as its Runmode is 'NO' 
2023-01-18 11:57:51 INFO  Utils - [TestNG] Running:
  D:\Automation Frameworks\CRMMasterFramework\MasterFramework\src\test\resources\RunnerFiles\testng.xml

2023-01-18 11:57:51 INFO  SetUp - Test Case_VerifyCRMLogin_Successfully Started
2023-01-18 11:58:22 INFO  Utils - [TestNG] Running:
  D:\Automation Frameworks\CRMMasterFramework\MasterFramework\src\test\resources\RunnerFiles\testng.xml

2023-01-18 11:58:22 INFO  SetUp - Test Case_VerifyCRMLogin_Successfully Started
2023-01-18 11:58:24 ERROR SetUp - VerifyCRMLogin Get Failed due to 
Cannot invoke "java.lang.Integer.intValue()" because the return value of "java.util.HashMap.get(Object)" is null
2023-01-18 11:58:24 ERROR ScreenShot - Unbale to capture screenshot due to Cannot invoke "org.openqa.selenium.TakesScreenshot.getScreenshotAs(org.openqa.selenium.OutputType)" because "scrShot" is null
2023-01-18 11:58:24 INFO  CommonMethods - Row num for TestScenario = VerifyCRMLogin is = 1
2023-01-18 11:58:25 INFO  ExcelOperation - Write to excel with : Row=1 | Cell =6 | Data =Fail
2023-01-18 11:58:26 INFO  SetUp - Test Case_VerifyCRMLogin_Successfully Started
2023-01-18 11:58:26 INFO  SetUp - Test Case_VerifyCRMLogin_get Skipped as its Runmode is 'NO' 
2023-01-18 12:02:08 INFO  ExtentReporterNG - Extent report Directory is created!
2023-01-18 12:02:08 INFO  Utils - [TestNG] Running:
  D:\Automation Frameworks\CRMMasterFramework\MasterFramework\src\test\resources\RunnerFiles\testng.xml

2023-01-18 12:02:08 INFO  SetUp - Test Case_VerifyCRMLogin_Successfully Started
2023-01-18 12:13:12 INFO  Utils - [TestNG] Running:
  D:\Automation Frameworks\CRMMasterFramework\MasterFramework\src\test\resources\RunnerFiles\testng.xml

2023-01-18 12:13:12 INFO  SetUp - Test Case_VerifyCRMLogin_Successfully Started
2023-01-18 12:14:48 INFO  Utils - [TestNG] Running:
  D:\Automation Frameworks\CRMMasterFramework\MasterFramework\src\test\resources\RunnerFiles\testng.xml

2023-01-18 12:14:48 INFO  SetUp - Test Case_VerifyCRMLogin_Successfully Started
2023-01-18 12:14:53 INFO  WebDriverManager - Using chromedriver 109.0.5414.74 (resolved driver for Chrome 109)
2023-01-18 12:14:53 INFO  WebDriverManager - Exporting webdriver.chrome.driver as C:\Users\akila\.cache\selenium\chromedriver\win32\109.0.5414.74\chromedriver.exe
2023-01-18 12:14:55 INFO  SetUp - Chrome Browser Launched..
2023-01-18 12:14:55 INFO  SetUp - URL : https://kmb.crmnext.com/sng7/app/login/login
2023-01-18 12:14:56 INFO  ScreenShot - ScreenShot captured LoginPage || Status :Pass
2023-01-18 12:14:56 INFO  CommonMethods - Sucessfully clicked on Username_XPATH
2023-01-18 12:14:56 INFO  CommonMethods - Data sucessfully entered on Username_XPATH = admin2
2023-01-18 12:14:56 INFO  CommonMethods - Sucessfully clicked on password_XPATH
2023-01-18 12:14:56 INFO  CommonMethods - Data sucessfully entered on password_XPATH = acid_qa
2023-01-18 12:14:56 INFO  CommonMethods - Sucessfully clicked on loginBtn_XPATH
2023-01-18 12:16:57 ERROR SetUp - VerifyCRMLogin Get Failed due to 
Expected condition failed: waiting for visibility of element located by By.xpath: //div[@class="header__item header__profile ht-3 mid relative pointer"]/a (tried for 60 second(s) with 500 milliseconds interval)
Build info: version: '4.1.0', revision: '87802e897b'
System info: host: 'AKILA', ip: '192.168.1.36', os.name: 'Windows 11', os.arch: 'amd64', os.version: '10.0', java.version: '17.0.3'
Driver info: org.openqa.selenium.chrome.ChromeDriver
Capabilities {acceptInsecureCerts: false, browserName: chrome, browserVersion: 109.0.5414.75, chrome: {chromedriverVersion: 109.0.5414.74 (e7c5703604da..., userDataDir: C:\Users\akila\AppData\Loca...}, goog:chromeOptions: {debuggerAddress: localhost:55936}, javascriptEnabled: true, networkConnectionEnabled: false, pageLoadStrategy: normal, platform: WINDOWS, platformName: WINDOWS, proxy: Proxy(), se:cdp: ws://localhost:55936/devtoo..., se:cdpVersion: 109.0.5414.75, setWindowRect: true, strictFileInteractability: false, timeouts: {implicit: 0, pageLoad: 300000, script: 30000}, unhandledPromptBehavior: dismiss and notify, webauthn:extension:credBlob: true, webauthn:extension:largeBlob: true, webauthn:virtualAuthenticators: true}
Session ID: 537025c0b5a2335ecb3792918ddb0219
2023-01-18 12:16:57 INFO  ScreenShot - ScreenShot captured VerifyCRMLogin || Status :Fail
2023-01-18 12:16:57 INFO  CommonMethods - Row num for TestScenario = VerifyCRMLogin is = 1
2023-01-18 12:16:58 INFO  ExcelOperation - Write to excel with : Row=1 | Cell =6 | Data =Fail
2023-01-18 12:17:00 WARN  WebSocketHandler - onError
java.net.SocketException: Connection reset
	at sun.nio.ch.SocketChannelImpl.throwConnectionReset(SocketChannelImpl.java:394) ~[?:?]
	at sun.nio.ch.SocketChannelImpl.read(SocketChannelImpl.java:426) ~[?:?]
	at io.netty.buffer.PooledByteBuf.setBytes(PooledByteBuf.java:253) ~[netty-buffer-4.1.69.Final.jar:4.1.69.Final]
	at io.netty.buffer.AbstractByteBuf.writeBytes(AbstractByteBuf.java:1132) ~[netty-buffer-4.1.69.Final.jar:4.1.69.Final]
	at io.netty.channel.socket.nio.NioSocketChannel.doReadBytes(NioSocketChannel.java:350) ~[netty-transport-4.1.69.Final.jar:4.1.69.Final]
	at io.netty.channel.nio.AbstractNioByteChannel$NioByteUnsafe.read(AbstractNioByteChannel.java:151) [netty-transport-4.1.69.Final.jar:4.1.69.Final]
	at io.netty.channel.nio.NioEventLoop.processSelectedKey(NioEventLoop.java:719) [netty-transport-4.1.69.Final.jar:4.1.69.Final]
	at io.netty.channel.nio.NioEventLoop.processSelectedKeysOptimized(NioEventLoop.java:655) [netty-transport-4.1.69.Final.jar:4.1.69.Final]
	at io.netty.channel.nio.NioEventLoop.processSelectedKeys(NioEventLoop.java:581) [netty-transport-4.1.69.Final.jar:4.1.69.Final]
	at io.netty.channel.nio.NioEventLoop.run(NioEventLoop.java:493) [netty-transport-4.1.69.Final.jar:4.1.69.Final]
	at io.netty.util.concurrent.SingleThreadEventExecutor$4.run(SingleThreadEventExecutor.java:986) [netty-common-4.1.69.Final.jar:4.1.69.Final]
	at io.netty.util.internal.ThreadExecutorMap$2.run(ThreadExecutorMap.java:74) [netty-common-4.1.69.Final.jar:4.1.69.Final]
	at io.netty.util.concurrent.FastThreadLocalRunnable.run(FastThreadLocalRunnable.java:30) [netty-common-4.1.69.Final.jar:4.1.69.Final]
	at java.lang.Thread.run(Thread.java:833) [?:?]
2023-01-18 12:17:01 INFO  SetUp - Browser Closed..
2023-01-18 12:17:01 INFO  SetUp - Test Case_VerifyCRMLogin_Successfully Started
2023-01-18 12:17:02 INFO  WebDriverManager - Using chromedriver 109.0.5414.74 (resolved driver for Chrome 109)
2023-01-18 12:17:02 INFO  WebDriverManager - Exporting webdriver.chrome.driver as C:\Users\akila\.cache\selenium\chromedriver\win32\109.0.5414.74\chromedriver.exe
2023-01-18 12:17:03 INFO  SetUp - Chrome Browser Launched..
2023-01-18 12:17:03 INFO  SetUp - URL : https://kmb.crmnext.com/sng7/app/login/login
2023-01-18 12:17:03 INFO  ScreenShot - ScreenShot captured LoginPage || Status :Pass
2023-01-18 12:17:03 INFO  CommonMethods - Sucessfully clicked on Username_XPATH
2023-01-18 12:17:04 INFO  CommonMethods - Data sucessfully entered on Username_XPATH = admin
2023-01-18 12:17:04 INFO  CommonMethods - Sucessfully clicked on password_XPATH
2023-01-18 12:17:04 INFO  CommonMethods - Data sucessfully entered on password_XPATH = acid_qa
2023-01-18 12:17:07 INFO  CommonMethods - Sucessfully clicked on loginBtn_XPATH
2023-01-18 12:17:07 INFO  CommonMethods - Sucessfully clicked on ProfileBtn_XPATH
2023-01-18 12:17:08 INFO  ExcelOperation - Write to excel with : Row=3 | Cell =6 | Data =Kotak Bank Admin
2023-01-18 12:17:09 INFO  CommonMethods - Sucessfully clicked on ProfileBtn_XPATH
2023-01-18 12:17:09 INFO  CommonMethods - Sucessfully clicked on ProfileBtn_XPATH
2023-01-18 12:17:09 INFO  CommonMethods - Sucessfully clicked on logoutBtn_XPATH
2023-01-18 12:17:09 INFO  LoginPage - Sucessfully logout..
2023-01-18 12:17:10 INFO  SetUp - Test Case_VerifyCRMLogin_Successfully Passed
2023-01-18 12:17:10 INFO  CommonMethods - Row num for TestScenario = VerifyCRMLogin is = 1
2023-01-18 12:17:11 INFO  ExcelOperation - Write to excel with : Row=1 | Cell =6 | Data =Pass
2023-01-18 12:17:12 WARN  WebSocketHandler - onError
java.net.SocketException: Connection reset
	at sun.nio.ch.SocketChannelImpl.throwConnectionReset(SocketChannelImpl.java:394) ~[?:?]
	at sun.nio.ch.SocketChannelImpl.read(SocketChannelImpl.java:426) ~[?:?]
	at io.netty.buffer.PooledByteBuf.setBytes(PooledByteBuf.java:253) ~[netty-buffer-4.1.69.Final.jar:4.1.69.Final]
	at io.netty.buffer.AbstractByteBuf.writeBytes(AbstractByteBuf.java:1132) ~[netty-buffer-4.1.69.Final.jar:4.1.69.Final]
	at io.netty.channel.socket.nio.NioSocketChannel.doReadBytes(NioSocketChannel.java:350) ~[netty-transport-4.1.69.Final.jar:4.1.69.Final]
	at io.netty.channel.nio.AbstractNioByteChannel$NioByteUnsafe.read(AbstractNioByteChannel.java:151) [netty-transport-4.1.69.Final.jar:4.1.69.Final]
	at io.netty.channel.nio.NioEventLoop.processSelectedKey(NioEventLoop.java:719) [netty-transport-4.1.69.Final.jar:4.1.69.Final]
	at io.netty.channel.nio.NioEventLoop.processSelectedKeysOptimized(NioEventLoop.java:655) [netty-transport-4.1.69.Final.jar:4.1.69.Final]
	at io.netty.channel.nio.NioEventLoop.processSelectedKeys(NioEventLoop.java:581) [netty-transport-4.1.69.Final.jar:4.1.69.Final]
	at io.netty.channel.nio.NioEventLoop.run(NioEventLoop.java:493) [netty-transport-4.1.69.Final.jar:4.1.69.Final]
	at io.netty.util.concurrent.SingleThreadEventExecutor$4.run(SingleThreadEventExecutor.java:986) [netty-common-4.1.69.Final.jar:4.1.69.Final]
	at io.netty.util.internal.ThreadExecutorMap$2.run(ThreadExecutorMap.java:74) [netty-common-4.1.69.Final.jar:4.1.69.Final]
	at io.netty.util.concurrent.FastThreadLocalRunnable.run(FastThreadLocalRunnable.java:30) [netty-common-4.1.69.Final.jar:4.1.69.Final]
	at java.lang.Thread.run(Thread.java:833) [?:?]
2023-01-18 12:17:13 INFO  SetUp - Browser Closed..
2023-01-18 12:17:16 INFO  CommonMethods - Test Report Mail sent successfully to akila.raguram@crmnext.com
2023-01-18 12:43:16 INFO  Utils - [TestNG] Running:
  D:\Automation Frameworks\CRMMasterFramework\MasterFramework\src\test\resources\RunnerFiles\testng.xml

2023-01-18 12:43:16 INFO  SetUp - Test Case_VerifyCRMLogin_Successfully Started
2023-01-18 12:43:18 INFO  WebDriverManager - Using chromedriver 109.0.5414.74 (resolved driver for Chrome 109)
2023-01-18 12:43:18 INFO  WebDriverManager - Exporting webdriver.chrome.driver as C:\Users\akila\.cache\selenium\chromedriver\win32\109.0.5414.74\chromedriver.exe
2023-01-18 12:43:22 INFO  SetUp - Chrome Browser Launched..
2023-01-18 12:43:23 INFO  SetUp - URL : https://kmb.crmnext.com/sng7/app/login/login
2023-01-18 12:43:23 INFO  ScreenShot - ScreenShot captured LoginPage || Status :Pass
2023-01-18 12:43:23 INFO  CommonMethods - Sucessfully clicked on Username_XPATH
2023-01-18 12:43:24 INFO  CommonMethods - Data sucessfully entered on Username_XPATH = admin2
2023-01-18 12:43:24 INFO  CommonMethods - Sucessfully clicked on password_XPATH
2023-01-18 12:43:24 INFO  CommonMethods - Data sucessfully entered on password_XPATH = acid_qa
2023-01-18 12:43:24 INFO  CommonMethods - Sucessfully clicked on loginBtn_XPATH
2023-01-18 12:44:49 INFO  Utils - [TestNG] Running:
  D:\Automation Frameworks\CRMMasterFramework\MasterFramework\src\test\resources\RunnerFiles\testng.xml

2023-01-18 12:44:49 INFO  SetUp - Test Case_VerifyCRMLogin_Successfully Started
2023-01-18 12:44:53 ERROR SetUp - VerifyCRMLogin Get Failed due to 
Instance is unavailable
2023-01-18 12:44:53 ERROR ScreenShot - Unbale to capture screenshot due to Cannot invoke "org.openqa.selenium.TakesScreenshot.getScreenshotAs(org.openqa.selenium.OutputType)" because "scrShot" is null
2023-01-18 12:44:53 INFO  CommonMethods - Row num for TestScenario = VerifyCRMLogin is = 1
2023-01-18 12:44:54 INFO  ExcelOperation - Write to excel with : Row=1 | Cell =6 | Data =Fail
2023-01-18 12:44:56 INFO  SetUp - Test Case_VerifyCRMLogin_Successfully Started
2023-01-18 12:44:56 INFO  SetUp - Test Case_VerifyCRMLogin_get Skipped as its Runmode is 'NO' 
2023-01-18 12:44:56 INFO  SetUp - Test Case_VerifyCRMLogin_Successfully Started
2023-01-18 12:44:56 INFO  SetUp - Test Case_VerifyCRMLogin_get Skipped as its Runmode is 'NO' 
2023-01-18 12:47:03 INFO  ExtentReporterNG - Extent report Directory is created!
2023-01-18 12:47:04 INFO  Utils - [TestNG] Running:
  D:\Automation Frameworks\CRMMasterFramework\MasterFramework\src\test\resources\RunnerFiles\testng.xml

2023-01-18 12:47:04 INFO  SetUp - Test Case_VerifyCRMLogin_Successfully Started
2023-01-18 12:48:13 INFO  Utils - [TestNG] Running:
  D:\Automation Frameworks\CRMMasterFramework\MasterFramework\src\test\resources\RunnerFiles\testng.xml

2023-01-18 12:48:13 INFO  SetUp - Test Case_VerifyCRMLogin_Successfully Started
2023-01-18 12:48:32 ERROR SetUp - VerifyCRMLogin Get Failed due to 
Instance is unavailable
2023-01-18 12:48:33 ERROR ScreenShot - Unbale to capture screenshot due to Cannot invoke "org.openqa.selenium.TakesScreenshot.getScreenshotAs(org.openqa.selenium.OutputType)" because "scrShot" is null
2023-01-18 12:48:34 INFO  CommonMethods - Row num for TestScenario = VerifyCRMLogin is = 1
2023-01-18 12:48:35 INFO  ExcelOperation - Write to excel with : Row=1 | Cell =6 | Data =Fail
2023-01-18 12:48:36 INFO  SetUp - Test Case_VerifyCRMLogin_Successfully Started
2023-01-18 12:48:36 INFO  SetUp - Test Case_VerifyCRMLogin_get Skipped as its Runmode is 'NO' 
2023-01-18 12:48:36 INFO  SetUp - Test Case_VerifyCRMLogin_Successfully Started
2023-01-18 12:48:36 INFO  SetUp - Test Case_VerifyCRMLogin_get Skipped as its Runmode is 'NO' 
2023-01-18 12:49:38 INFO  Utils - [TestNG] Running:
  D:\Automation Frameworks\CRMMasterFramework\MasterFramework\src\test\resources\RunnerFiles\testng.xml

2023-01-18 12:49:38 INFO  SetUp - Test Case_VerifyCRMLogin_Successfully Started
2023-01-18 12:51:07 ERROR SetUp - VerifyCRMLogin Get Failed due to 
Instance is unavailable
2023-01-18 12:54:58 INFO  Utils - [TestNG] Running:
  D:\Automation Frameworks\CRMMasterFramework\MasterFramework\src\test\resources\RunnerFiles\testng.xml

2023-01-18 12:54:59 INFO  SetUp - Test Case_VerifyCRMLogin_Successfully Started
2023-01-18 12:55:08 ERROR SetUp - VerifyCRMLogin Get Failed due to 
Instance is unavailable
2023-01-18 12:55:10 INFO  CommonMethods - Row num for TestScenario = VerifyCRMLogin is = 1
2023-01-18 12:55:11 INFO  ExcelOperation - Write to excel with : Row=1 | Cell =6 | Data =Fail
2023-01-18 12:55:12 INFO  SetUp - Test Case_VerifyCRMLogin_Successfully Started
2023-01-18 12:55:12 INFO  SetUp - Test Case_VerifyCRMLogin_get Skipped as its Runmode is 'NO' 
2023-01-18 12:55:12 INFO  SetUp - Test Case_VerifyCRMLogin_Successfully Started
2023-01-18 12:55:12 INFO  SetUp - Test Case_VerifyCRMLogin_get Skipped as its Runmode is 'NO' 
2023-01-18 12:55:43 INFO  Utils - [TestNG] Running:
  D:\Automation Frameworks\CRMMasterFramework\MasterFramework\src\test\resources\RunnerFiles\testng.xml

2023-01-18 12:55:43 INFO  SetUp - Test Case_VerifyCRMLogin_Successfully Started
2023-01-18 12:55:51 ERROR SetUp - VerifyCRMLogin Get Failed due to 
Instance is unavailable
2023-01-18 12:57:55 INFO  Utils - [TestNG] Running:
  D:\Automation Frameworks\CRMMasterFramework\MasterFramework\src\test\resources\RunnerFiles\testng.xml

2023-01-18 12:57:55 INFO  SetUp - Test Case_VerifyCRMLogin_Successfully Started
2023-01-18 12:58:05 ERROR SetUp - VerifyCRMLogin Get Failed due to 
Instance is unavailable
2023-01-18 12:59:17 ERROR SetUp - VerifyCRMLogin Get Failed due to 
Instance is unavailable
2023-01-18 12:59:48 INFO  CommonMethods - Row num for TestScenario = VerifyCRMLogin is = 1
2023-01-18 12:59:50 INFO  ExcelOperation - Write to excel with : Row=1 | Cell =6 | Data =Fail
2023-01-18 12:59:54 INFO  SetUp - Test Case_VerifyCRMLogin_Successfully Started
2023-01-18 12:59:54 INFO  SetUp - Test Case_VerifyCRMLogin_get Skipped as its Runmode is 'NO' 
2023-01-18 12:59:54 INFO  SetUp - Test Case_VerifyCRMLogin_Successfully Started
2023-01-18 12:59:54 INFO  SetUp - Test Case_VerifyCRMLogin_get Skipped as its Runmode is 'NO' 
2023-01-18 13:20:40 INFO  ExtentReporterNG - Extent report Directory is created!
2023-01-18 13:20:40 INFO  Utils - [TestNG] Running:
  D:\Automation Frameworks\CRMMasterFramework\MasterFramework\src\test\resources\RunnerFiles\testng.xml

2023-01-18 13:20:41 INFO  SetUp - Test Case_VerifyCRMLogin_Successfully Started
2023-01-18 13:20:45 ERROR SetUp - VerifyCRMLogin Get Failed due to 
Instance is unavailable
2023-01-18 13:20:47 INFO  CommonMethods - Row num for TestScenario = VerifyCRMLogin is = 1
2023-01-18 13:20:48 INFO  ExcelOperation - Write to excel with : Row=1 | Cell =6 | Data =Fail
2023-01-18 13:20:49 INFO  SetUp - Test Case_VerifyCRMLogin_Successfully Started
2023-01-18 13:20:49 INFO  SetUp - Test Case_VerifyCRMLogin_get Skipped as its Runmode is 'NO' 
2023-01-18 13:20:49 INFO  SetUp - Test Case_VerifyCRMLogin_Successfully Started
2023-01-18 13:20:49 INFO  SetUp - Test Case_VerifyCRMLogin_get Skipped as its Runmode is 'NO' 
2023-01-18 13:21:29 INFO  Utils - [TestNG] Running:
  D:\Automation Frameworks\CRMMasterFramework\MasterFramework\src\test\resources\RunnerFiles\testng.xml

2023-01-18 13:21:29 INFO  SetUp - Test Case_VerifyCRMLogin_Successfully Started
2023-01-18 13:22:38 INFO  Utils - [TestNG] Running:
  D:\Automation Frameworks\CRMMasterFramework\MasterFramework\src\test\resources\RunnerFiles\testng.xml

2023-01-18 13:22:39 INFO  SetUp - Test Case_VerifyCRMLogin_Successfully Started
2023-01-18 13:24:09 ERROR SetUp - VerifyCRMLogin Get Failed due to 
Instance is unavailable
2023-01-18 13:24:19 INFO  CommonMethods - Row num for TestScenario = VerifyCRMLogin is = 1
2023-01-18 13:24:20 INFO  ExcelOperation - Write to excel with : Row=1 | Cell =6 | Data =Fail
2023-01-18 13:24:24 INFO  SetUp - Test Case_VerifyCRMLogin_Successfully Started
2023-01-18 13:24:24 INFO  SetUp - Test Case_VerifyCRMLogin_get Skipped as its Runmode is 'NO' 
2023-01-18 13:24:24 INFO  SetUp - Test Case_VerifyCRMLogin_Successfully Started
2023-01-18 13:24:24 INFO  SetUp - Test Case_VerifyCRMLogin_get Skipped as its Runmode is 'NO' 
2023-01-18 13:40:19 INFO  Utils - [TestNG] Running:
  D:\Automation Frameworks\CRMMasterFramework\MasterFramework\src\test\resources\RunnerFiles\testng.xml

2023-01-18 13:40:19 INFO  SetUp - Test Case_VerifyCRMLogin_Successfully Started
2023-01-18 13:42:08 ERROR SetUp - VerifyCRMLogin Get Failed due to 
Instance is unavailable
2023-01-18 13:42:32 INFO  CommonMethods - Row num for TestScenario = VerifyCRMLogin is = 1
2023-01-18 13:42:33 INFO  ExcelOperation - Write to excel with : Row=1 | Cell =6 | Data =Fail
2023-01-18 13:42:33 INFO  SetUp - Test Case_VerifyCRMLogin_Successfully Started
2023-01-18 13:42:33 INFO  SetUp - Test Case_VerifyCRMLogin_get Skipped as its Runmode is 'NO' 
2023-01-18 13:42:33 INFO  SetUp - Test Case_VerifyCRMLogin_Successfully Started
2023-01-18 13:42:33 INFO  SetUp - Test Case_VerifyCRMLogin_get Skipped as its Runmode is 'NO' 
2023-01-18 13:42:54 INFO  Utils - [TestNG] Running:
  D:\Automation Frameworks\CRMMasterFramework\MasterFramework\src\test\resources\RunnerFiles\testng.xml

2023-01-18 13:42:54 INFO  SetUp - Test Case_VerifyCRMLogin_Successfully Started
2023-01-18 13:43:06 ERROR SetUp - VerifyCRMLogin Get Failed due to 
Instance is unavailable
2023-01-18 13:43:39 INFO  CommonMethods - Row num for TestScenario = VerifyCRMLogin is = 1
2023-01-18 13:44:23 INFO  ExcelOperation - Write to excel with : Row=1 | Cell =6 | Data =Fail
2023-01-18 13:45:09 INFO  SetUp - Test Case_VerifyCRMLogin_Successfully Started
2023-01-18 13:45:09 INFO  SetUp - Test Case_VerifyCRMLogin_get Skipped as its Runmode is 'NO' 
2023-01-18 13:45:16 INFO  SetUp - Test Case_VerifyCRMLogin_Successfully Started
2023-01-18 13:45:16 INFO  SetUp - Test Case_VerifyCRMLogin_get Skipped as its Runmode is 'NO' 
2023-01-18 13:46:11 INFO  Utils - [Utils] MethodGroupsHelper.collectMethodsByGroup() took 1 ms.
2023-01-18 13:46:11 INFO  Utils - [Utils] MethodGroupsHelper.sortMethods() took 5 ms.
2023-01-18 13:46:11 INFO  Utils - [Utils] MethodGroupsHelper.collectMethodsByGroup() took 0 ms.
2023-01-18 13:46:11 INFO  Utils - [Utils] MethodGroupsHelper.sortMethods() took 0 ms.
2023-01-18 13:46:11 INFO  Utils - [Utils] MethodGroupsHelper.collectMethodsByGroup() took 0 ms.
2023-01-18 13:46:11 INFO  Utils - [Utils] MethodGroupsHelper.sortMethods() took 0 ms.
2023-01-18 13:46:11 INFO  Utils - [Utils] MethodGroupsHelper.collectMethodsByGroup() took 0 ms.
2023-01-18 13:46:11 INFO  Utils - [Utils] MethodGroupsHelper.sortMethods() took 0 ms.
2023-01-18 13:46:11 INFO  Utils - [Utils] MethodGroupsHelper.collectMethodsByGroup() took 0 ms.
2023-01-18 13:46:11 INFO  Utils - [Utils] MethodGroupsHelper.sortMethods() took 0 ms.
2023-01-18 13:46:11 INFO  Utils - [Utils] MethodGroupsHelper.collectMethodsByGroup() took 0 ms.
2023-01-18 13:46:11 INFO  Utils - [Utils] MethodGroupsHelper.sortMethods() took 0 ms.
2023-01-18 13:46:11 INFO  Utils - [Utils] MethodGroupsHelper.collectMethodsByGroup() took 0 ms.
2023-01-18 13:46:11 INFO  Utils - [Utils] MethodGroupsHelper.sortMethods() took 0 ms.
2023-01-18 13:46:11 INFO  Utils - [Utils] MethodGroupsHelper.collectMethodsByGroup() took 0 ms.
2023-01-18 13:46:11 INFO  Utils - [Utils] MethodGroupsHelper.sortMethods() took 0 ms.
2023-01-18 13:46:11 INFO  Utils - [Utils] MethodGroupsHelper.collectMethodsByGroup() took 0 ms.
2023-01-18 13:46:11 INFO  Utils - [Utils] MethodGroupsHelper.sortMethods() took 0 ms.
2023-01-18 13:46:11 INFO  Utils - [Utils] MethodGroupsHelper.collectMethodsByGroup() took 3 ms.
2023-01-18 13:46:11 INFO  Utils - [Utils] MethodGroupsHelper.sortMethods() took 12 ms.
2023-01-18 13:46:11 INFO  Utils - [Utils] MethodGroupsHelper.collectMethodsByGroup() took 0 ms.
2023-01-18 13:46:11 INFO  Utils - [Utils] MethodGroupsHelper.sortMethods() took 0 ms.
2023-01-18 13:46:11 INFO  Utils - [Utils] MethodGroupsHelper.collectMethodsByGroup() took 0 ms.
2023-01-18 13:46:11 INFO  Utils - [Utils] MethodGroupsHelper.sortMethods() took 0 ms.
2023-01-18 13:46:11 INFO  Utils - [Utils] MethodGroupsHelper.collectMethodsByGroup() took 0 ms.
2023-01-18 13:46:11 INFO  Utils - [Utils] MethodGroupsHelper.sortMethods() took 0 ms.
2023-01-18 13:46:11 INFO  Utils - [Utils] MethodGroupsHelper.collectMethodsByGroup() took 0 ms.
2023-01-18 13:46:11 INFO  Utils - [Utils] MethodGroupsHelper.sortMethods() took 0 ms.
2023-01-18 13:46:11 INFO  Utils - [Utils] MethodGroupsHelper.collectMethodsByGroup() took 0 ms.
2023-01-18 13:46:11 INFO  Utils - [Utils] MethodGroupsHelper.sortMethods() took 0 ms.
2023-01-18 13:46:11 INFO  Utils - [TestNG] Running:
  C:\Users\akila\AppData\Local\Temp\testng-eclipse-1317412326\testng-customsuite.xml

2023-01-18 13:46:11 INFO  Utils - [Utils] DynamicGraphHelper.createDynamicGraph() took 6 ms.
2023-01-18 13:46:29 INFO  Utils - [TestNG] Time taken by org.testng.internal.ExitCodeListener@44784e2f: 1 ms
2023-01-18 13:46:30 INFO  Utils - [TestNG] Time taken by org.testng.reporters.SuiteHTMLReporter@7e72a6cc: 143 ms
2023-01-18 13:46:30 INFO  Utils - [TestNG] Time taken by org.testng.reporters.jq.Main@6d60899e: 354 ms
2023-01-18 13:46:30 INFO  Utils - [TestNG] Time taken by org.testng.reporters.FailedReporter@2121d1f9: 36 ms
2023-01-18 13:46:30 INFO  Utils - [TestNG] Time taken by org.testng.reporters.XMLReporter@2f9a4401: 36 ms
2023-01-18 13:46:30 INFO  Utils - [TestNG] Time taken by org.testng.reporters.EmailableReporter2@11e355ca: 34 ms
2023-01-18 13:46:30 INFO  Utils - [TestNG] Time taken by org.testng.reporters.JUnitReportReporter@3b705be7: 20 ms
2023-01-18 13:46:48 INFO  Utils - [TestNG] Running:
  D:\Automation Frameworks\CRMMasterFramework\MasterFramework\src\test\resources\RunnerFiles\testng.xml

2023-01-18 13:46:49 INFO  SetUp - Test Case_VerifyCRMLogin_Successfully Started
2023-01-18 13:47:19 INFO  SetUp - Test Case_VerifyCRMLogin_get Skipped as its Runmode is 'NO' 
2023-01-18 13:47:19 INFO  SetUp - Test Case_VerifyCRMLogin_Successfully Started
2023-01-18 13:47:19 INFO  SetUp - Test Case_VerifyCRMLogin_get Skipped as its Runmode is 'NO' 
2023-01-18 13:47:20 INFO  SetUp - Test Case_VerifyCRMLogin_Successfully Started
2023-01-18 13:47:20 INFO  SetUp - Test Case_VerifyCRMLogin_get Skipped as its Runmode is 'NO' 
2023-01-18 13:49:21 INFO  Utils - [TestNG] Running:
  D:\Automation Frameworks\CRMMasterFramework\MasterFramework\src\test\resources\RunnerFiles\testng.xml

2023-01-18 13:49:21 INFO  SetUp - Test Case_VerifyCRMLogin_Successfully Started
2023-01-18 13:58:47 INFO  Utils - [TestNG] Running:
  D:\Automation Frameworks\CRMMasterFramework\MasterFramework\src\test\resources\RunnerFiles\testng.xml

2023-01-18 13:58:47 INFO  SetUp - Test Case_VerifyCRMLogin_Successfully Started
2023-01-18 13:58:49 INFO  WebDriverManager - Using chromedriver 109.0.5414.74 (resolved driver for Chrome 109)
2023-01-18 13:58:49 INFO  WebDriverManager - Exporting webdriver.chrome.driver as C:\Users\akila\.cache\selenium\chromedriver\win32\109.0.5414.74\chromedriver.exe
2023-01-18 13:58:52 INFO  SetUp - Chrome Browser Launched..
2023-01-18 13:58:53 INFO  SetUp - URL : https://kmb.crmnext.com/sng7/app/login/login
2023-01-18 13:58:54 INFO  ScreenShot - ScreenShot captured LoginPage || Status :Pass
2023-01-18 13:58:54 INFO  CommonMethods - Sucessfully clicked on Username_XPATH
2023-01-18 13:58:54 INFO  CommonMethods - Data sucessfully entered on Username_XPATH = admin2
2023-01-18 13:58:54 INFO  CommonMethods - Sucessfully clicked on password_XPATH
2023-01-18 13:58:55 INFO  CommonMethods - Data sucessfully entered on password_XPATH = acid_qa
2023-01-18 13:58:55 INFO  CommonMethods - Sucessfully clicked on loginBtn_XPATH
2023-01-18 14:00:56 ERROR SetUp - VerifyCRMLogin Get Failed due to 
Expected condition failed: waiting for visibility of element located by By.xpath: //div[@class="header__item header__profile ht-3 mid relative pointer"]/a (tried for 60 second(s) with 500 milliseconds interval)
Build info: version: '4.1.0', revision: '87802e897b'
System info: host: 'AKILA', ip: '192.168.1.36', os.name: 'Windows 11', os.arch: 'amd64', os.version: '10.0', java.version: '17.0.3'
Driver info: org.openqa.selenium.chrome.ChromeDriver
Capabilities {acceptInsecureCerts: false, browserName: chrome, browserVersion: 109.0.5414.75, chrome: {chromedriverVersion: 109.0.5414.74 (e7c5703604da..., userDataDir: C:\Users\akila\AppData\Loca...}, goog:chromeOptions: {debuggerAddress: localhost:52508}, javascriptEnabled: true, networkConnectionEnabled: false, pageLoadStrategy: normal, platform: WINDOWS, platformName: WINDOWS, proxy: Proxy(), se:cdp: ws://localhost:52508/devtoo..., se:cdpVersion: 109.0.5414.75, setWindowRect: true, strictFileInteractability: false, timeouts: {implicit: 0, pageLoad: 300000, script: 30000}, unhandledPromptBehavior: dismiss and notify, webauthn:extension:credBlob: true, webauthn:extension:largeBlob: true, webauthn:virtualAuthenticators: true}
Session ID: 25c2cec10fd8621ec80fd3edac7a10e3
2023-01-18 14:00:56 INFO  ScreenShot - ScreenShot captured VerifyCRMLogin || Status :Fail
2023-01-18 14:00:56 INFO  CommonMethods - Row num for TestScenario = VerifyCRMLogin is = 1
2023-01-18 14:00:57 INFO  ExcelOperation - Write to excel with : Row=1 | Cell =6 | Data =Fail
2023-01-18 14:00:59 WARN  WebSocketHandler - onError
java.net.SocketException: Connection reset
	at sun.nio.ch.SocketChannelImpl.throwConnectionReset(SocketChannelImpl.java:394) ~[?:?]
	at sun.nio.ch.SocketChannelImpl.read(SocketChannelImpl.java:426) ~[?:?]
	at io.netty.buffer.PooledByteBuf.setBytes(PooledByteBuf.java:253) ~[netty-buffer-4.1.69.Final.jar:4.1.69.Final]
	at io.netty.buffer.AbstractByteBuf.writeBytes(AbstractByteBuf.java:1132) ~[netty-buffer-4.1.69.Final.jar:4.1.69.Final]
	at io.netty.channel.socket.nio.NioSocketChannel.doReadBytes(NioSocketChannel.java:350) ~[netty-transport-4.1.69.Final.jar:4.1.69.Final]
	at io.netty.channel.nio.AbstractNioByteChannel$NioByteUnsafe.read(AbstractNioByteChannel.java:151) [netty-transport-4.1.69.Final.jar:4.1.69.Final]
	at io.netty.channel.nio.NioEventLoop.processSelectedKey(NioEventLoop.java:719) [netty-transport-4.1.69.Final.jar:4.1.69.Final]
	at io.netty.channel.nio.NioEventLoop.processSelectedKeysOptimized(NioEventLoop.java:655) [netty-transport-4.1.69.Final.jar:4.1.69.Final]
	at io.netty.channel.nio.NioEventLoop.processSelectedKeys(NioEventLoop.java:581) [netty-transport-4.1.69.Final.jar:4.1.69.Final]
	at io.netty.channel.nio.NioEventLoop.run(NioEventLoop.java:493) [netty-transport-4.1.69.Final.jar:4.1.69.Final]
	at io.netty.util.concurrent.SingleThreadEventExecutor$4.run(SingleThreadEventExecutor.java:986) [netty-common-4.1.69.Final.jar:4.1.69.Final]
	at io.netty.util.internal.ThreadExecutorMap$2.run(ThreadExecutorMap.java:74) [netty-common-4.1.69.Final.jar:4.1.69.Final]
	at io.netty.util.concurrent.FastThreadLocalRunnable.run(FastThreadLocalRunnable.java:30) [netty-common-4.1.69.Final.jar:4.1.69.Final]
	at java.lang.Thread.run(Thread.java:833) [?:?]
2023-01-18 14:01:00 INFO  SetUp - Browser Closed..
2023-01-18 14:01:00 INFO  SetUp - Test Case_VerifyCRMLogin_Successfully Started
2023-01-18 14:01:01 INFO  WebDriverManager - Using chromedriver 109.0.5414.74 (resolved driver for Chrome 109)
2023-01-18 14:01:01 INFO  WebDriverManager - Exporting webdriver.chrome.driver as C:\Users\akila\.cache\selenium\chromedriver\win32\109.0.5414.74\chromedriver.exe
2023-01-18 14:01:03 INFO  SetUp - Chrome Browser Launched..
2023-01-18 14:01:04 INFO  SetUp - URL : https://kmb.crmnext.com/sng7/app/login/login
2023-01-18 14:01:05 INFO  ScreenShot - ScreenShot captured LoginPage || Status :Pass
2023-01-18 14:01:05 INFO  CommonMethods - Sucessfully clicked on Username_XPATH
2023-01-18 14:01:05 INFO  CommonMethods - Data sucessfully entered on Username_XPATH = admin
2023-01-18 14:01:05 INFO  CommonMethods - Sucessfully clicked on password_XPATH
2023-01-18 14:01:05 INFO  CommonMethods - Data sucessfully entered on password_XPATH = acid_qa
2023-01-18 14:01:06 INFO  CommonMethods - Sucessfully clicked on loginBtn_XPATH
2023-01-18 14:02:06 INFO  ExtentReporterNG - Extent report Directory is created!
2023-01-18 14:02:07 INFO  Utils - [TestNG] Running:
  D:\Automation Frameworks\CRMMasterFramework\MasterFramework\src\test\resources\RunnerFiles\testng.xml

2023-01-18 14:02:07 INFO  SetUp - Test Case_VerifyCRMLogin_Successfully Started
2023-01-18 14:02:43 INFO  Utils - [TestNG] Running:
  D:\Automation Frameworks\CRMMasterFramework\MasterFramework\src\test\resources\RunnerFiles\testng.xml

2023-01-18 14:02:43 INFO  SetUp - Test Case_VerifyCRMLogin_Successfully Started
2023-01-18 14:02:44 INFO  WebDriverManager - Using chromedriver 109.0.5414.74 (resolved driver for Chrome 109)
2023-01-18 14:02:44 INFO  WebDriverManager - Exporting webdriver.chrome.driver as C:\Users\akila\.cache\selenium\chromedriver\win32\109.0.5414.74\chromedriver.exe
2023-01-18 14:02:47 INFO  SetUp - Chrome Browser Launched..
2023-01-18 14:02:49 INFO  SetUp - URL : https://kmb.crmnext.com/sng7/app/login/login
2023-01-18 14:02:49 INFO  ScreenShot - ScreenShot captured LoginPage || Status :Pass
2023-01-18 14:02:49 INFO  CommonMethods - Sucessfully clicked on Username_XPATH
2023-01-18 14:02:49 INFO  CommonMethods - Data sucessfully entered on Username_XPATH = admin
2023-01-18 14:02:50 INFO  CommonMethods - Sucessfully clicked on password_XPATH
2023-01-18 14:02:50 INFO  CommonMethods - Data sucessfully entered on password_XPATH = acid_qa
2023-01-18 14:02:50 INFO  CommonMethods - Sucessfully clicked on loginBtn_XPATH
2023-01-18 14:04:51 ERROR SetUp - VerifyCRMLogin Get Failed due to 
Expected condition failed: waiting for visibility of element located by By.xpath: //div[@class="header__item header__profile ht-3 mid relative pointer"]/a (tried for 60 second(s) with 500 milliseconds interval)
Build info: version: '4.1.0', revision: '87802e897b'
System info: host: 'AKILA', ip: '192.168.1.36', os.name: 'Windows 11', os.arch: 'amd64', os.version: '10.0', java.version: '17.0.3'
Driver info: org.openqa.selenium.chrome.ChromeDriver
Capabilities {acceptInsecureCerts: false, browserName: chrome, browserVersion: 109.0.5414.75, chrome: {chromedriverVersion: 109.0.5414.74 (e7c5703604da..., userDataDir: C:\Users\akila\AppData\Loca...}, goog:chromeOptions: {debuggerAddress: localhost:52637}, javascriptEnabled: true, networkConnectionEnabled: false, pageLoadStrategy: normal, platform: WINDOWS, platformName: WINDOWS, proxy: Proxy(), se:cdp: ws://localhost:52637/devtoo..., se:cdpVersion: 109.0.5414.75, setWindowRect: true, strictFileInteractability: false, timeouts: {implicit: 0, pageLoad: 300000, script: 30000}, unhandledPromptBehavior: dismiss and notify, webauthn:extension:credBlob: true, webauthn:extension:largeBlob: true, webauthn:virtualAuthenticators: true}
Session ID: 7572db1af2d505f1729f84075481f7a4
2023-01-18 14:04:51 INFO  ScreenShot - ScreenShot captured VerifyCRMLogin || Status :Fail
2023-01-18 14:04:51 INFO  CommonMethods - Row num for TestScenario = VerifyCRMLogin is = 1
2023-01-18 14:04:52 INFO  ExcelOperation - Write to excel with : Row=1 | Cell =6 | Data =Fail
2023-01-18 14:04:54 WARN  WebSocketHandler - onError
java.net.SocketException: Connection reset
	at sun.nio.ch.SocketChannelImpl.throwConnectionReset(SocketChannelImpl.java:394) ~[?:?]
	at sun.nio.ch.SocketChannelImpl.read(SocketChannelImpl.java:426) ~[?:?]
	at io.netty.buffer.PooledByteBuf.setBytes(PooledByteBuf.java:253) ~[netty-buffer-4.1.69.Final.jar:4.1.69.Final]
	at io.netty.buffer.AbstractByteBuf.writeBytes(AbstractByteBuf.java:1132) ~[netty-buffer-4.1.69.Final.jar:4.1.69.Final]
	at io.netty.channel.socket.nio.NioSocketChannel.doReadBytes(NioSocketChannel.java:350) ~[netty-transport-4.1.69.Final.jar:4.1.69.Final]
	at io.netty.channel.nio.AbstractNioByteChannel$NioByteUnsafe.read(AbstractNioByteChannel.java:151) [netty-transport-4.1.69.Final.jar:4.1.69.Final]
	at io.netty.channel.nio.NioEventLoop.processSelectedKey(NioEventLoop.java:719) [netty-transport-4.1.69.Final.jar:4.1.69.Final]
	at io.netty.channel.nio.NioEventLoop.processSelectedKeysOptimized(NioEventLoop.java:655) [netty-transport-4.1.69.Final.jar:4.1.69.Final]
	at io.netty.channel.nio.NioEventLoop.processSelectedKeys(NioEventLoop.java:581) [netty-transport-4.1.69.Final.jar:4.1.69.Final]
	at io.netty.channel.nio.NioEventLoop.run(NioEventLoop.java:493) [netty-transport-4.1.69.Final.jar:4.1.69.Final]
	at io.netty.util.concurrent.SingleThreadEventExecutor$4.run(SingleThreadEventExecutor.java:986) [netty-common-4.1.69.Final.jar:4.1.69.Final]
	at io.netty.util.internal.ThreadExecutorMap$2.run(ThreadExecutorMap.java:74) [netty-common-4.1.69.Final.jar:4.1.69.Final]
	at io.netty.util.concurrent.FastThreadLocalRunnable.run(FastThreadLocalRunnable.java:30) [netty-common-4.1.69.Final.jar:4.1.69.Final]
	at java.lang.Thread.run(Thread.java:833) [?:?]
2023-01-18 14:04:55 INFO  SetUp - Browser Closed..
2023-01-18 14:04:55 INFO  SetUp - Test Case_VerifyCRMLogin_Successfully Started
2023-01-18 14:04:56 INFO  WebDriverManager - Using chromedriver 109.0.5414.74 (resolved driver for Chrome 109)
2023-01-18 14:04:56 INFO  WebDriverManager - Exporting webdriver.chrome.driver as C:\Users\akila\.cache\selenium\chromedriver\win32\109.0.5414.74\chromedriver.exe
2023-01-18 14:04:58 INFO  SetUp - Chrome Browser Launched..
2023-01-18 14:04:59 INFO  SetUp - URL : https://kmb.crmnext.com/sng7/app/login/login
2023-01-18 14:05:00 INFO  ScreenShot - ScreenShot captured LoginPage || Status :Pass
2023-01-18 14:05:00 INFO  CommonMethods - Sucessfully clicked on Username_XPATH
2023-01-18 14:05:00 INFO  CommonMethods - Data sucessfully entered on Username_XPATH = admin
2023-01-18 14:05:00 INFO  CommonMethods - Sucessfully clicked on password_XPATH
2023-01-18 14:05:00 INFO  CommonMethods - Data sucessfully entered on password_XPATH = acid_qa
2023-01-18 14:05:01 INFO  CommonMethods - Sucessfully clicked on loginBtn_XPATH
2023-01-18 14:12:13 INFO  Utils - [TestNG] Running:
  D:\Automation Frameworks\CRMMasterFramework\MasterFramework\src\test\resources\RunnerFiles\testng.xml

2023-01-18 14:12:13 INFO  SetUp - Test Case_VerifyCRMLogin_Successfully Started
2023-01-18 14:12:14 INFO  WebDriverManager - Using chromedriver 109.0.5414.74 (resolved driver for Chrome 109)
2023-01-18 14:12:14 INFO  WebDriverManager - Exporting webdriver.chrome.driver as C:\Users\akila\.cache\selenium\chromedriver\win32\109.0.5414.74\chromedriver.exe
2023-01-18 14:12:17 INFO  SetUp - Chrome Browser Launched..
2023-01-18 14:12:19 INFO  SetUp - URL : https://kmb.crmnext.com/sng7/app/login/login
2023-01-18 14:12:19 INFO  ScreenShot - ScreenShot captured LoginPage || Status :Pass
2023-01-18 14:12:19 INFO  CommonMethods - Sucessfully clicked on Username_XPATH
2023-01-18 14:12:20 INFO  CommonMethods - Data sucessfully entered on Username_XPATH = admin
2023-01-18 14:12:20 INFO  CommonMethods - Sucessfully clicked on password_XPATH
2023-01-18 14:12:20 INFO  CommonMethods - Data sucessfully entered on password_XPATH = acid_123
2023-01-18 14:12:21 INFO  CommonMethods - Sucessfully clicked on loginBtn_XPATH
2023-01-18 14:13:21 INFO  Utils - [TestNG] Running:
  D:\Automation Frameworks\CRMMasterFramework\MasterFramework\src\test\resources\RunnerFiles\testng.xml

2023-01-18 14:13:21 INFO  SetUp - Test Case_VerifyCRMLogin_Successfully Started
2023-01-18 14:13:39 INFO  WebDriverManager - Using chromedriver 109.0.5414.74 (resolved driver for Chrome 109)
2023-01-18 14:13:39 INFO  WebDriverManager - Exporting webdriver.chrome.driver as C:\Users\akila\.cache\selenium\chromedriver\win32\109.0.5414.74\chromedriver.exe
2023-01-18 14:13:45 INFO  SetUp - Chrome Browser Launched..
2023-01-18 14:13:46 INFO  SetUp - URL : https://kmb.crmnext.com/sng7/app/login/login
2023-01-18 14:14:30 INFO  Utils - [TestNG] Running:
  D:\Automation Frameworks\CRMMasterFramework\MasterFramework\src\test\resources\RunnerFiles\testng.xml

2023-01-18 14:14:30 INFO  SetUp - Test Case_VerifyCRMLogin_Successfully Started
2023-01-18 14:14:38 INFO  WebDriverManager - Using chromedriver 109.0.5414.74 (resolved driver for Chrome 109)
2023-01-18 14:14:38 INFO  WebDriverManager - Exporting webdriver.chrome.driver as C:\Users\akila\.cache\selenium\chromedriver\win32\109.0.5414.74\chromedriver.exe
2023-01-18 14:14:45 INFO  SetUp - Chrome Browser Launched..
2023-01-18 14:14:47 INFO  SetUp - URL : https://crmmobileuat.kotak.com/sn/app/login/login
2023-01-18 14:14:48 INFO  ScreenShot - ScreenShot captured LoginPage || Status :Pass
2023-01-18 14:14:49 INFO  CommonMethods - Sucessfully clicked on Username_XPATH
2023-01-18 14:14:50 INFO  CommonMethods - Data sucessfully entered on Username_XPATH = admin
2023-01-18 14:14:50 INFO  CommonMethods - Sucessfully clicked on password_XPATH
2023-01-18 14:14:51 INFO  CommonMethods - Data sucessfully entered on password_XPATH = acid_123
2023-01-18 14:14:59 INFO  CommonMethods - Sucessfully clicked on loginBtn_XPATH
2023-01-18 14:15:00 INFO  CommonMethods - Sucessfully clicked on ProfileBtn_XPATH
2023-01-18 14:15:02 INFO  ExcelOperation - Write to excel with : Row=2 | Cell =6 | Data =Kotak Bank Admin
2023-01-18 14:15:08 INFO  CommonMethods - Sucessfully clicked on ProfileBtn_XPATH
2023-01-18 14:15:09 INFO  CommonMethods - Sucessfully clicked on ProfileBtn_XPATH
2023-01-18 14:15:13 INFO  CommonMethods - Sucessfully clicked on logoutBtn_XPATH
2023-01-18 14:15:13 INFO  LoginPage - Sucessfully logout..
2023-01-18 14:15:21 INFO  SetUp - Test Case_VerifyCRMLogin_Successfully Passed
2023-01-18 14:15:21 INFO  CommonMethods - Row num for TestScenario = VerifyCRMLogin is = 1
2023-01-18 14:15:22 INFO  ExcelOperation - Write to excel with : Row=1 | Cell =6 | Data =Pass
2023-01-18 14:15:24 WARN  WebSocketHandler - onError
java.net.SocketException: Connection reset
	at sun.nio.ch.SocketChannelImpl.throwConnectionReset(SocketChannelImpl.java:394) ~[?:?]
	at sun.nio.ch.SocketChannelImpl.read(SocketChannelImpl.java:426) ~[?:?]
	at io.netty.buffer.PooledByteBuf.setBytes(PooledByteBuf.java:253) ~[netty-buffer-4.1.69.Final.jar:4.1.69.Final]
	at io.netty.buffer.AbstractByteBuf.writeBytes(AbstractByteBuf.java:1132) ~[netty-buffer-4.1.69.Final.jar:4.1.69.Final]
	at io.netty.channel.socket.nio.NioSocketChannel.doReadBytes(NioSocketChannel.java:350) ~[netty-transport-4.1.69.Final.jar:4.1.69.Final]
	at io.netty.channel.nio.AbstractNioByteChannel$NioByteUnsafe.read(AbstractNioByteChannel.java:151) [netty-transport-4.1.69.Final.jar:4.1.69.Final]
	at io.netty.channel.nio.NioEventLoop.processSelectedKey(NioEventLoop.java:719) [netty-transport-4.1.69.Final.jar:4.1.69.Final]
	at io.netty.channel.nio.NioEventLoop.processSelectedKeysOptimized(NioEventLoop.java:655) [netty-transport-4.1.69.Final.jar:4.1.69.Final]
	at io.netty.channel.nio.NioEventLoop.processSelectedKeys(NioEventLoop.java:581) [netty-transport-4.1.69.Final.jar:4.1.69.Final]
	at io.netty.channel.nio.NioEventLoop.run(NioEventLoop.java:493) [netty-transport-4.1.69.Final.jar:4.1.69.Final]
	at io.netty.util.concurrent.SingleThreadEventExecutor$4.run(SingleThreadEventExecutor.java:986) [netty-common-4.1.69.Final.jar:4.1.69.Final]
	at io.netty.util.internal.ThreadExecutorMap$2.run(ThreadExecutorMap.java:74) [netty-common-4.1.69.Final.jar:4.1.69.Final]
	at io.netty.util.concurrent.FastThreadLocalRunnable.run(FastThreadLocalRunnable.java:30) [netty-common-4.1.69.Final.jar:4.1.69.Final]
	at java.lang.Thread.run(Thread.java:833) [?:?]
2023-01-18 14:15:25 INFO  SetUp - Browser Closed..
2023-01-18 14:15:25 INFO  SetUp - Test Case_VerifyCRMLogin_Successfully Started
2023-01-18 14:15:55 INFO  WebDriverManager - Using chromedriver 109.0.5414.74 (resolved driver for Chrome 109)
2023-01-18 14:15:55 INFO  WebDriverManager - Exporting webdriver.chrome.driver as C:\Users\akila\.cache\selenium\chromedriver\win32\109.0.5414.74\chromedriver.exe
2023-01-18 14:15:57 INFO  SetUp - Chrome Browser Launched..
2023-01-18 14:16:14 INFO  SetUp - URL : https://crmmobileuat.kotak.com/sn/app/login/login
2023-01-18 14:16:15 INFO  ScreenShot - ScreenShot captured LoginPage || Status :Pass
2023-01-18 14:16:16 INFO  CommonMethods - Sucessfully clicked on Username_XPATH
2023-01-18 14:16:16 INFO  CommonMethods - Data sucessfully entered on Username_XPATH = admin
2023-01-18 14:16:17 INFO  CommonMethods - Sucessfully clicked on password_XPATH
2023-01-18 14:16:17 INFO  CommonMethods - Data sucessfully entered on password_XPATH = acid_123
2023-01-18 14:16:40 INFO  CommonMethods - Sucessfully clicked on loginBtn_XPATH
2023-01-18 14:16:42 INFO  CommonMethods - Sucessfully clicked on ProfileBtn_XPATH
2023-01-18 14:16:43 INFO  ExcelOperation - Write to excel with : Row=3 | Cell =6 | Data =Kotak Bank Admin
2023-01-18 14:16:46 INFO  CommonMethods - Sucessfully clicked on ProfileBtn_XPATH
2023-01-18 14:16:48 INFO  CommonMethods - Sucessfully clicked on ProfileBtn_XPATH
2023-01-18 14:16:51 INFO  CommonMethods - Sucessfully clicked on logoutBtn_XPATH
2023-01-18 14:16:51 INFO  LoginPage - Sucessfully logout..
