2022-12-12 10:37:15 INFO  ExtentReporterNG - Extent report Directory is created!
2022-12-12 10:37:16 INFO  Utils - [TestNG] Running:
  C:\Users\akila\OneDrive\Desktop\Automation Frameworks\CRMMasterFramework\MasterFramework\src\test\resources\RunnerFiles\testng.xml

2022-12-12 10:37:16 INFO  SetUp - Test Case_VerifyCRMLogin_Successfully Started
2022-12-12 10:37:25 INFO  WebDriverManager - Using chromedriver 108.0.5359.71 (resolved driver for Chrome 108)
2022-12-12 10:37:25 INFO  WebDriverManager - Exporting webdriver.chrome.driver as C:\Users\akila\.cache\selenium\chromedriver\win32\108.0.5359.71\chromedriver.exe
2022-12-12 10:37:28 INFO  SetUp - Chrome Browser Launched..
2022-12-12 10:37:30 INFO  SetUp - URL : https://kmb.crmnext.com/sng7/app/login/login
2022-12-12 10:37:31 INFO  ScreenShot - ScreenShot captured LoginPage || Status :Pass
2022-12-12 10:37:31 INFO  CommonMethods - Sucessfully clicked on Username_XPATH
2022-12-12 10:37:31 INFO  CommonMethods - Data sucessfully entered on Username_XPATH = admin
2022-12-12 10:37:31 INFO  CommonMethods - Sucessfully clicked on password_XPATH
2022-12-12 10:37:31 INFO  CommonMethods - Data sucessfully entered on password_XPATH = acid_qa
2022-12-12 10:37:35 INFO  CommonMethods - Sucessfully clicked on loginBtn_XPATH
2022-12-12 10:37:36 INFO  CommonMethods - Sucessfully clicked on ProfileBtn_XPATH
2022-12-12 10:37:36 INFO  CommonMethods - Sucessfully clicked on logoutBtn_XPATH
2022-12-12 10:37:36 INFO  LoginPage - Sucessfully logout..
2022-12-12 10:37:37 INFO  SetUp - Test Case_VerifyCRMLogin_Successfully Passed
2022-12-12 10:37:37 INFO  CommonMethods - Row num for TestScenario = VerifyCRMLogin is = 1
2022-12-12 10:37:38 INFO  ExcelOperation - Write to excel with : Row=1 | Cell =5 | Data =Pass
2022-12-12 10:37:41 WARN  WebSocketHandler - onError
java.net.SocketException: Connection reset
	at sun.nio.ch.SocketChannelImpl.throwConnectionReset(SocketChannelImpl.java:394) ~[?:?]
	at sun.nio.ch.SocketChannelImpl.read(SocketChannelImpl.java:426) ~[?:?]
	at io.netty.buffer.PooledByteBuf.setBytes(PooledByteBuf.java:253) ~[netty-buffer-4.1.69.Final.jar:4.1.69.Final]
	at io.netty.buffer.AbstractByteBuf.writeBytes(AbstractByteBuf.java:1132) ~[netty-buffer-4.1.69.Final.jar:4.1.69.Final]
	at io.netty.channel.socket.nio.NioSocketChannel.doReadBytes(NioSocketChannel.java:350) ~[netty-transport-4.1.69.Final.jar:4.1.69.Final]
	at io.netty.channel.nio.AbstractNioByteChannel$NioByteUnsafe.read(AbstractNioByteChannel.java:151) [netty-transport-4.1.69.Final.jar:4.1.69.Final]
	at io.netty.channel.nio.NioEventLoop.processSelectedKey(NioEventLoop.java:719) [netty-transport-4.1.69.Final.jar:4.1.69.Final]
	at io.netty.channel.nio.NioEventLoop.processSelectedKeysOptimized(NioEventLoop.java:655) [netty-transport-4.1.69.Final.jar:4.1.69.Final]
	at io.netty.channel.nio.NioEventLoop.processSelectedKeys(NioEventLoop.java:581) [netty-transport-4.1.69.Final.jar:4.1.69.Final]
	at io.netty.channel.nio.NioEventLoop.run(NioEventLoop.java:493) [netty-transport-4.1.69.Final.jar:4.1.69.Final]
	at io.netty.util.concurrent.SingleThreadEventExecutor$4.run(SingleThreadEventExecutor.java:986) [netty-common-4.1.69.Final.jar:4.1.69.Final]
	at io.netty.util.internal.ThreadExecutorMap$2.run(ThreadExecutorMap.java:74) [netty-common-4.1.69.Final.jar:4.1.69.Final]
	at io.netty.util.concurrent.FastThreadLocalRunnable.run(FastThreadLocalRunnable.java:30) [netty-common-4.1.69.Final.jar:4.1.69.Final]
	at java.lang.Thread.run(Thread.java:833) [?:?]
2022-12-12 10:37:42 INFO  SetUp - Browser Closed..
2022-12-12 10:37:42 INFO  SetUp - Test Case_VerifyCRMLogin_Successfully Started
2022-12-12 10:37:42 INFO  WebDriverManager - Using chromedriver 108.0.5359.71 (resolved driver for Chrome 108)
2022-12-12 10:37:42 INFO  WebDriverManager - Exporting webdriver.chrome.driver as C:\Users\akila\.cache\selenium\chromedriver\win32\108.0.5359.71\chromedriver.exe
2022-12-12 10:37:45 INFO  SetUp - Chrome Browser Launched..
2022-12-12 10:37:46 INFO  SetUp - URL : https://kmb.crmnext.com/sng7/app/login/login
2022-12-12 10:37:47 INFO  ScreenShot - ScreenShot captured LoginPage || Status :Pass
2022-12-12 10:37:47 INFO  CommonMethods - Sucessfully clicked on Username_XPATH
2022-12-12 10:37:47 INFO  CommonMethods - Data sucessfully entered on Username_XPATH = admin3
2022-12-12 10:37:48 INFO  CommonMethods - Sucessfully clicked on password_XPATH
2022-12-12 10:37:48 INFO  CommonMethods - Data sucessfully entered on password_XPATH = acid_qa
2022-12-12 10:37:49 INFO  CommonMethods - Sucessfully clicked on loginBtn_XPATH
2022-12-12 10:38:49 ERROR SetUp - VerifyCRMLogin Get Failed due to 
Expected condition failed: waiting for visibility of element located by By.xpath: //div[@class="header__item header__profile ht-3 mid relative pointer"]/a (tried for 60 second(s) with 500 milliseconds interval)
Build info: version: '4.1.0', revision: '87802e897b'
System info: host: 'AKILA', ip: '192.168.1.36', os.name: 'Windows 11', os.arch: 'amd64', os.version: '10.0', java.version: '17.0.3'
Driver info: org.openqa.selenium.chrome.ChromeDriver
Capabilities {acceptInsecureCerts: false, browserName: chrome, browserVersion: 108.0.5359.99, chrome: {chromedriverVersion: 108.0.5359.71 (1e0e3868ee06..., userDataDir: C:\Users\akila\AppData\Loca...}, goog:chromeOptions: {debuggerAddress: localhost:52500}, javascriptEnabled: true, networkConnectionEnabled: false, pageLoadStrategy: normal, platform: WINDOWS, platformName: WINDOWS, proxy: Proxy(), se:cdp: ws://localhost:52500/devtoo..., se:cdpVersion: 108.0.5359.99, setWindowRect: true, strictFileInteractability: false, timeouts: {implicit: 0, pageLoad: 300000, script: 30000}, unhandledPromptBehavior: dismiss and notify, webauthn:extension:credBlob: true, webauthn:extension:largeBlob: true, webauthn:virtualAuthenticators: true}
Session ID: 2aa11f4c13e614b3452d505dc319d822
2022-12-12 10:38:49 INFO  ScreenShot - ScreenShot captured VerifyCRMLogin || Status :Fail
2022-12-12 10:38:50 INFO  CommonMethods - Row num for TestScenario = VerifyCRMLogin is = 1
2022-12-12 10:38:51 INFO  ExcelOperation - Write to excel with : Row=1 | Cell =5 | Data =Fail
2022-12-12 10:38:53 WARN  WebSocketHandler - onError
java.net.SocketException: Connection reset
	at sun.nio.ch.SocketChannelImpl.throwConnectionReset(SocketChannelImpl.java:394) ~[?:?]
	at sun.nio.ch.SocketChannelImpl.read(SocketChannelImpl.java:426) ~[?:?]
	at io.netty.buffer.PooledByteBuf.setBytes(PooledByteBuf.java:253) ~[netty-buffer-4.1.69.Final.jar:4.1.69.Final]
	at io.netty.buffer.AbstractByteBuf.writeBytes(AbstractByteBuf.java:1132) ~[netty-buffer-4.1.69.Final.jar:4.1.69.Final]
	at io.netty.channel.socket.nio.NioSocketChannel.doReadBytes(NioSocketChannel.java:350) ~[netty-transport-4.1.69.Final.jar:4.1.69.Final]
	at io.netty.channel.nio.AbstractNioByteChannel$NioByteUnsafe.read(AbstractNioByteChannel.java:151) [netty-transport-4.1.69.Final.jar:4.1.69.Final]
	at io.netty.channel.nio.NioEventLoop.processSelectedKey(NioEventLoop.java:719) [netty-transport-4.1.69.Final.jar:4.1.69.Final]
	at io.netty.channel.nio.NioEventLoop.processSelectedKeysOptimized(NioEventLoop.java:655) [netty-transport-4.1.69.Final.jar:4.1.69.Final]
	at io.netty.channel.nio.NioEventLoop.processSelectedKeys(NioEventLoop.java:581) [netty-transport-4.1.69.Final.jar:4.1.69.Final]
	at io.netty.channel.nio.NioEventLoop.run(NioEventLoop.java:493) [netty-transport-4.1.69.Final.jar:4.1.69.Final]
	at io.netty.util.concurrent.SingleThreadEventExecutor$4.run(SingleThreadEventExecutor.java:986) [netty-common-4.1.69.Final.jar:4.1.69.Final]
	at io.netty.util.internal.ThreadExecutorMap$2.run(ThreadExecutorMap.java:74) [netty-common-4.1.69.Final.jar:4.1.69.Final]
	at io.netty.util.concurrent.FastThreadLocalRunnable.run(FastThreadLocalRunnable.java:30) [netty-common-4.1.69.Final.jar:4.1.69.Final]
	at java.lang.Thread.run(Thread.java:833) [?:?]
2022-12-12 10:38:54 INFO  SetUp - Browser Closed..
2022-12-12 10:38:54 INFO  SetUp - Test Case_Login_Successfully Started
2022-12-12 10:38:55 INFO  WebDriverManager - Using chromedriver 108.0.5359.71 (resolved driver for Chrome 108)
2022-12-12 10:38:55 INFO  WebDriverManager - Exporting webdriver.chrome.driver as C:\Users\akila\.cache\selenium\chromedriver\win32\108.0.5359.71\chromedriver.exe
2022-12-12 10:38:56 INFO  SetUp - Chrome Browser Launched..
2022-12-12 10:38:58 INFO  SetUp - URL : https://kmb.crmnext.com/sng7/app/login/login
2022-12-12 10:38:59 INFO  ScreenShot - ScreenShot captured LoginPage || Status :Pass
2022-12-12 10:38:59 INFO  CommonMethods - Sucessfully clicked on Username_XPATH
2022-12-12 10:38:59 INFO  CommonMethods - Data sucessfully entered on Username_XPATH = admin
2022-12-12 10:38:59 INFO  CommonMethods - Sucessfully clicked on password_XPATH
2022-12-12 10:38:59 INFO  CommonMethods - Data sucessfully entered on password_XPATH = acid_qa
2022-12-12 10:39:02 INFO  CommonMethods - Sucessfully clicked on loginBtn_XPATH
2022-12-12 10:39:02 INFO  CommonMethods - Sucessfully clicked on ProfileBtn_XPATH
2022-12-12 10:39:03 INFO  CommonMethods - Sucessfully clicked on logoutBtn_XPATH
2022-12-12 10:39:03 INFO  LoginPage - Sucessfully logout..
2022-12-12 10:39:03 INFO  SetUp - Test Case_Login_Successfully Passed
2022-12-12 10:39:04 INFO  CommonMethods - Row num for TestScenario = Login is = 2
2022-12-12 10:39:05 INFO  ExcelOperation - Write to excel with : Row=2 | Cell =5 | Data =Pass
2022-12-12 10:39:06 WARN  WebSocketHandler - onError
java.net.SocketException: Connection reset
	at sun.nio.ch.SocketChannelImpl.throwConnectionReset(SocketChannelImpl.java:394) ~[?:?]
	at sun.nio.ch.SocketChannelImpl.read(SocketChannelImpl.java:426) ~[?:?]
	at io.netty.buffer.PooledByteBuf.setBytes(PooledByteBuf.java:253) ~[netty-buffer-4.1.69.Final.jar:4.1.69.Final]
	at io.netty.buffer.AbstractByteBuf.writeBytes(AbstractByteBuf.java:1132) ~[netty-buffer-4.1.69.Final.jar:4.1.69.Final]
	at io.netty.channel.socket.nio.NioSocketChannel.doReadBytes(NioSocketChannel.java:350) ~[netty-transport-4.1.69.Final.jar:4.1.69.Final]
	at io.netty.channel.nio.AbstractNioByteChannel$NioByteUnsafe.read(AbstractNioByteChannel.java:151) [netty-transport-4.1.69.Final.jar:4.1.69.Final]
	at io.netty.channel.nio.NioEventLoop.processSelectedKey(NioEventLoop.java:719) [netty-transport-4.1.69.Final.jar:4.1.69.Final]
	at io.netty.channel.nio.NioEventLoop.processSelectedKeysOptimized(NioEventLoop.java:655) [netty-transport-4.1.69.Final.jar:4.1.69.Final]
	at io.netty.channel.nio.NioEventLoop.processSelectedKeys(NioEventLoop.java:581) [netty-transport-4.1.69.Final.jar:4.1.69.Final]
	at io.netty.channel.nio.NioEventLoop.run(NioEventLoop.java:493) [netty-transport-4.1.69.Final.jar:4.1.69.Final]
	at io.netty.util.concurrent.SingleThreadEventExecutor$4.run(SingleThreadEventExecutor.java:986) [netty-common-4.1.69.Final.jar:4.1.69.Final]
	at io.netty.util.internal.ThreadExecutorMap$2.run(ThreadExecutorMap.java:74) [netty-common-4.1.69.Final.jar:4.1.69.Final]
	at io.netty.util.concurrent.FastThreadLocalRunnable.run(FastThreadLocalRunnable.java:30) [netty-common-4.1.69.Final.jar:4.1.69.Final]
	at java.lang.Thread.run(Thread.java:833) [?:?]
2022-12-12 10:39:07 INFO  SetUp - Browser Closed..
2022-12-12 10:39:07 INFO  SetUp - Test Case_Login_Successfully Started
2022-12-12 10:39:07 INFO  WebDriverManager - Using chromedriver 108.0.5359.71 (resolved driver for Chrome 108)
2022-12-12 10:39:07 INFO  WebDriverManager - Exporting webdriver.chrome.driver as C:\Users\akila\.cache\selenium\chromedriver\win32\108.0.5359.71\chromedriver.exe
2022-12-12 10:39:09 INFO  SetUp - Chrome Browser Launched..
2022-12-12 10:39:10 INFO  SetUp - URL : https://kmb.crmnext.com/sng7/app/login/login
2022-12-12 10:39:11 INFO  ScreenShot - ScreenShot captured LoginPage || Status :Pass
2022-12-12 10:39:11 INFO  CommonMethods - Sucessfully clicked on Username_XPATH
2022-12-12 10:39:11 INFO  CommonMethods - Data sucessfully entered on Username_XPATH = admin3
2022-12-12 10:39:11 INFO  CommonMethods - Sucessfully clicked on password_XPATH
2022-12-12 10:39:11 INFO  CommonMethods - Data sucessfully entered on password_XPATH = acid_qa
2022-12-12 10:39:12 INFO  CommonMethods - Sucessfully clicked on loginBtn_XPATH
2022-12-12 10:40:12 ERROR SetUp - Login Get Failed due to 
Expected condition failed: waiting for visibility of element located by By.xpath: //div[@class="header__item header__profile ht-3 mid relative pointer"]/a (tried for 60 second(s) with 500 milliseconds interval)
Build info: version: '4.1.0', revision: '87802e897b'
System info: host: 'AKILA', ip: '192.168.1.36', os.name: 'Windows 11', os.arch: 'amd64', os.version: '10.0', java.version: '17.0.3'
Driver info: org.openqa.selenium.chrome.ChromeDriver
Capabilities {acceptInsecureCerts: false, browserName: chrome, browserVersion: 108.0.5359.99, chrome: {chromedriverVersion: 108.0.5359.71 (1e0e3868ee06..., userDataDir: C:\Users\akila\AppData\Loca...}, goog:chromeOptions: {debuggerAddress: localhost:52572}, javascriptEnabled: true, networkConnectionEnabled: false, pageLoadStrategy: normal, platform: WINDOWS, platformName: WINDOWS, proxy: Proxy(), se:cdp: ws://localhost:52572/devtoo..., se:cdpVersion: 108.0.5359.99, setWindowRect: true, strictFileInteractability: false, timeouts: {implicit: 0, pageLoad: 300000, script: 30000}, unhandledPromptBehavior: dismiss and notify, webauthn:extension:credBlob: true, webauthn:extension:largeBlob: true, webauthn:virtualAuthenticators: true}
Session ID: 204fe370f28335136e231f50f60e6f2b
2022-12-12 10:40:12 INFO  ScreenShot - ScreenShot captured Login || Status :Fail
2022-12-12 10:40:13 INFO  CommonMethods - Row num for TestScenario = Login is = 2
2022-12-12 10:40:14 INFO  ExcelOperation - Write to excel with : Row=2 | Cell =5 | Data =Fail
2022-12-12 10:40:15 WARN  WebSocketHandler - onError
java.net.SocketException: Connection reset
	at sun.nio.ch.SocketChannelImpl.throwConnectionReset(SocketChannelImpl.java:394) ~[?:?]
	at sun.nio.ch.SocketChannelImpl.read(SocketChannelImpl.java:426) ~[?:?]
	at io.netty.buffer.PooledByteBuf.setBytes(PooledByteBuf.java:253) ~[netty-buffer-4.1.69.Final.jar:4.1.69.Final]
	at io.netty.buffer.AbstractByteBuf.writeBytes(AbstractByteBuf.java:1132) ~[netty-buffer-4.1.69.Final.jar:4.1.69.Final]
	at io.netty.channel.socket.nio.NioSocketChannel.doReadBytes(NioSocketChannel.java:350) ~[netty-transport-4.1.69.Final.jar:4.1.69.Final]
	at io.netty.channel.nio.AbstractNioByteChannel$NioByteUnsafe.read(AbstractNioByteChannel.java:151) [netty-transport-4.1.69.Final.jar:4.1.69.Final]
	at io.netty.channel.nio.NioEventLoop.processSelectedKey(NioEventLoop.java:719) [netty-transport-4.1.69.Final.jar:4.1.69.Final]
	at io.netty.channel.nio.NioEventLoop.processSelectedKeysOptimized(NioEventLoop.java:655) [netty-transport-4.1.69.Final.jar:4.1.69.Final]
	at io.netty.channel.nio.NioEventLoop.processSelectedKeys(NioEventLoop.java:581) [netty-transport-4.1.69.Final.jar:4.1.69.Final]
	at io.netty.channel.nio.NioEventLoop.run(NioEventLoop.java:493) [netty-transport-4.1.69.Final.jar:4.1.69.Final]
	at io.netty.util.concurrent.SingleThreadEventExecutor$4.run(SingleThreadEventExecutor.java:986) [netty-common-4.1.69.Final.jar:4.1.69.Final]
	at io.netty.util.internal.ThreadExecutorMap$2.run(ThreadExecutorMap.java:74) [netty-common-4.1.69.Final.jar:4.1.69.Final]
	at io.netty.util.concurrent.FastThreadLocalRunnable.run(FastThreadLocalRunnable.java:30) [netty-common-4.1.69.Final.jar:4.1.69.Final]
	at java.lang.Thread.run(Thread.java:833) [?:?]
2022-12-12 10:40:16 INFO  SetUp - Browser Closed..
2022-12-12 10:40:19 INFO  CommonMethods - Test Report Mail sent successfully to akila.raguram@crmnext.com
2022-12-12 12:04:27 INFO  ExtentReporterNG - Extent report Directory is created!
2022-12-12 12:04:27 INFO  Utils - [TestNG] Running:
  C:\Users\akila\OneDrive\Desktop\Automation Frameworks\CRMMasterFramework\MasterFramework\src\test\resources\RunnerFiles\testng.xml

2022-12-12 12:04:41 INFO  SetUp - Test Case_VerifyCRMLogin_Successfully Started
2022-12-12 12:04:42 INFO  WebDriverManager - Using chromedriver 108.0.5359.71 (resolved driver for Chrome 108)
2022-12-12 12:04:42 INFO  WebDriverManager - Exporting webdriver.chrome.driver as C:\Users\akila\.cache\selenium\chromedriver\win32\108.0.5359.71\chromedriver.exe
2022-12-12 12:04:46 INFO  SetUp - Chrome Browser Launched..
2022-12-12 12:04:48 INFO  SetUp - URL : https://kmb.crmnext.com/sng7/app/login/login
2022-12-12 12:04:59 INFO  ScreenShot - ScreenShot captured LoginPage || Status :Pass
2022-12-12 12:04:59 INFO  CommonMethods - Sucessfully clicked on Username_XPATH
2022-12-12 12:04:59 INFO  CommonMethods - Data sucessfully entered on Username_XPATH = admin3
2022-12-12 12:04:59 INFO  CommonMethods - Sucessfully clicked on password_XPATH
2022-12-12 12:05:00 INFO  CommonMethods - Data sucessfully entered on password_XPATH = acid_qa
2022-12-12 12:05:01 INFO  CommonMethods - Sucessfully clicked on loginBtn_XPATH
2022-12-12 12:07:10 INFO  Utils - [TestNG] Running:
  C:\Users\akila\OneDrive\Desktop\Automation Frameworks\CRMMasterFramework\MasterFramework\src\test\resources\RunnerFiles\testng.xml

2022-12-12 12:07:10 INFO  SetUp - Test Case_VerifyCRMLogin_Successfully Started
2022-12-12 12:07:11 INFO  WebDriverManager - Using chromedriver 108.0.5359.71 (resolved driver for Chrome 108)
2022-12-12 12:07:11 INFO  WebDriverManager - Exporting webdriver.chrome.driver as C:\Users\akila\.cache\selenium\chromedriver\win32\108.0.5359.71\chromedriver.exe
2022-12-12 12:07:14 INFO  SetUp - Chrome Browser Launched..
2022-12-12 12:07:16 INFO  SetUp - URL : https://kmb.crmnext.com/sng7/app/login/login
2022-12-12 12:07:17 INFO  ScreenShot - ScreenShot captured LoginPage || Status :Pass
2022-12-12 12:07:17 INFO  CommonMethods - Sucessfully clicked on Username_XPATH
2022-12-12 12:07:17 INFO  CommonMethods - Data sucessfully entered on Username_XPATH = admin
2022-12-12 12:07:17 INFO  CommonMethods - Sucessfully clicked on password_XPATH
2022-12-12 12:07:17 INFO  CommonMethods - Data sucessfully entered on password_XPATH = acid_qa
2022-12-12 12:07:22 INFO  CommonMethods - Sucessfully clicked on loginBtn_XPATH
2022-12-12 12:10:16 INFO  Utils - [TestNG] Running:
  C:\Users\akila\OneDrive\Desktop\Automation Frameworks\CRMMasterFramework\MasterFramework\src\test\resources\RunnerFiles\testng.xml

2022-12-12 12:10:16 INFO  SetUp - Test Case_VerifyCRMLogin_Successfully Started
2022-12-12 12:10:17 INFO  WebDriverManager - Using chromedriver 108.0.5359.71 (resolved driver for Chrome 108)
2022-12-12 12:10:17 INFO  WebDriverManager - Exporting webdriver.chrome.driver as C:\Users\akila\.cache\selenium\chromedriver\win32\108.0.5359.71\chromedriver.exe
2022-12-12 12:10:21 INFO  SetUp - Chrome Browser Launched..
2022-12-12 12:10:23 INFO  SetUp - URL : https://kmb.crmnext.com/sng7/app/login/login
2022-12-12 12:10:23 INFO  ScreenShot - ScreenShot captured LoginPage || Status :Pass
2022-12-12 12:10:23 INFO  CommonMethods - Sucessfully clicked on Username_XPATH
2022-12-12 12:10:23 INFO  CommonMethods - Data sucessfully entered on Username_XPATH = admin
2022-12-12 12:10:24 INFO  CommonMethods - Sucessfully clicked on password_XPATH
2022-12-12 12:10:24 INFO  CommonMethods - Data sucessfully entered on password_XPATH = acid_qa
2022-12-12 12:10:28 INFO  CommonMethods - Sucessfully clicked on loginBtn_XPATH
2022-12-12 12:10:53 INFO  CommonMethods - Sucessfully clicked on ProfileBtn_XPATH
2022-12-12 12:10:56 INFO  CommonMethods - Sucessfully clicked on logoutBtn_XPATH
2022-12-12 12:10:56 INFO  LoginPage - Sucessfully logout..
2022-12-12 12:10:56 INFO  SetUp - Test Case_VerifyCRMLogin_Successfully Passed
2022-12-12 12:10:56 INFO  CommonMethods - Row num for TestScenario = VerifyCRMLogin is = 1
2022-12-12 12:10:57 INFO  ExcelOperation - Write to excel with : Row=1 | Cell =5 | Data =Pass
2022-12-12 12:10:59 WARN  WebSocketHandler - onError
java.net.SocketException: Connection reset
	at sun.nio.ch.SocketChannelImpl.throwConnectionReset(SocketChannelImpl.java:394) ~[?:?]
	at sun.nio.ch.SocketChannelImpl.read(SocketChannelImpl.java:426) ~[?:?]
	at io.netty.buffer.PooledByteBuf.setBytes(PooledByteBuf.java:253) ~[netty-buffer-4.1.69.Final.jar:4.1.69.Final]
	at io.netty.buffer.AbstractByteBuf.writeBytes(AbstractByteBuf.java:1132) ~[netty-buffer-4.1.69.Final.jar:4.1.69.Final]
	at io.netty.channel.socket.nio.NioSocketChannel.doReadBytes(NioSocketChannel.java:350) ~[netty-transport-4.1.69.Final.jar:4.1.69.Final]
	at io.netty.channel.nio.AbstractNioByteChannel$NioByteUnsafe.read(AbstractNioByteChannel.java:151) [netty-transport-4.1.69.Final.jar:4.1.69.Final]
	at io.netty.channel.nio.NioEventLoop.processSelectedKey(NioEventLoop.java:719) [netty-transport-4.1.69.Final.jar:4.1.69.Final]
	at io.netty.channel.nio.NioEventLoop.processSelectedKeysOptimized(NioEventLoop.java:655) [netty-transport-4.1.69.Final.jar:4.1.69.Final]
	at io.netty.channel.nio.NioEventLoop.processSelectedKeys(NioEventLoop.java:581) [netty-transport-4.1.69.Final.jar:4.1.69.Final]
	at io.netty.channel.nio.NioEventLoop.run(NioEventLoop.java:493) [netty-transport-4.1.69.Final.jar:4.1.69.Final]
	at io.netty.util.concurrent.SingleThreadEventExecutor$4.run(SingleThreadEventExecutor.java:986) [netty-common-4.1.69.Final.jar:4.1.69.Final]
	at io.netty.util.internal.ThreadExecutorMap$2.run(ThreadExecutorMap.java:74) [netty-common-4.1.69.Final.jar:4.1.69.Final]
	at io.netty.util.concurrent.FastThreadLocalRunnable.run(FastThreadLocalRunnable.java:30) [netty-common-4.1.69.Final.jar:4.1.69.Final]
	at java.lang.Thread.run(Thread.java:833) [?:?]
2022-12-12 12:10:59 INFO  SetUp - Browser Closed..
2022-12-12 12:11:00 INFO  SetUp - Test Case_Login_Successfully Started
2022-12-12 12:11:00 INFO  SetUp - Test Case_Login_get Skipped as its Runmode is 'NO' 
2022-12-12 12:11:01 INFO  SetUp - Test Case_Login_Successfully Started
2022-12-12 12:11:01 INFO  SetUp - Test Case_Login_get Skipped as its Runmode is 'NO' 
2022-12-12 12:11:03 INFO  CommonMethods - Test Report Mail sent successfully to akila.raguram@crmnext.com
2022-12-12 12:12:13 INFO  Utils - [TestNG] Running:
  C:\Users\akila\OneDrive\Desktop\Automation Frameworks\CRMMasterFramework\MasterFramework\src\test\resources\RunnerFiles\testng.xml

2022-12-12 12:12:14 INFO  SetUp - Test Case_VerifyCRMLogin_Successfully Started
2022-12-12 12:12:15 INFO  WebDriverManager - Using chromedriver 108.0.5359.71 (resolved driver for Chrome 108)
2022-12-12 12:12:15 INFO  WebDriverManager - Exporting webdriver.chrome.driver as C:\Users\akila\.cache\selenium\chromedriver\win32\108.0.5359.71\chromedriver.exe
2022-12-12 12:12:18 INFO  SetUp - Chrome Browser Launched..
2022-12-12 12:12:20 INFO  SetUp - URL : https://kmb.crmnext.com/sng7/app/login/login
2022-12-12 12:12:20 INFO  ScreenShot - ScreenShot captured LoginPage || Status :Pass
2022-12-12 12:12:21 INFO  CommonMethods - Sucessfully clicked on Username_XPATH
2022-12-12 12:12:21 INFO  CommonMethods - Data sucessfully entered on Username_XPATH = admin
2022-12-12 12:12:21 INFO  CommonMethods - Sucessfully clicked on password_XPATH
2022-12-12 12:12:21 INFO  CommonMethods - Data sucessfully entered on password_XPATH = acid_qa
2022-12-12 12:12:25 INFO  CommonMethods - Sucessfully clicked on loginBtn_XPATH
2022-12-12 12:12:25 INFO  CommonMethods - Sucessfully clicked on ProfileBtn_XPATH
2022-12-12 12:22:02 INFO  Utils - [TestNG] Running:
  C:\Users\akila\OneDrive\Desktop\Automation Frameworks\CRMMasterFramework\MasterFramework\src\test\resources\RunnerFiles\testng.xml

2022-12-12 12:22:02 INFO  SetUp - Test Case_VerifyCRMLogin_Successfully Started
2022-12-12 12:22:03 INFO  WebDriverManager - Using chromedriver 108.0.5359.71 (resolved driver for Chrome 108)
2022-12-12 12:22:03 INFO  WebDriverManager - Exporting webdriver.chrome.driver as C:\Users\akila\.cache\selenium\chromedriver\win32\108.0.5359.71\chromedriver.exe
2022-12-12 12:22:07 INFO  SetUp - Chrome Browser Launched..
2022-12-12 12:22:09 INFO  SetUp - URL : https://kmb.crmnext.com/sng7/app/login/login
2022-12-12 12:22:10 INFO  ScreenShot - ScreenShot captured LoginPage || Status :Pass
2022-12-12 12:22:10 INFO  CommonMethods - Sucessfully clicked on Username_XPATH
2022-12-12 12:22:10 INFO  CommonMethods - Data sucessfully entered on Username_XPATH = admin
2022-12-12 12:22:10 INFO  CommonMethods - Sucessfully clicked on password_XPATH
2022-12-12 12:22:10 INFO  CommonMethods - Data sucessfully entered on password_XPATH = acid_qa
2022-12-12 12:22:16 INFO  CommonMethods - Sucessfully clicked on loginBtn_XPATH
2022-12-12 12:22:16 INFO  CommonMethods - Sucessfully clicked on ProfileBtn_XPATH
2022-12-12 12:36:16 INFO  CommonMethods - Sucessfully clicked on ProfileBtn_XPATH
2022-12-12 12:37:59 INFO  Utils - [TestNG] Running:
  C:\Users\akila\OneDrive\Desktop\Automation Frameworks\CRMMasterFramework\MasterFramework\src\test\resources\RunnerFiles\testng.xml

2022-12-12 12:37:59 INFO  SetUp - Test Case_VerifyCRMLogin_Successfully Started
2022-12-12 12:38:00 INFO  WebDriverManager - Using chromedriver 108.0.5359.71 (resolved driver for Chrome 108)
2022-12-12 12:38:00 INFO  WebDriverManager - Exporting webdriver.chrome.driver as C:\Users\akila\.cache\selenium\chromedriver\win32\108.0.5359.71\chromedriver.exe
2022-12-12 12:38:03 INFO  SetUp - Chrome Browser Launched..
2022-12-12 12:38:08 INFO  SetUp - URL : https://kmb.crmnext.com/sng7/app/login/login
2022-12-12 12:38:09 INFO  ScreenShot - ScreenShot captured LoginPage || Status :Pass
2022-12-12 12:38:09 INFO  CommonMethods - Sucessfully clicked on Username_XPATH
2022-12-12 12:38:09 INFO  CommonMethods - Data sucessfully entered on Username_XPATH = admin
2022-12-12 12:38:09 INFO  CommonMethods - Sucessfully clicked on password_XPATH
2022-12-12 12:38:09 INFO  CommonMethods - Data sucessfully entered on password_XPATH = acid_qa
2022-12-12 12:38:12 INFO  CommonMethods - Sucessfully clicked on loginBtn_XPATH
2022-12-12 12:38:13 INFO  CommonMethods - Sucessfully clicked on ProfileBtn_XPATH
2022-12-12 12:38:14 INFO  ExcelOperation - Write to excel with : Row=3 | Cell =6 | Data =Kotak Bank Admin
2022-12-12 12:38:16 INFO  CommonMethods - Sucessfully clicked on ProfileBtn_XPATH
2022-12-12 12:39:16 ERROR SetUp - VerifyCRMLogin Get Failed due to 
Expected condition failed: waiting for visibility of element located by By.xpath: //div[@data-autoid='Logout']/a (tried for 60 second(s) with 500 milliseconds interval)
Build info: version: '4.1.0', revision: '87802e897b'
System info: host: 'AKILA', ip: '192.168.1.36', os.name: 'Windows 11', os.arch: 'amd64', os.version: '10.0', java.version: '17.0.3'
Driver info: org.openqa.selenium.chrome.ChromeDriver
Capabilities {acceptInsecureCerts: false, browserName: chrome, browserVersion: 108.0.5359.99, chrome: {chromedriverVersion: 108.0.5359.71 (1e0e3868ee06..., userDataDir: C:\Users\akila\AppData\Loca...}, goog:chromeOptions: {debuggerAddress: localhost:63840}, javascriptEnabled: true, networkConnectionEnabled: false, pageLoadStrategy: normal, platform: WINDOWS, platformName: WINDOWS, proxy: Proxy(), se:cdp: ws://localhost:63840/devtoo..., se:cdpVersion: 108.0.5359.99, setWindowRect: true, strictFileInteractability: false, timeouts: {implicit: 0, pageLoad: 300000, script: 30000}, unhandledPromptBehavior: dismiss and notify, webauthn:extension:credBlob: true, webauthn:extension:largeBlob: true, webauthn:virtualAuthenticators: true}
Session ID: 6aab35a7ec25d522723754870c4c1006
2022-12-12 12:39:17 INFO  ScreenShot - ScreenShot captured VerifyCRMLogin || Status :Fail
2022-12-12 12:39:17 INFO  CommonMethods - Row num for TestScenario = VerifyCRMLogin is = 1
2022-12-12 12:39:18 INFO  ExcelOperation - Write to excel with : Row=1 | Cell =5 | Data =Fail
2022-12-12 12:39:20 WARN  WebSocketHandler - onError
java.net.SocketException: Connection reset
	at sun.nio.ch.SocketChannelImpl.throwConnectionReset(SocketChannelImpl.java:394) ~[?:?]
	at sun.nio.ch.SocketChannelImpl.read(SocketChannelImpl.java:426) ~[?:?]
	at io.netty.buffer.PooledByteBuf.setBytes(PooledByteBuf.java:253) ~[netty-buffer-4.1.69.Final.jar:4.1.69.Final]
	at io.netty.buffer.AbstractByteBuf.writeBytes(AbstractByteBuf.java:1132) ~[netty-buffer-4.1.69.Final.jar:4.1.69.Final]
	at io.netty.channel.socket.nio.NioSocketChannel.doReadBytes(NioSocketChannel.java:350) ~[netty-transport-4.1.69.Final.jar:4.1.69.Final]
	at io.netty.channel.nio.AbstractNioByteChannel$NioByteUnsafe.read(AbstractNioByteChannel.java:151) [netty-transport-4.1.69.Final.jar:4.1.69.Final]
	at io.netty.channel.nio.NioEventLoop.processSelectedKey(NioEventLoop.java:719) [netty-transport-4.1.69.Final.jar:4.1.69.Final]
	at io.netty.channel.nio.NioEventLoop.processSelectedKeysOptimized(NioEventLoop.java:655) [netty-transport-4.1.69.Final.jar:4.1.69.Final]
	at io.netty.channel.nio.NioEventLoop.processSelectedKeys(NioEventLoop.java:581) [netty-transport-4.1.69.Final.jar:4.1.69.Final]
	at io.netty.channel.nio.NioEventLoop.run(NioEventLoop.java:493) [netty-transport-4.1.69.Final.jar:4.1.69.Final]
	at io.netty.util.concurrent.SingleThreadEventExecutor$4.run(SingleThreadEventExecutor.java:986) [netty-common-4.1.69.Final.jar:4.1.69.Final]
	at io.netty.util.internal.ThreadExecutorMap$2.run(ThreadExecutorMap.java:74) [netty-common-4.1.69.Final.jar:4.1.69.Final]
	at io.netty.util.concurrent.FastThreadLocalRunnable.run(FastThreadLocalRunnable.java:30) [netty-common-4.1.69.Final.jar:4.1.69.Final]
	at java.lang.Thread.run(Thread.java:833) [?:?]
2022-12-12 12:39:21 INFO  SetUp - Browser Closed..
2022-12-12 12:39:21 INFO  SetUp - Test Case_Login_Successfully Started
2022-12-12 12:39:21 INFO  SetUp - Test Case_Login_get Skipped as its Runmode is 'NO' 
2022-12-12 12:39:21 INFO  SetUp - Test Case_Login_Successfully Started
2022-12-12 12:39:21 INFO  SetUp - Test Case_Login_get Skipped as its Runmode is 'NO' 
2022-12-12 12:39:24 INFO  CommonMethods - Test Report Mail sent successfully to akila.raguram@crmnext.com
2022-12-12 12:40:26 INFO  Utils - [TestNG] Running:
  C:\Users\akila\OneDrive\Desktop\Automation Frameworks\CRMMasterFramework\MasterFramework\src\test\resources\RunnerFiles\testng.xml

2022-12-12 12:40:26 INFO  SetUp - Test Case_VerifyCRMLogin_Successfully Started
2022-12-12 12:40:26 INFO  WebDriverManager - Using chromedriver 108.0.5359.71 (resolved driver for Chrome 108)
2022-12-12 12:40:26 INFO  WebDriverManager - Exporting webdriver.chrome.driver as C:\Users\akila\.cache\selenium\chromedriver\win32\108.0.5359.71\chromedriver.exe
2022-12-12 12:40:30 INFO  SetUp - Chrome Browser Launched..
2022-12-12 12:40:32 INFO  SetUp - URL : https://kmb.crmnext.com/sng7/app/login/login
2022-12-12 12:40:32 INFO  ScreenShot - ScreenShot captured LoginPage || Status :Pass
2022-12-12 12:40:33 INFO  CommonMethods - Sucessfully clicked on Username_XPATH
2022-12-12 12:40:33 INFO  CommonMethods - Data sucessfully entered on Username_XPATH = admin2
2022-12-12 12:40:33 INFO  CommonMethods - Sucessfully clicked on password_XPATH
2022-12-12 12:40:33 INFO  CommonMethods - Data sucessfully entered on password_XPATH = acid_qa
2022-12-12 12:40:34 INFO  CommonMethods - Sucessfully clicked on loginBtn_XPATH
2022-12-12 12:42:17 INFO  Utils - [TestNG] Running:
  C:\Users\akila\OneDrive\Desktop\Automation Frameworks\CRMMasterFramework\MasterFramework\src\test\resources\RunnerFiles\testng.xml

2022-12-12 12:42:17 INFO  SetUp - Test Case_VerifyCRMLogin_Successfully Started
2022-12-12 12:42:18 INFO  WebDriverManager - Using chromedriver 108.0.5359.71 (resolved driver for Chrome 108)
2022-12-12 12:42:18 INFO  WebDriverManager - Exporting webdriver.chrome.driver as C:\Users\akila\.cache\selenium\chromedriver\win32\108.0.5359.71\chromedriver.exe
2022-12-12 12:42:21 INFO  SetUp - Chrome Browser Launched..
2022-12-12 12:42:23 INFO  SetUp - URL : https://kmb.crmnext.com/sng7/app/login/login
2022-12-12 12:42:23 INFO  ScreenShot - ScreenShot captured LoginPage || Status :Pass
2022-12-12 12:42:23 INFO  CommonMethods - Sucessfully clicked on Username_XPATH
2022-12-12 12:42:23 INFO  CommonMethods - Data sucessfully entered on Username_XPATH = admin2
2022-12-12 12:42:24 INFO  CommonMethods - Sucessfully clicked on password_XPATH
2022-12-12 12:42:24 INFO  CommonMethods - Data sucessfully entered on password_XPATH = acid_qa
2022-12-12 12:42:25 INFO  CommonMethods - Sucessfully clicked on loginBtn_XPATH
2022-12-12 12:43:29 INFO  Utils - [TestNG] Running:
  C:\Users\akila\OneDrive\Desktop\Automation Frameworks\CRMMasterFramework\MasterFramework\src\test\resources\RunnerFiles\testng.xml

2022-12-12 12:43:29 INFO  SetUp - Test Case_VerifyCRMLogin_Successfully Started
2022-12-12 12:43:30 INFO  WebDriverManager - Using chromedriver 108.0.5359.71 (resolved driver for Chrome 108)
2022-12-12 12:43:30 INFO  WebDriverManager - Exporting webdriver.chrome.driver as C:\Users\akila\.cache\selenium\chromedriver\win32\108.0.5359.71\chromedriver.exe
2022-12-12 12:43:33 INFO  SetUp - Chrome Browser Launched..
2022-12-12 12:43:35 INFO  SetUp - URL : https://kmb.crmnext.com/sng7/app/login/login
2022-12-12 12:43:35 INFO  ScreenShot - ScreenShot captured LoginPage || Status :Pass
2022-12-12 12:43:35 INFO  CommonMethods - Sucessfully clicked on Username_XPATH
2022-12-12 12:43:35 INFO  CommonMethods - Data sucessfully entered on Username_XPATH = admin2
2022-12-12 12:43:36 INFO  CommonMethods - Sucessfully clicked on password_XPATH
2022-12-12 12:43:36 INFO  CommonMethods - Data sucessfully entered on password_XPATH = acid_qa
2022-12-12 12:43:37 INFO  CommonMethods - Sucessfully clicked on loginBtn_XPATH
2022-12-12 12:48:30 ERROR SetUp - VerifyCRMLogin Get Failed due to 
Expected condition failed: waiting for visibility of element located by By.xpath: //div[@class="header__item header__profile ht-3 mid relative pointer"]/a (tried for 60 second(s) with 500 milliseconds interval)
Build info: version: '4.1.0', revision: '87802e897b'
System info: host: 'AKILA', ip: '192.168.1.36', os.name: 'Windows 11', os.arch: 'amd64', os.version: '10.0', java.version: '17.0.3'
Driver info: org.openqa.selenium.chrome.ChromeDriver
Capabilities {acceptInsecureCerts: false, browserName: chrome, browserVersion: 108.0.5359.99, chrome: {chromedriverVersion: 108.0.5359.71 (1e0e3868ee06..., userDataDir: C:\Users\akila\AppData\Loca...}, goog:chromeOptions: {debuggerAddress: localhost:63954}, javascriptEnabled: true, networkConnectionEnabled: false, pageLoadStrategy: normal, platform: WINDOWS, platformName: WINDOWS, proxy: Proxy(), se:cdp: ws://localhost:63954/devtoo..., se:cdpVersion: 108.0.5359.99, setWindowRect: true, strictFileInteractability: false, timeouts: {implicit: 0, pageLoad: 300000, script: 30000}, unhandledPromptBehavior: dismiss and notify, webauthn:extension:credBlob: true, webauthn:extension:largeBlob: true, webauthn:virtualAuthenticators: true}
Session ID: 6805c1d7dff40a5eaaf8e1d01e29bf5d
2022-12-12 12:48:31 INFO  ScreenShot - ScreenShot captured VerifyCRMLogin || Status :Fail
2022-12-12 12:48:32 INFO  CommonMethods - Row num for TestScenario = VerifyCRMLogin is = 1
2022-12-12 12:48:33 INFO  ExcelOperation - Write to excel with : Row=1 | Cell =5 | Data =Fail
2022-12-12 12:48:38 WARN  WebSocketHandler - onError
java.net.SocketException: Connection reset
	at sun.nio.ch.SocketChannelImpl.throwConnectionReset(SocketChannelImpl.java:394) ~[?:?]
	at sun.nio.ch.SocketChannelImpl.read(SocketChannelImpl.java:426) ~[?:?]
	at io.netty.buffer.PooledByteBuf.setBytes(PooledByteBuf.java:253) ~[netty-buffer-4.1.69.Final.jar:4.1.69.Final]
	at io.netty.buffer.AbstractByteBuf.writeBytes(AbstractByteBuf.java:1132) ~[netty-buffer-4.1.69.Final.jar:4.1.69.Final]
	at io.netty.channel.socket.nio.NioSocketChannel.doReadBytes(NioSocketChannel.java:350) ~[netty-transport-4.1.69.Final.jar:4.1.69.Final]
	at io.netty.channel.nio.AbstractNioByteChannel$NioByteUnsafe.read(AbstractNioByteChannel.java:151) [netty-transport-4.1.69.Final.jar:4.1.69.Final]
	at io.netty.channel.nio.NioEventLoop.processSelectedKey(NioEventLoop.java:719) [netty-transport-4.1.69.Final.jar:4.1.69.Final]
	at io.netty.channel.nio.NioEventLoop.processSelectedKeysOptimized(NioEventLoop.java:655) [netty-transport-4.1.69.Final.jar:4.1.69.Final]
	at io.netty.channel.nio.NioEventLoop.processSelectedKeys(NioEventLoop.java:581) [netty-transport-4.1.69.Final.jar:4.1.69.Final]
	at io.netty.channel.nio.NioEventLoop.run(NioEventLoop.java:493) [netty-transport-4.1.69.Final.jar:4.1.69.Final]
	at io.netty.util.concurrent.SingleThreadEventExecutor$4.run(SingleThreadEventExecutor.java:986) [netty-common-4.1.69.Final.jar:4.1.69.Final]
	at io.netty.util.internal.ThreadExecutorMap$2.run(ThreadExecutorMap.java:74) [netty-common-4.1.69.Final.jar:4.1.69.Final]
	at io.netty.util.concurrent.FastThreadLocalRunnable.run(FastThreadLocalRunnable.java:30) [netty-common-4.1.69.Final.jar:4.1.69.Final]
	at java.lang.Thread.run(Thread.java:833) [?:?]
2022-12-12 12:48:39 INFO  SetUp - Browser Closed..
2022-12-12 12:48:39 INFO  SetUp - Test Case_VerifyCRMLogin_Successfully Started
2022-12-12 12:48:39 INFO  WebDriverManager - Using chromedriver 108.0.5359.71 (resolved driver for Chrome 108)
2022-12-12 12:48:39 INFO  WebDriverManager - Exporting webdriver.chrome.driver as C:\Users\akila\.cache\selenium\chromedriver\win32\108.0.5359.71\chromedriver.exe
2022-12-12 12:48:41 INFO  SetUp - Chrome Browser Launched..
2022-12-12 12:48:43 INFO  SetUp - URL : https://kmb.crmnext.com/sng7/app/login/login
2022-12-12 12:48:43 INFO  ScreenShot - ScreenShot captured LoginPage || Status :Pass
2022-12-12 12:48:43 INFO  CommonMethods - Sucessfully clicked on Username_XPATH
2022-12-12 12:48:43 INFO  CommonMethods - Data sucessfully entered on Username_XPATH = admin
2022-12-12 12:48:44 INFO  CommonMethods - Sucessfully clicked on password_XPATH
2022-12-12 12:48:44 INFO  CommonMethods - Data sucessfully entered on password_XPATH = acid_qa
2022-12-12 12:48:47 INFO  CommonMethods - Sucessfully clicked on loginBtn_XPATH
2022-12-12 12:48:58 INFO  CommonMethods - Sucessfully clicked on ProfileBtn_XPATH
2022-12-12 12:49:16 INFO  ExcelOperation - Write to excel with : Row=2 | Cell =6 | Data =Kotak Bank Admin
2022-12-12 12:49:18 INFO  CommonMethods - Sucessfully clicked on ProfileBtn_XPATH
2022-12-12 12:49:19 INFO  CommonMethods - Sucessfully clicked on ProfileBtn_XPATH
2022-12-12 12:49:20 INFO  CommonMethods - Sucessfully clicked on logoutBtn_XPATH
2022-12-12 12:49:20 INFO  LoginPage - Sucessfully logout..
2022-12-12 12:49:21 INFO  SetUp - Test Case_VerifyCRMLogin_Successfully Passed
2022-12-12 12:49:21 INFO  CommonMethods - Row num for TestScenario = VerifyCRMLogin is = 1
2022-12-12 12:49:22 INFO  ExcelOperation - Write to excel with : Row=1 | Cell =5 | Data =Pass
2022-12-12 12:49:23 WARN  WebSocketHandler - onError
java.net.SocketException: Connection reset
	at sun.nio.ch.SocketChannelImpl.throwConnectionReset(SocketChannelImpl.java:394) ~[?:?]
	at sun.nio.ch.SocketChannelImpl.read(SocketChannelImpl.java:426) ~[?:?]
	at io.netty.buffer.PooledByteBuf.setBytes(PooledByteBuf.java:253) ~[netty-buffer-4.1.69.Final.jar:4.1.69.Final]
	at io.netty.buffer.AbstractByteBuf.writeBytes(AbstractByteBuf.java:1132) ~[netty-buffer-4.1.69.Final.jar:4.1.69.Final]
	at io.netty.channel.socket.nio.NioSocketChannel.doReadBytes(NioSocketChannel.java:350) ~[netty-transport-4.1.69.Final.jar:4.1.69.Final]
	at io.netty.channel.nio.AbstractNioByteChannel$NioByteUnsafe.read(AbstractNioByteChannel.java:151) [netty-transport-4.1.69.Final.jar:4.1.69.Final]
	at io.netty.channel.nio.NioEventLoop.processSelectedKey(NioEventLoop.java:719) [netty-transport-4.1.69.Final.jar:4.1.69.Final]
	at io.netty.channel.nio.NioEventLoop.processSelectedKeysOptimized(NioEventLoop.java:655) [netty-transport-4.1.69.Final.jar:4.1.69.Final]
	at io.netty.channel.nio.NioEventLoop.processSelectedKeys(NioEventLoop.java:581) [netty-transport-4.1.69.Final.jar:4.1.69.Final]
	at io.netty.channel.nio.NioEventLoop.run(NioEventLoop.java:493) [netty-transport-4.1.69.Final.jar:4.1.69.Final]
	at io.netty.util.concurrent.SingleThreadEventExecutor$4.run(SingleThreadEventExecutor.java:986) [netty-common-4.1.69.Final.jar:4.1.69.Final]
	at io.netty.util.internal.ThreadExecutorMap$2.run(ThreadExecutorMap.java:74) [netty-common-4.1.69.Final.jar:4.1.69.Final]
	at io.netty.util.concurrent.FastThreadLocalRunnable.run(FastThreadLocalRunnable.java:30) [netty-common-4.1.69.Final.jar:4.1.69.Final]
	at java.lang.Thread.run(Thread.java:833) [?:?]
2022-12-12 12:49:24 INFO  SetUp - Browser Closed..
2022-12-12 12:49:25 INFO  SetUp - Test Case_Login_Successfully Started
2022-12-12 12:49:25 INFO  SetUp - Test Case_Login_get Skipped as its Runmode is 'NO' 
2022-12-12 12:49:25 INFO  SetUp - Test Case_Login_Successfully Started
2022-12-12 12:49:25 INFO  SetUp - Test Case_Login_get Skipped as its Runmode is 'NO' 
2022-12-12 12:49:28 INFO  CommonMethods - Test Report Mail sent successfully to akila.raguram@crmnext.com
2022-12-12 12:50:31 INFO  Utils - [TestNG] Running:
  C:\Users\akila\OneDrive\Desktop\Automation Frameworks\CRMMasterFramework\MasterFramework\src\test\resources\RunnerFiles\testng.xml

2022-12-12 12:50:31 INFO  SetUp - Test Case_VerifyCRMLogin_Successfully Started
2022-12-12 12:50:32 INFO  WebDriverManager - Using chromedriver 108.0.5359.71 (resolved driver for Chrome 108)
2022-12-12 12:50:32 INFO  WebDriverManager - Exporting webdriver.chrome.driver as C:\Users\akila\.cache\selenium\chromedriver\win32\108.0.5359.71\chromedriver.exe
2022-12-12 12:50:35 INFO  SetUp - Chrome Browser Launched..
2022-12-12 12:50:37 INFO  SetUp - URL : https://kmb.crmnext.com/sng7/app/login/login
2022-12-12 12:50:37 INFO  ScreenShot - ScreenShot captured LoginPage || Status :Pass
2022-12-12 12:50:37 INFO  CommonMethods - Sucessfully clicked on Username_XPATH
2022-12-12 12:50:37 INFO  CommonMethods - Data sucessfully entered on Username_XPATH = admin2
2022-12-12 12:50:38 INFO  CommonMethods - Sucessfully clicked on password_XPATH
2022-12-12 12:50:38 INFO  CommonMethods - Data sucessfully entered on password_XPATH = acid_qa
2022-12-12 12:50:39 INFO  CommonMethods - Sucessfully clicked on loginBtn_XPATH
2022-12-12 12:52:39 ERROR SetUp - VerifyCRMLogin Get Failed due to 
Expected condition failed: waiting for visibility of element located by By.xpath: //div[@class="header__item header__profile ht-3 mid relative pointer"]/a (tried for 60 second(s) with 500 milliseconds interval)
Build info: version: '4.1.0', revision: '87802e897b'
System info: host: 'AKILA', ip: '192.168.1.36', os.name: 'Windows 11', os.arch: 'amd64', os.version: '10.0', java.version: '17.0.3'
Driver info: org.openqa.selenium.chrome.ChromeDriver
Capabilities {acceptInsecureCerts: false, browserName: chrome, browserVersion: 108.0.5359.99, chrome: {chromedriverVersion: 108.0.5359.71 (1e0e3868ee06..., userDataDir: C:\Users\akila\AppData\Loca...}, goog:chromeOptions: {debuggerAddress: localhost:64063}, javascriptEnabled: true, networkConnectionEnabled: false, pageLoadStrategy: normal, platform: WINDOWS, platformName: WINDOWS, proxy: Proxy(), se:cdp: ws://localhost:64063/devtoo..., se:cdpVersion: 108.0.5359.99, setWindowRect: true, strictFileInteractability: false, timeouts: {implicit: 0, pageLoad: 300000, script: 30000}, unhandledPromptBehavior: dismiss and notify, webauthn:extension:credBlob: true, webauthn:extension:largeBlob: true, webauthn:virtualAuthenticators: true}
Session ID: 201639a8e2683d0bc6d430cfb6afb876
2022-12-12 12:52:40 INFO  ScreenShot - ScreenShot captured VerifyCRMLogin || Status :Fail
2022-12-12 12:52:40 INFO  CommonMethods - Row num for TestScenario = VerifyCRMLogin is = 1
2022-12-12 12:52:41 INFO  ExcelOperation - Write to excel with : Row=1 | Cell =5 | Data =Fail
2022-12-12 12:52:43 WARN  WebSocketHandler - onError
java.net.SocketException: Connection reset
	at sun.nio.ch.SocketChannelImpl.throwConnectionReset(SocketChannelImpl.java:394) ~[?:?]
	at sun.nio.ch.SocketChannelImpl.read(SocketChannelImpl.java:426) ~[?:?]
	at io.netty.buffer.PooledByteBuf.setBytes(PooledByteBuf.java:253) ~[netty-buffer-4.1.69.Final.jar:4.1.69.Final]
	at io.netty.buffer.AbstractByteBuf.writeBytes(AbstractByteBuf.java:1132) ~[netty-buffer-4.1.69.Final.jar:4.1.69.Final]
	at io.netty.channel.socket.nio.NioSocketChannel.doReadBytes(NioSocketChannel.java:350) ~[netty-transport-4.1.69.Final.jar:4.1.69.Final]
	at io.netty.channel.nio.AbstractNioByteChannel$NioByteUnsafe.read(AbstractNioByteChannel.java:151) [netty-transport-4.1.69.Final.jar:4.1.69.Final]
	at io.netty.channel.nio.NioEventLoop.processSelectedKey(NioEventLoop.java:719) [netty-transport-4.1.69.Final.jar:4.1.69.Final]
	at io.netty.channel.nio.NioEventLoop.processSelectedKeysOptimized(NioEventLoop.java:655) [netty-transport-4.1.69.Final.jar:4.1.69.Final]
	at io.netty.channel.nio.NioEventLoop.processSelectedKeys(NioEventLoop.java:581) [netty-transport-4.1.69.Final.jar:4.1.69.Final]
	at io.netty.channel.nio.NioEventLoop.run(NioEventLoop.java:493) [netty-transport-4.1.69.Final.jar:4.1.69.Final]
	at io.netty.util.concurrent.SingleThreadEventExecutor$4.run(SingleThreadEventExecutor.java:986) [netty-common-4.1.69.Final.jar:4.1.69.Final]
	at io.netty.util.internal.ThreadExecutorMap$2.run(ThreadExecutorMap.java:74) [netty-common-4.1.69.Final.jar:4.1.69.Final]
	at io.netty.util.concurrent.FastThreadLocalRunnable.run(FastThreadLocalRunnable.java:30) [netty-common-4.1.69.Final.jar:4.1.69.Final]
	at java.lang.Thread.run(Thread.java:833) [?:?]
2022-12-12 12:52:43 INFO  SetUp - Browser Closed..
2022-12-12 12:52:43 INFO  SetUp - Test Case_VerifyCRMLogin_Successfully Started
2022-12-12 12:52:44 INFO  WebDriverManager - Using chromedriver 108.0.5359.71 (resolved driver for Chrome 108)
2022-12-12 12:52:44 INFO  WebDriverManager - Exporting webdriver.chrome.driver as C:\Users\akila\.cache\selenium\chromedriver\win32\108.0.5359.71\chromedriver.exe
2022-12-12 12:52:46 INFO  SetUp - Chrome Browser Launched..
2022-12-12 12:52:48 INFO  SetUp - URL : https://kmb.crmnext.com/sng7/app/login/login
2022-12-12 12:52:48 INFO  ScreenShot - ScreenShot captured LoginPage || Status :Pass
2022-12-12 12:52:48 INFO  CommonMethods - Sucessfully clicked on Username_XPATH
2022-12-12 12:52:49 INFO  CommonMethods - Data sucessfully entered on Username_XPATH = admin
2022-12-12 12:52:49 INFO  CommonMethods - Sucessfully clicked on password_XPATH
2022-12-12 12:52:49 INFO  CommonMethods - Data sucessfully entered on password_XPATH = acid_qa
2022-12-12 12:52:54 INFO  CommonMethods - Sucessfully clicked on loginBtn_XPATH
2022-12-12 12:52:54 INFO  CommonMethods - Sucessfully clicked on ProfileBtn_XPATH
2022-12-12 12:52:55 INFO  ExcelOperation - Write to excel with : Row=2 | Cell =6 | Data =Kotak Bank Admin
2022-12-12 12:52:56 INFO  CommonMethods - Sucessfully clicked on ProfileBtn_XPATH
2022-12-12 12:52:57 INFO  CommonMethods - Sucessfully clicked on ProfileBtn_XPATH
2022-12-12 12:52:57 INFO  CommonMethods - Sucessfully clicked on logoutBtn_XPATH
2022-12-12 12:52:57 INFO  LoginPage - Sucessfully logout..
2022-12-12 12:52:58 INFO  SetUp - Test Case_VerifyCRMLogin_Successfully Passed
2022-12-12 12:52:58 INFO  CommonMethods - Row num for TestScenario = VerifyCRMLogin is = 1
2022-12-12 12:52:59 INFO  ExcelOperation - Write to excel with : Row=1 | Cell =5 | Data =Pass
2022-12-12 12:53:01 WARN  WebSocketHandler - onError
java.net.SocketException: Connection reset
	at sun.nio.ch.SocketChannelImpl.throwConnectionReset(SocketChannelImpl.java:394) ~[?:?]
	at sun.nio.ch.SocketChannelImpl.read(SocketChannelImpl.java:426) ~[?:?]
	at io.netty.buffer.PooledByteBuf.setBytes(PooledByteBuf.java:253) ~[netty-buffer-4.1.69.Final.jar:4.1.69.Final]
	at io.netty.buffer.AbstractByteBuf.writeBytes(AbstractByteBuf.java:1132) ~[netty-buffer-4.1.69.Final.jar:4.1.69.Final]
	at io.netty.channel.socket.nio.NioSocketChannel.doReadBytes(NioSocketChannel.java:350) ~[netty-transport-4.1.69.Final.jar:4.1.69.Final]
	at io.netty.channel.nio.AbstractNioByteChannel$NioByteUnsafe.read(AbstractNioByteChannel.java:151) [netty-transport-4.1.69.Final.jar:4.1.69.Final]
	at io.netty.channel.nio.NioEventLoop.processSelectedKey(NioEventLoop.java:719) [netty-transport-4.1.69.Final.jar:4.1.69.Final]
	at io.netty.channel.nio.NioEventLoop.processSelectedKeysOptimized(NioEventLoop.java:655) [netty-transport-4.1.69.Final.jar:4.1.69.Final]
	at io.netty.channel.nio.NioEventLoop.processSelectedKeys(NioEventLoop.java:581) [netty-transport-4.1.69.Final.jar:4.1.69.Final]
	at io.netty.channel.nio.NioEventLoop.run(NioEventLoop.java:493) [netty-transport-4.1.69.Final.jar:4.1.69.Final]
	at io.netty.util.concurrent.SingleThreadEventExecutor$4.run(SingleThreadEventExecutor.java:986) [netty-common-4.1.69.Final.jar:4.1.69.Final]
	at io.netty.util.internal.ThreadExecutorMap$2.run(ThreadExecutorMap.java:74) [netty-common-4.1.69.Final.jar:4.1.69.Final]
	at io.netty.util.concurrent.FastThreadLocalRunnable.run(FastThreadLocalRunnable.java:30) [netty-common-4.1.69.Final.jar:4.1.69.Final]
	at java.lang.Thread.run(Thread.java:833) [?:?]
2022-12-12 12:53:01 INFO  SetUp - Browser Closed..
2022-12-12 12:53:02 INFO  SetUp - Test Case_Login_Successfully Started
2022-12-12 12:53:03 INFO  SetUp - Test Case_Login_get Skipped as its Runmode is 'NO' 
2022-12-12 12:53:03 INFO  SetUp - Test Case_Login_Successfully Started
2022-12-12 12:53:03 INFO  SetUp - Test Case_Login_get Skipped as its Runmode is 'NO' 
2022-12-12 12:53:05 INFO  CommonMethods - Test Report Mail sent successfully to akila.raguram@crmnext.com
2022-12-12 12:54:58 INFO  Utils - [TestNG] Running:
  C:\Users\akila\OneDrive\Desktop\Automation Frameworks\CRMMasterFramework\MasterFramework\src\test\resources\RunnerFiles\testng.xml

2022-12-12 12:54:59 INFO  SetUp - Test Case_VerifyCRMLogin_Successfully Started
2022-12-12 12:54:59 INFO  WebDriverManager - Using chromedriver 108.0.5359.71 (resolved driver for Chrome 108)
2022-12-12 12:54:59 INFO  WebDriverManager - Exporting webdriver.chrome.driver as C:\Users\akila\.cache\selenium\chromedriver\win32\108.0.5359.71\chromedriver.exe
2022-12-12 12:55:03 INFO  SetUp - Chrome Browser Launched..
2022-12-12 12:55:04 INFO  SetUp - URL : https://kmb.crmnext.com/sng7/app/login/login
2022-12-12 12:55:05 INFO  ScreenShot - ScreenShot captured LoginPage || Status :Pass
2022-12-12 12:55:05 INFO  CommonMethods - Sucessfully clicked on Username_XPATH
2022-12-12 12:55:05 INFO  CommonMethods - Data sucessfully entered on Username_XPATH = admin2
2022-12-12 12:55:05 INFO  CommonMethods - Sucessfully clicked on password_XPATH
2022-12-12 12:55:06 INFO  CommonMethods - Data sucessfully entered on password_XPATH = acid_qa
2022-12-12 12:55:07 INFO  CommonMethods - Sucessfully clicked on loginBtn_XPATH
2022-12-12 12:57:40 ERROR SetUp - VerifyCRMLogin Get Failed due to 
Expected condition failed: waiting for visibility of element located by By.xpath: //div[@class="header__item header__profile ht-3 mid relative pointer"]/a (tried for 60 second(s) with 500 milliseconds interval)
Build info: version: '4.1.0', revision: '87802e897b'
System info: host: 'AKILA', ip: '192.168.1.36', os.name: 'Windows 11', os.arch: 'amd64', os.version: '10.0', java.version: '17.0.3'
Driver info: org.openqa.selenium.chrome.ChromeDriver
Capabilities {acceptInsecureCerts: false, browserName: chrome, browserVersion: 108.0.5359.99, chrome: {chromedriverVersion: 108.0.5359.71 (1e0e3868ee06..., userDataDir: C:\Users\akila\AppData\Loca...}, goog:chromeOptions: {debuggerAddress: localhost:64148}, javascriptEnabled: true, networkConnectionEnabled: false, pageLoadStrategy: normal, platform: WINDOWS, platformName: WINDOWS, proxy: Proxy(), se:cdp: ws://localhost:64148/devtoo..., se:cdpVersion: 108.0.5359.99, setWindowRect: true, strictFileInteractability: false, timeouts: {implicit: 0, pageLoad: 300000, script: 30000}, unhandledPromptBehavior: dismiss and notify, webauthn:extension:credBlob: true, webauthn:extension:largeBlob: true, webauthn:virtualAuthenticators: true}
Session ID: 9caa997ccdfbed107204b68c18b04311
2022-12-12 12:57:40 INFO  ScreenShot - ScreenShot captured VerifyCRMLogin || Status :Fail
2022-12-12 12:57:41 INFO  CommonMethods - Row num for TestScenario = VerifyCRMLogin is = 1
2022-12-12 12:57:42 INFO  ExcelOperation - Write to excel with : Row=1 | Cell =5 | Data =Fail
2022-12-12 12:57:43 WARN  WebSocketHandler - onError
java.net.SocketException: Connection reset
	at sun.nio.ch.SocketChannelImpl.throwConnectionReset(SocketChannelImpl.java:394) ~[?:?]
	at sun.nio.ch.SocketChannelImpl.read(SocketChannelImpl.java:426) ~[?:?]
	at io.netty.buffer.PooledByteBuf.setBytes(PooledByteBuf.java:253) ~[netty-buffer-4.1.69.Final.jar:4.1.69.Final]
	at io.netty.buffer.AbstractByteBuf.writeBytes(AbstractByteBuf.java:1132) ~[netty-buffer-4.1.69.Final.jar:4.1.69.Final]
	at io.netty.channel.socket.nio.NioSocketChannel.doReadBytes(NioSocketChannel.java:350) ~[netty-transport-4.1.69.Final.jar:4.1.69.Final]
	at io.netty.channel.nio.AbstractNioByteChannel$NioByteUnsafe.read(AbstractNioByteChannel.java:151) [netty-transport-4.1.69.Final.jar:4.1.69.Final]
	at io.netty.channel.nio.NioEventLoop.processSelectedKey(NioEventLoop.java:719) [netty-transport-4.1.69.Final.jar:4.1.69.Final]
	at io.netty.channel.nio.NioEventLoop.processSelectedKeysOptimized(NioEventLoop.java:655) [netty-transport-4.1.69.Final.jar:4.1.69.Final]
	at io.netty.channel.nio.NioEventLoop.processSelectedKeys(NioEventLoop.java:581) [netty-transport-4.1.69.Final.jar:4.1.69.Final]
	at io.netty.channel.nio.NioEventLoop.run(NioEventLoop.java:493) [netty-transport-4.1.69.Final.jar:4.1.69.Final]
	at io.netty.util.concurrent.SingleThreadEventExecutor$4.run(SingleThreadEventExecutor.java:986) [netty-common-4.1.69.Final.jar:4.1.69.Final]
	at io.netty.util.internal.ThreadExecutorMap$2.run(ThreadExecutorMap.java:74) [netty-common-4.1.69.Final.jar:4.1.69.Final]
	at io.netty.util.concurrent.FastThreadLocalRunnable.run(FastThreadLocalRunnable.java:30) [netty-common-4.1.69.Final.jar:4.1.69.Final]
	at java.lang.Thread.run(Thread.java:833) [?:?]
2022-12-12 12:57:44 INFO  SetUp - Browser Closed..
2022-12-12 12:57:44 INFO  SetUp - Test Case_VerifyCRMLogin_Successfully Started
2022-12-12 12:58:44 INFO  Utils - [TestNG] Running:
  C:\Users\akila\OneDrive\Desktop\Automation Frameworks\CRMMasterFramework\MasterFramework\src\test\resources\RunnerFiles\testng.xml

2022-12-12 12:58:45 INFO  SetUp - Test Case_VerifyCRMLogin_Successfully Started
2022-12-12 12:58:53 INFO  WebDriverManager - Using chromedriver 108.0.5359.71 (resolved driver for Chrome 108)
2022-12-12 12:58:54 INFO  WebDriverManager - Exporting webdriver.chrome.driver as C:\Users\akila\.cache\selenium\chromedriver\win32\108.0.5359.71\chromedriver.exe
2022-12-12 12:58:57 INFO  SetUp - Chrome Browser Launched..
2022-12-12 12:58:59 INFO  SetUp - URL : https://kmb.crmnext.com/sng7/app/login/login
2022-12-12 12:58:59 INFO  ScreenShot - ScreenShot captured LoginPage || Status :Pass
2022-12-12 12:58:59 INFO  CommonMethods - Sucessfully clicked on Username_XPATH
2022-12-12 12:58:59 INFO  CommonMethods - Data sucessfully entered on Username_XPATH = admin2
2022-12-12 12:59:00 INFO  CommonMethods - Sucessfully clicked on password_XPATH
2022-12-12 12:59:00 INFO  CommonMethods - Data sucessfully entered on password_XPATH = acid_qa
2022-12-12 12:59:00 INFO  CommonMethods - Sucessfully clicked on loginBtn_XPATH
2022-12-12 13:01:07 ERROR SetUp - VerifyCRMLogin Get Failed due to 
Expected condition failed: waiting for visibility of element located by By.xpath: //div[@class="header__item header__profile ht-3 mid relative pointer"]/a (tried for 60 second(s) with 500 milliseconds interval)
Build info: version: '4.1.0', revision: '87802e897b'
System info: host: 'AKILA', ip: '192.168.1.36', os.name: 'Windows 11', os.arch: 'amd64', os.version: '10.0', java.version: '17.0.3'
Driver info: org.openqa.selenium.chrome.ChromeDriver
Capabilities {acceptInsecureCerts: false, browserName: chrome, browserVersion: 108.0.5359.99, chrome: {chromedriverVersion: 108.0.5359.71 (1e0e3868ee06..., userDataDir: C:\Users\akila\AppData\Loca...}, goog:chromeOptions: {debuggerAddress: localhost:64193}, javascriptEnabled: true, networkConnectionEnabled: false, pageLoadStrategy: normal, platform: WINDOWS, platformName: WINDOWS, proxy: Proxy(), se:cdp: ws://localhost:64193/devtoo..., se:cdpVersion: 108.0.5359.99, setWindowRect: true, strictFileInteractability: false, timeouts: {implicit: 0, pageLoad: 300000, script: 30000}, unhandledPromptBehavior: dismiss and notify, webauthn:extension:credBlob: true, webauthn:extension:largeBlob: true, webauthn:virtualAuthenticators: true}
Session ID: 46e24215233a8c2548cc5b5b1f0e9991
2022-12-12 13:01:08 INFO  ScreenShot - ScreenShot captured VerifyCRMLogin || Status :Fail
2022-12-12 13:01:08 INFO  CommonMethods - Row num for TestScenario = VerifyCRMLogin is = 1
2022-12-12 13:01:09 INFO  ExcelOperation - Write to excel with : Row=1 | Cell =5 | Data =Fail
2022-12-12 13:01:11 WARN  WebSocketHandler - onError
java.net.SocketException: Connection reset
	at sun.nio.ch.SocketChannelImpl.throwConnectionReset(SocketChannelImpl.java:394) ~[?:?]
	at sun.nio.ch.SocketChannelImpl.read(SocketChannelImpl.java:426) ~[?:?]
	at io.netty.buffer.PooledByteBuf.setBytes(PooledByteBuf.java:253) ~[netty-buffer-4.1.69.Final.jar:4.1.69.Final]
	at io.netty.buffer.AbstractByteBuf.writeBytes(AbstractByteBuf.java:1132) ~[netty-buffer-4.1.69.Final.jar:4.1.69.Final]
	at io.netty.channel.socket.nio.NioSocketChannel.doReadBytes(NioSocketChannel.java:350) ~[netty-transport-4.1.69.Final.jar:4.1.69.Final]
	at io.netty.channel.nio.AbstractNioByteChannel$NioByteUnsafe.read(AbstractNioByteChannel.java:151) [netty-transport-4.1.69.Final.jar:4.1.69.Final]
	at io.netty.channel.nio.NioEventLoop.processSelectedKey(NioEventLoop.java:719) [netty-transport-4.1.69.Final.jar:4.1.69.Final]
	at io.netty.channel.nio.NioEventLoop.processSelectedKeysOptimized(NioEventLoop.java:655) [netty-transport-4.1.69.Final.jar:4.1.69.Final]
	at io.netty.channel.nio.NioEventLoop.processSelectedKeys(NioEventLoop.java:581) [netty-transport-4.1.69.Final.jar:4.1.69.Final]
	at io.netty.channel.nio.NioEventLoop.run(NioEventLoop.java:493) [netty-transport-4.1.69.Final.jar:4.1.69.Final]
	at io.netty.util.concurrent.SingleThreadEventExecutor$4.run(SingleThreadEventExecutor.java:986) [netty-common-4.1.69.Final.jar:4.1.69.Final]
	at io.netty.util.internal.ThreadExecutorMap$2.run(ThreadExecutorMap.java:74) [netty-common-4.1.69.Final.jar:4.1.69.Final]
	at io.netty.util.concurrent.FastThreadLocalRunnable.run(FastThreadLocalRunnable.java:30) [netty-common-4.1.69.Final.jar:4.1.69.Final]
	at java.lang.Thread.run(Thread.java:833) [?:?]
2022-12-12 13:01:12 INFO  SetUp - Browser Closed..
2022-12-12 13:01:12 INFO  SetUp - Test Case_VerifyCRMLogin_Successfully Started
2022-12-12 13:01:21 INFO  WebDriverManager - Using chromedriver 108.0.5359.71 (resolved driver for Chrome 108)
2022-12-12 13:01:22 INFO  WebDriverManager - Exporting webdriver.chrome.driver as C:\Users\akila\.cache\selenium\chromedriver\win32\108.0.5359.71\chromedriver.exe
2022-12-12 13:01:25 INFO  SetUp - Chrome Browser Launched..
2022-12-12 13:01:26 INFO  SetUp - URL : https://kmb.crmnext.com/sng7/app/login/login
2022-12-12 13:01:51 INFO  ScreenShot - ScreenShot captured LoginPage || Status :Pass
2022-12-12 13:01:54 INFO  CommonMethods - Sucessfully clicked on Username_XPATH
2022-12-12 13:01:54 INFO  CommonMethods - Data sucessfully entered on Username_XPATH = admin
2022-12-12 13:01:55 INFO  CommonMethods - Sucessfully clicked on password_XPATH
2022-12-12 13:01:56 INFO  CommonMethods - Data sucessfully entered on password_XPATH = acid_qa
2022-12-12 13:02:00 INFO  CommonMethods - Sucessfully clicked on loginBtn_XPATH
2022-12-12 13:02:03 ERROR SetUp - VerifyCRMLogin Get Failed due to 
Index 2 out of bounds for length 2
2022-12-12 13:02:03 INFO  ScreenShot - ScreenShot captured VerifyCRMLogin || Status :Fail
2022-12-12 13:02:04 INFO  CommonMethods - Row num for TestScenario = VerifyCRMLogin is = 1
2022-12-12 13:02:05 INFO  ExcelOperation - Write to excel with : Row=1 | Cell =5 | Data =Fail
2022-12-12 13:02:06 WARN  WebSocketHandler - onError
java.net.SocketException: Connection reset
	at sun.nio.ch.SocketChannelImpl.throwConnectionReset(SocketChannelImpl.java:394) ~[?:?]
	at sun.nio.ch.SocketChannelImpl.read(SocketChannelImpl.java:426) ~[?:?]
	at io.netty.buffer.PooledByteBuf.setBytes(PooledByteBuf.java:253) ~[netty-buffer-4.1.69.Final.jar:4.1.69.Final]
	at io.netty.buffer.AbstractByteBuf.writeBytes(AbstractByteBuf.java:1132) ~[netty-buffer-4.1.69.Final.jar:4.1.69.Final]
	at io.netty.channel.socket.nio.NioSocketChannel.doReadBytes(NioSocketChannel.java:350) ~[netty-transport-4.1.69.Final.jar:4.1.69.Final]
	at io.netty.channel.nio.AbstractNioByteChannel$NioByteUnsafe.read(AbstractNioByteChannel.java:151) [netty-transport-4.1.69.Final.jar:4.1.69.Final]
	at io.netty.channel.nio.NioEventLoop.processSelectedKey(NioEventLoop.java:719) [netty-transport-4.1.69.Final.jar:4.1.69.Final]
	at io.netty.channel.nio.NioEventLoop.processSelectedKeysOptimized(NioEventLoop.java:655) [netty-transport-4.1.69.Final.jar:4.1.69.Final]
	at io.netty.channel.nio.NioEventLoop.processSelectedKeys(NioEventLoop.java:581) [netty-transport-4.1.69.Final.jar:4.1.69.Final]
	at io.netty.channel.nio.NioEventLoop.run(NioEventLoop.java:493) [netty-transport-4.1.69.Final.jar:4.1.69.Final]
	at io.netty.util.concurrent.SingleThreadEventExecutor$4.run(SingleThreadEventExecutor.java:986) [netty-common-4.1.69.Final.jar:4.1.69.Final]
	at io.netty.util.internal.ThreadExecutorMap$2.run(ThreadExecutorMap.java:74) [netty-common-4.1.69.Final.jar:4.1.69.Final]
	at io.netty.util.concurrent.FastThreadLocalRunnable.run(FastThreadLocalRunnable.java:30) [netty-common-4.1.69.Final.jar:4.1.69.Final]
	at java.lang.Thread.run(Thread.java:833) [?:?]
2022-12-12 13:02:07 INFO  SetUp - Browser Closed..
2022-12-12 13:02:08 INFO  SetUp - Test Case_Login_Successfully Started
2022-12-12 13:02:08 INFO  SetUp - Test Case_Login_get Skipped as its Runmode is 'NO' 
2022-12-12 13:02:08 INFO  SetUp - Test Case_Login_Successfully Started
2022-12-12 13:02:08 INFO  SetUp - Test Case_Login_get Skipped as its Runmode is 'NO' 
2022-12-12 13:02:11 INFO  CommonMethods - Test Report Mail sent successfully to akila.raguram@crmnext.com
2022-12-12 13:06:06 INFO  ExtentReporterNG - Extent report Directory is created!
2022-12-12 13:06:07 INFO  Utils - [TestNG] Running:
  C:\Users\akila\OneDrive\Desktop\Automation Frameworks\CRMMasterFramework\MasterFramework\src\test\resources\RunnerFiles\testng.xml

2022-12-12 13:06:07 INFO  SetUp - Test Case_VerifyCRMLogin_Successfully Started
2022-12-12 13:06:12 INFO  WebDriverManager - Using chromedriver 108.0.5359.71 (resolved driver for Chrome 108)
2022-12-12 13:06:12 INFO  WebDriverManager - Exporting webdriver.chrome.driver as C:\Users\akila\.cache\selenium\chromedriver\win32\108.0.5359.71\chromedriver.exe
2022-12-12 13:06:16 INFO  SetUp - Chrome Browser Launched..
2022-12-12 13:06:18 INFO  SetUp - URL : https://kmb.crmnext.com/sng7/app/login/login
2022-12-12 13:06:18 INFO  ScreenShot - ScreenShot captured LoginPage || Status :Pass
2022-12-12 13:06:18 INFO  CommonMethods - Sucessfully clicked on Username_XPATH
2022-12-12 13:06:19 INFO  CommonMethods - Data sucessfully entered on Username_XPATH = admin2
2022-12-12 13:06:19 INFO  CommonMethods - Sucessfully clicked on password_XPATH
2022-12-12 13:06:19 INFO  CommonMethods - Data sucessfully entered on password_XPATH = acid_qa
2022-12-12 13:06:20 INFO  CommonMethods - Sucessfully clicked on loginBtn_XPATH
2022-12-12 13:08:20 ERROR SetUp - VerifyCRMLogin Get Failed due to 
Expected condition failed: waiting for visibility of element located by By.xpath: //div[@class="header__item header__profile ht-3 mid relative pointer"]/a (tried for 60 second(s) with 500 milliseconds interval)
Build info: version: '4.1.0', revision: '87802e897b'
System info: host: 'AKILA', ip: '192.168.1.36', os.name: 'Windows 11', os.arch: 'amd64', os.version: '10.0', java.version: '17.0.3'
Driver info: org.openqa.selenium.chrome.ChromeDriver
Capabilities {acceptInsecureCerts: false, browserName: chrome, browserVersion: 108.0.5359.99, chrome: {chromedriverVersion: 108.0.5359.71 (1e0e3868ee06..., userDataDir: C:\Users\akila\AppData\Loca...}, goog:chromeOptions: {debuggerAddress: localhost:64301}, javascriptEnabled: true, networkConnectionEnabled: false, pageLoadStrategy: normal, platform: WINDOWS, platformName: WINDOWS, proxy: Proxy(), se:cdp: ws://localhost:64301/devtoo..., se:cdpVersion: 108.0.5359.99, setWindowRect: true, strictFileInteractability: false, timeouts: {implicit: 0, pageLoad: 300000, script: 30000}, unhandledPromptBehavior: dismiss and notify, webauthn:extension:credBlob: true, webauthn:extension:largeBlob: true, webauthn:virtualAuthenticators: true}
Session ID: 3290c7b271bf8bbff0d1f58a084897de
2022-12-12 13:08:21 INFO  ScreenShot - ScreenShot captured VerifyCRMLogin || Status :Fail
2022-12-12 13:08:21 INFO  CommonMethods - Row num for TestScenario = VerifyCRMLogin is = 1
2022-12-12 13:08:22 INFO  ExcelOperation - Write to excel with : Row=1 | Cell =5 | Data =Fail
2022-12-12 13:08:24 WARN  WebSocketHandler - onError
java.net.SocketException: Connection reset
	at sun.nio.ch.SocketChannelImpl.throwConnectionReset(SocketChannelImpl.java:394) ~[?:?]
	at sun.nio.ch.SocketChannelImpl.read(SocketChannelImpl.java:426) ~[?:?]
	at io.netty.buffer.PooledByteBuf.setBytes(PooledByteBuf.java:253) ~[netty-buffer-4.1.69.Final.jar:4.1.69.Final]
	at io.netty.buffer.AbstractByteBuf.writeBytes(AbstractByteBuf.java:1132) ~[netty-buffer-4.1.69.Final.jar:4.1.69.Final]
	at io.netty.channel.socket.nio.NioSocketChannel.doReadBytes(NioSocketChannel.java:350) ~[netty-transport-4.1.69.Final.jar:4.1.69.Final]
	at io.netty.channel.nio.AbstractNioByteChannel$NioByteUnsafe.read(AbstractNioByteChannel.java:151) [netty-transport-4.1.69.Final.jar:4.1.69.Final]
	at io.netty.channel.nio.NioEventLoop.processSelectedKey(NioEventLoop.java:719) [netty-transport-4.1.69.Final.jar:4.1.69.Final]
	at io.netty.channel.nio.NioEventLoop.processSelectedKeysOptimized(NioEventLoop.java:655) [netty-transport-4.1.69.Final.jar:4.1.69.Final]
	at io.netty.channel.nio.NioEventLoop.processSelectedKeys(NioEventLoop.java:581) [netty-transport-4.1.69.Final.jar:4.1.69.Final]
	at io.netty.channel.nio.NioEventLoop.run(NioEventLoop.java:493) [netty-transport-4.1.69.Final.jar:4.1.69.Final]
	at io.netty.util.concurrent.SingleThreadEventExecutor$4.run(SingleThreadEventExecutor.java:986) [netty-common-4.1.69.Final.jar:4.1.69.Final]
	at io.netty.util.internal.ThreadExecutorMap$2.run(ThreadExecutorMap.java:74) [netty-common-4.1.69.Final.jar:4.1.69.Final]
	at io.netty.util.concurrent.FastThreadLocalRunnable.run(FastThreadLocalRunnable.java:30) [netty-common-4.1.69.Final.jar:4.1.69.Final]
	at java.lang.Thread.run(Thread.java:833) [?:?]
2022-12-12 13:08:25 INFO  SetUp - Browser Closed..
2022-12-12 13:08:25 INFO  SetUp - Test Case_VerifyCRMLogin_Successfully Started
2022-12-12 13:08:25 INFO  WebDriverManager - Using chromedriver 108.0.5359.71 (resolved driver for Chrome 108)
2022-12-12 13:08:25 INFO  WebDriverManager - Exporting webdriver.chrome.driver as C:\Users\akila\.cache\selenium\chromedriver\win32\108.0.5359.71\chromedriver.exe
2022-12-12 13:08:28 INFO  SetUp - Chrome Browser Launched..
2022-12-12 13:08:30 INFO  SetUp - URL : https://kmb.crmnext.com/sng7/app/login/login
2022-12-12 13:08:30 INFO  ScreenShot - ScreenShot captured LoginPage || Status :Pass
2022-12-12 13:08:30 INFO  CommonMethods - Sucessfully clicked on Username_XPATH
2022-12-12 13:08:30 INFO  CommonMethods - Data sucessfully entered on Username_XPATH = admin
2022-12-12 13:08:31 INFO  CommonMethods - Sucessfully clicked on password_XPATH
2022-12-12 13:08:31 INFO  CommonMethods - Data sucessfully entered on password_XPATH = acid_qa
2022-12-12 13:08:35 INFO  CommonMethods - Sucessfully clicked on loginBtn_XPATH
2022-12-12 13:08:35 INFO  CommonMethods - Sucessfully clicked on ProfileBtn_XPATH
2022-12-12 13:08:36 INFO  ExcelOperation - Write to excel with : Row=3 | Cell =6 | Data =Kotak Bank Admin
2022-12-12 13:08:38 INFO  CommonMethods - Sucessfully clicked on ProfileBtn_XPATH
2022-12-12 13:08:38 INFO  CommonMethods - Sucessfully clicked on ProfileBtn_XPATH
2022-12-12 13:08:39 INFO  CommonMethods - Sucessfully clicked on logoutBtn_XPATH
2022-12-12 13:08:39 INFO  LoginPage - Sucessfully logout..
2022-12-12 13:08:39 INFO  SetUp - Test Case_VerifyCRMLogin_Successfully Passed
2022-12-12 13:08:40 INFO  CommonMethods - Row num for TestScenario = VerifyCRMLogin is = 1
2022-12-12 13:08:41 INFO  ExcelOperation - Write to excel with : Row=1 | Cell =5 | Data =Pass
2022-12-12 13:08:43 WARN  WebSocketHandler - onError
java.net.SocketException: Connection reset
	at sun.nio.ch.SocketChannelImpl.throwConnectionReset(SocketChannelImpl.java:394) ~[?:?]
	at sun.nio.ch.SocketChannelImpl.read(SocketChannelImpl.java:426) ~[?:?]
	at io.netty.buffer.PooledByteBuf.setBytes(PooledByteBuf.java:253) ~[netty-buffer-4.1.69.Final.jar:4.1.69.Final]
	at io.netty.buffer.AbstractByteBuf.writeBytes(AbstractByteBuf.java:1132) ~[netty-buffer-4.1.69.Final.jar:4.1.69.Final]
	at io.netty.channel.socket.nio.NioSocketChannel.doReadBytes(NioSocketChannel.java:350) ~[netty-transport-4.1.69.Final.jar:4.1.69.Final]
	at io.netty.channel.nio.AbstractNioByteChannel$NioByteUnsafe.read(AbstractNioByteChannel.java:151) [netty-transport-4.1.69.Final.jar:4.1.69.Final]
	at io.netty.channel.nio.NioEventLoop.processSelectedKey(NioEventLoop.java:719) [netty-transport-4.1.69.Final.jar:4.1.69.Final]
	at io.netty.channel.nio.NioEventLoop.processSelectedKeysOptimized(NioEventLoop.java:655) [netty-transport-4.1.69.Final.jar:4.1.69.Final]
	at io.netty.channel.nio.NioEventLoop.processSelectedKeys(NioEventLoop.java:581) [netty-transport-4.1.69.Final.jar:4.1.69.Final]
	at io.netty.channel.nio.NioEventLoop.run(NioEventLoop.java:493) [netty-transport-4.1.69.Final.jar:4.1.69.Final]
	at io.netty.util.concurrent.SingleThreadEventExecutor$4.run(SingleThreadEventExecutor.java:986) [netty-common-4.1.69.Final.jar:4.1.69.Final]
	at io.netty.util.internal.ThreadExecutorMap$2.run(ThreadExecutorMap.java:74) [netty-common-4.1.69.Final.jar:4.1.69.Final]
	at io.netty.util.concurrent.FastThreadLocalRunnable.run(FastThreadLocalRunnable.java:30) [netty-common-4.1.69.Final.jar:4.1.69.Final]
	at java.lang.Thread.run(Thread.java:833) [?:?]
2022-12-12 13:08:43 INFO  SetUp - Browser Closed..
2022-12-12 13:08:44 INFO  SetUp - Test Case_Login_Successfully Started
2022-12-12 13:08:44 INFO  SetUp - Test Case_Login_get Skipped as its Runmode is 'NO' 
2022-12-12 13:08:44 INFO  SetUp - Test Case_Login_Successfully Started
2022-12-12 13:08:44 INFO  SetUp - Test Case_Login_get Skipped as its Runmode is 'NO' 
2022-12-12 13:08:47 INFO  CommonMethods - Test Report Mail sent successfully to akila.raguram@crmnext.com
2022-12-12 13:10:38 INFO  Utils - [TestNG] Running:
  C:\Users\akila\OneDrive\Desktop\Automation Frameworks\CRMMasterFramework\MasterFramework\src\test\resources\RunnerFiles\testng.xml

2022-12-12 13:10:38 INFO  SetUp - Test Case_VerifyCRMLogin_Successfully Started
2022-12-12 13:10:40 INFO  WebDriverManager - Using chromedriver 108.0.5359.71 (resolved driver for Chrome 108)
2022-12-12 13:10:40 INFO  WebDriverManager - Exporting webdriver.chrome.driver as C:\Users\akila\.cache\selenium\chromedriver\win32\108.0.5359.71\chromedriver.exe
2022-12-12 13:10:44 INFO  SetUp - Chrome Browser Launched..
2022-12-12 13:10:46 INFO  SetUp - URL : https://kmb.crmnext.com/sng7/app/login/login
2022-12-12 13:10:47 INFO  ScreenShot - ScreenShot captured LoginPage || Status :Pass
2022-12-12 13:10:47 INFO  CommonMethods - Sucessfully clicked on Username_XPATH
2022-12-12 13:10:48 INFO  CommonMethods - Data sucessfully entered on Username_XPATH = admin2
2022-12-12 13:10:48 INFO  CommonMethods - Sucessfully clicked on password_XPATH
2022-12-12 13:10:48 INFO  CommonMethods - Data sucessfully entered on password_XPATH = acid_qa
2022-12-12 13:10:49 INFO  CommonMethods - Sucessfully clicked on loginBtn_XPATH
2022-12-12 13:12:49 ERROR SetUp - VerifyCRMLogin Get Failed due to 
Expected condition failed: waiting for visibility of element located by By.xpath: //div[@class="header__item header__profile ht-3 mid relative pointer"]/a (tried for 60 second(s) with 500 milliseconds interval)
Build info: version: '4.1.0', revision: '87802e897b'
System info: host: 'AKILA', ip: '192.168.1.36', os.name: 'Windows 11', os.arch: 'amd64', os.version: '10.0', java.version: '17.0.3'
Driver info: org.openqa.selenium.chrome.ChromeDriver
Capabilities {acceptInsecureCerts: false, browserName: chrome, browserVersion: 108.0.5359.99, chrome: {chromedriverVersion: 108.0.5359.71 (1e0e3868ee06..., userDataDir: C:\Users\akila\AppData\Loca...}, goog:chromeOptions: {debuggerAddress: localhost:64377}, javascriptEnabled: true, networkConnectionEnabled: false, pageLoadStrategy: normal, platform: WINDOWS, platformName: WINDOWS, proxy: Proxy(), se:cdp: ws://localhost:64377/devtoo..., se:cdpVersion: 108.0.5359.99, setWindowRect: true, strictFileInteractability: false, timeouts: {implicit: 0, pageLoad: 300000, script: 30000}, unhandledPromptBehavior: dismiss and notify, webauthn:extension:credBlob: true, webauthn:extension:largeBlob: true, webauthn:virtualAuthenticators: true}
Session ID: 5590902faeeae078938dafedf616fbe4
2022-12-12 13:12:50 INFO  ScreenShot - ScreenShot captured VerifyCRMLogin || Status :Fail
2022-12-12 13:12:51 INFO  CommonMethods - Row num for TestScenario = VerifyCRMLogin is = 1
2022-12-12 13:12:52 INFO  ExcelOperation - Write to excel with : Row=1 | Cell =5 | Data =Fail
2022-12-12 13:12:54 WARN  WebSocketHandler - onError
java.net.SocketException: Connection reset
	at sun.nio.ch.SocketChannelImpl.throwConnectionReset(SocketChannelImpl.java:394) ~[?:?]
	at sun.nio.ch.SocketChannelImpl.read(SocketChannelImpl.java:426) ~[?:?]
	at io.netty.buffer.PooledByteBuf.setBytes(PooledByteBuf.java:253) ~[netty-buffer-4.1.69.Final.jar:4.1.69.Final]
	at io.netty.buffer.AbstractByteBuf.writeBytes(AbstractByteBuf.java:1132) ~[netty-buffer-4.1.69.Final.jar:4.1.69.Final]
	at io.netty.channel.socket.nio.NioSocketChannel.doReadBytes(NioSocketChannel.java:350) ~[netty-transport-4.1.69.Final.jar:4.1.69.Final]
	at io.netty.channel.nio.AbstractNioByteChannel$NioByteUnsafe.read(AbstractNioByteChannel.java:151) [netty-transport-4.1.69.Final.jar:4.1.69.Final]
	at io.netty.channel.nio.NioEventLoop.processSelectedKey(NioEventLoop.java:719) [netty-transport-4.1.69.Final.jar:4.1.69.Final]
	at io.netty.channel.nio.NioEventLoop.processSelectedKeysOptimized(NioEventLoop.java:655) [netty-transport-4.1.69.Final.jar:4.1.69.Final]
	at io.netty.channel.nio.NioEventLoop.processSelectedKeys(NioEventLoop.java:581) [netty-transport-4.1.69.Final.jar:4.1.69.Final]
	at io.netty.channel.nio.NioEventLoop.run(NioEventLoop.java:493) [netty-transport-4.1.69.Final.jar:4.1.69.Final]
	at io.netty.util.concurrent.SingleThreadEventExecutor$4.run(SingleThreadEventExecutor.java:986) [netty-common-4.1.69.Final.jar:4.1.69.Final]
	at io.netty.util.internal.ThreadExecutorMap$2.run(ThreadExecutorMap.java:74) [netty-common-4.1.69.Final.jar:4.1.69.Final]
	at io.netty.util.concurrent.FastThreadLocalRunnable.run(FastThreadLocalRunnable.java:30) [netty-common-4.1.69.Final.jar:4.1.69.Final]
	at java.lang.Thread.run(Thread.java:833) [?:?]
2022-12-12 13:12:55 INFO  SetUp - Browser Closed..
2022-12-12 13:12:55 INFO  SetUp - Test Case_VerifyCRMLogin_Successfully Started
2022-12-12 13:12:55 INFO  WebDriverManager - Using chromedriver 108.0.5359.71 (resolved driver for Chrome 108)
2022-12-12 13:12:55 INFO  WebDriverManager - Exporting webdriver.chrome.driver as C:\Users\akila\.cache\selenium\chromedriver\win32\108.0.5359.71\chromedriver.exe
2022-12-12 13:12:57 INFO  SetUp - Chrome Browser Launched..
2022-12-12 13:12:59 INFO  SetUp - URL : https://kmb.crmnext.com/sng7/app/login/login
2022-12-12 13:12:59 INFO  ScreenShot - ScreenShot captured LoginPage || Status :Pass
2022-12-12 13:13:00 INFO  CommonMethods - Sucessfully clicked on Username_XPATH
2022-12-12 13:13:00 INFO  CommonMethods - Data sucessfully entered on Username_XPATH = admin
2022-12-12 13:13:00 INFO  CommonMethods - Sucessfully clicked on password_XPATH
2022-12-12 13:13:00 INFO  CommonMethods - Data sucessfully entered on password_XPATH = acid_qa
2022-12-12 13:13:04 INFO  CommonMethods - Sucessfully clicked on loginBtn_XPATH
2022-12-12 13:13:04 INFO  CommonMethods - Sucessfully clicked on ProfileBtn_XPATH
2022-12-12 13:13:06 INFO  ExcelOperation - Write to excel with : Row=3 | Cell =6 | Data =Kotak Bank Admin
2022-12-12 13:13:07 INFO  CommonMethods - Sucessfully clicked on ProfileBtn_XPATH
2022-12-12 13:13:07 INFO  CommonMethods - Sucessfully clicked on ProfileBtn_XPATH
2022-12-12 13:13:08 INFO  CommonMethods - Sucessfully clicked on logoutBtn_XPATH
2022-12-12 13:13:08 INFO  LoginPage - Sucessfully logout..
2022-12-12 13:13:09 INFO  SetUp - Test Case_VerifyCRMLogin_Successfully Passed
2022-12-12 13:13:09 INFO  CommonMethods - Row num for TestScenario = VerifyCRMLogin is = 1
2022-12-12 13:13:10 INFO  ExcelOperation - Write to excel with : Row=1 | Cell =5 | Data =Pass
2022-12-12 13:13:12 WARN  WebSocketHandler - onError
java.net.SocketException: Connection reset
	at sun.nio.ch.SocketChannelImpl.throwConnectionReset(SocketChannelImpl.java:394) ~[?:?]
	at sun.nio.ch.SocketChannelImpl.read(SocketChannelImpl.java:426) ~[?:?]
	at io.netty.buffer.PooledByteBuf.setBytes(PooledByteBuf.java:253) ~[netty-buffer-4.1.69.Final.jar:4.1.69.Final]
	at io.netty.buffer.AbstractByteBuf.writeBytes(AbstractByteBuf.java:1132) ~[netty-buffer-4.1.69.Final.jar:4.1.69.Final]
	at io.netty.channel.socket.nio.NioSocketChannel.doReadBytes(NioSocketChannel.java:350) ~[netty-transport-4.1.69.Final.jar:4.1.69.Final]
	at io.netty.channel.nio.AbstractNioByteChannel$NioByteUnsafe.read(AbstractNioByteChannel.java:151) [netty-transport-4.1.69.Final.jar:4.1.69.Final]
	at io.netty.channel.nio.NioEventLoop.processSelectedKey(NioEventLoop.java:719) [netty-transport-4.1.69.Final.jar:4.1.69.Final]
	at io.netty.channel.nio.NioEventLoop.processSelectedKeysOptimized(NioEventLoop.java:655) [netty-transport-4.1.69.Final.jar:4.1.69.Final]
	at io.netty.channel.nio.NioEventLoop.processSelectedKeys(NioEventLoop.java:581) [netty-transport-4.1.69.Final.jar:4.1.69.Final]
	at io.netty.channel.nio.NioEventLoop.run(NioEventLoop.java:493) [netty-transport-4.1.69.Final.jar:4.1.69.Final]
	at io.netty.util.concurrent.SingleThreadEventExecutor$4.run(SingleThreadEventExecutor.java:986) [netty-common-4.1.69.Final.jar:4.1.69.Final]
	at io.netty.util.internal.ThreadExecutorMap$2.run(ThreadExecutorMap.java:74) [netty-common-4.1.69.Final.jar:4.1.69.Final]
	at io.netty.util.concurrent.FastThreadLocalRunnable.run(FastThreadLocalRunnable.java:30) [netty-common-4.1.69.Final.jar:4.1.69.Final]
	at java.lang.Thread.run(Thread.java:833) [?:?]
2022-12-12 13:13:14 INFO  SetUp - Browser Closed..
2022-12-12 13:14:06 INFO  Utils - [TestNG] Running:
  C:\Users\akila\OneDrive\Desktop\Automation Frameworks\CRMMasterFramework\MasterFramework\src\test\resources\RunnerFiles\testng.xml

2022-12-12 13:14:06 INFO  SetUp - Test Case_VerifyCRMLogin_Successfully Started
2022-12-12 13:14:07 INFO  WebDriverManager - Using chromedriver 108.0.5359.71 (resolved driver for Chrome 108)
2022-12-12 13:14:07 INFO  WebDriverManager - Exporting webdriver.chrome.driver as C:\Users\akila\.cache\selenium\chromedriver\win32\108.0.5359.71\chromedriver.exe
2022-12-12 13:14:11 INFO  SetUp - Chrome Browser Launched..
2022-12-12 13:14:13 INFO  SetUp - URL : https://kmb.crmnext.com/sng7/app/login/login
2022-12-12 13:14:13 INFO  ScreenShot - ScreenShot captured LoginPage || Status :Pass
2022-12-12 13:14:14 INFO  CommonMethods - Sucessfully clicked on Username_XPATH
2022-12-12 13:14:14 INFO  CommonMethods - Data sucessfully entered on Username_XPATH = admin2
2022-12-12 13:14:14 INFO  CommonMethods - Sucessfully clicked on password_XPATH
2022-12-12 13:14:14 INFO  CommonMethods - Data sucessfully entered on password_XPATH = acid_qa
2022-12-12 13:14:15 INFO  CommonMethods - Sucessfully clicked on loginBtn_XPATH
2022-12-12 13:15:15 ERROR CommonMethods - Not Sucessfully clicked on ProfileBtn_XPATH due to :Expected condition failed: waiting for visibility of element located by By.xpath: //div[@class="header__item header__profile ht-3 mid relative pointer"]/a (tried for 60 second(s) with 500 milliseconds interval)
Build info: version: '4.1.0', revision: '87802e897b'
System info: host: 'AKILA', ip: '192.168.1.36', os.name: 'Windows 11', os.arch: 'amd64', os.version: '10.0', java.version: '17.0.3'
Driver info: org.openqa.selenium.chrome.ChromeDriver
Capabilities {acceptInsecureCerts: false, browserName: chrome, browserVersion: 108.0.5359.99, chrome: {chromedriverVersion: 108.0.5359.71 (1e0e3868ee06..., userDataDir: C:\Users\akila\AppData\Loca...}, goog:chromeOptions: {debuggerAddress: localhost:64442}, javascriptEnabled: true, networkConnectionEnabled: false, pageLoadStrategy: normal, platform: WINDOWS, platformName: WINDOWS, proxy: Proxy(), se:cdp: ws://localhost:64442/devtoo..., se:cdpVersion: 108.0.5359.99, setWindowRect: true, strictFileInteractability: false, timeouts: {implicit: 0, pageLoad: 300000, script: 30000}, unhandledPromptBehavior: dismiss and notify, webauthn:extension:credBlob: true, webauthn:extension:largeBlob: true, webauthn:virtualAuthenticators: true}
Session ID: 021a834f4b8d2504dc2accb5655499ff
2022-12-12 13:17:15 ERROR SetUp - VerifyCRMLogin Get Failed due to 
Expected condition failed: waiting for visibility of element located by By.xpath: //div[@class="header__item header__profile ht-3 mid relative pointer"]/a (tried for 60 second(s) with 500 milliseconds interval)
Build info: version: '4.1.0', revision: '87802e897b'
System info: host: 'AKILA', ip: '192.168.1.36', os.name: 'Windows 11', os.arch: 'amd64', os.version: '10.0', java.version: '17.0.3'
Driver info: org.openqa.selenium.chrome.ChromeDriver
Capabilities {acceptInsecureCerts: false, browserName: chrome, browserVersion: 108.0.5359.99, chrome: {chromedriverVersion: 108.0.5359.71 (1e0e3868ee06..., userDataDir: C:\Users\akila\AppData\Loca...}, goog:chromeOptions: {debuggerAddress: localhost:64442}, javascriptEnabled: true, networkConnectionEnabled: false, pageLoadStrategy: normal, platform: WINDOWS, platformName: WINDOWS, proxy: Proxy(), se:cdp: ws://localhost:64442/devtoo..., se:cdpVersion: 108.0.5359.99, setWindowRect: true, strictFileInteractability: false, timeouts: {implicit: 0, pageLoad: 300000, script: 30000}, unhandledPromptBehavior: dismiss and notify, webauthn:extension:credBlob: true, webauthn:extension:largeBlob: true, webauthn:virtualAuthenticators: true}
Session ID: 021a834f4b8d2504dc2accb5655499ff
2022-12-12 13:17:16 INFO  ScreenShot - ScreenShot captured VerifyCRMLogin || Status :Fail
2022-12-12 13:17:16 INFO  CommonMethods - Row num for TestScenario = VerifyCRMLogin is = 1
2022-12-12 13:17:17 INFO  ExcelOperation - Write to excel with : Row=1 | Cell =5 | Data =Fail
2022-12-12 13:17:19 WARN  WebSocketHandler - onError
java.net.SocketException: Connection reset
	at sun.nio.ch.SocketChannelImpl.throwConnectionReset(SocketChannelImpl.java:394) ~[?:?]
	at sun.nio.ch.SocketChannelImpl.read(SocketChannelImpl.java:426) ~[?:?]
	at io.netty.buffer.PooledByteBuf.setBytes(PooledByteBuf.java:253) ~[netty-buffer-4.1.69.Final.jar:4.1.69.Final]
	at io.netty.buffer.AbstractByteBuf.writeBytes(AbstractByteBuf.java:1132) ~[netty-buffer-4.1.69.Final.jar:4.1.69.Final]
	at io.netty.channel.socket.nio.NioSocketChannel.doReadBytes(NioSocketChannel.java:350) ~[netty-transport-4.1.69.Final.jar:4.1.69.Final]
	at io.netty.channel.nio.AbstractNioByteChannel$NioByteUnsafe.read(AbstractNioByteChannel.java:151) [netty-transport-4.1.69.Final.jar:4.1.69.Final]
	at io.netty.channel.nio.NioEventLoop.processSelectedKey(NioEventLoop.java:719) [netty-transport-4.1.69.Final.jar:4.1.69.Final]
	at io.netty.channel.nio.NioEventLoop.processSelectedKeysOptimized(NioEventLoop.java:655) [netty-transport-4.1.69.Final.jar:4.1.69.Final]
	at io.netty.channel.nio.NioEventLoop.processSelectedKeys(NioEventLoop.java:581) [netty-transport-4.1.69.Final.jar:4.1.69.Final]
	at io.netty.channel.nio.NioEventLoop.run(NioEventLoop.java:493) [netty-transport-4.1.69.Final.jar:4.1.69.Final]
	at io.netty.util.concurrent.SingleThreadEventExecutor$4.run(SingleThreadEventExecutor.java:986) [netty-common-4.1.69.Final.jar:4.1.69.Final]
	at io.netty.util.internal.ThreadExecutorMap$2.run(ThreadExecutorMap.java:74) [netty-common-4.1.69.Final.jar:4.1.69.Final]
	at io.netty.util.concurrent.FastThreadLocalRunnable.run(FastThreadLocalRunnable.java:30) [netty-common-4.1.69.Final.jar:4.1.69.Final]
	at java.lang.Thread.run(Thread.java:833) [?:?]
2022-12-12 13:17:20 INFO  SetUp - Browser Closed..
2022-12-12 13:17:20 INFO  SetUp - Test Case_VerifyCRMLogin_Successfully Started
2022-12-12 13:17:21 INFO  WebDriverManager - Using chromedriver 108.0.5359.71 (resolved driver for Chrome 108)
2022-12-12 13:17:21 INFO  WebDriverManager - Exporting webdriver.chrome.driver as C:\Users\akila\.cache\selenium\chromedriver\win32\108.0.5359.71\chromedriver.exe
2022-12-12 13:17:23 INFO  SetUp - Chrome Browser Launched..
2022-12-12 13:17:24 INFO  SetUp - URL : https://kmb.crmnext.com/sng7/app/login/login
2022-12-12 13:17:25 INFO  ScreenShot - ScreenShot captured LoginPage || Status :Pass
2022-12-12 13:17:25 INFO  CommonMethods - Sucessfully clicked on Username_XPATH
2022-12-12 13:17:25 INFO  CommonMethods - Data sucessfully entered on Username_XPATH = admin
2022-12-12 13:17:26 INFO  CommonMethods - Sucessfully clicked on password_XPATH
2022-12-12 13:17:26 INFO  CommonMethods - Data sucessfully entered on password_XPATH = acid_qa
2022-12-12 13:17:30 INFO  CommonMethods - Sucessfully clicked on loginBtn_XPATH
2022-12-12 13:17:30 INFO  CommonMethods - Sucessfully clicked on ProfileBtn_XPATH
2022-12-12 13:17:31 INFO  ExcelOperation - Write to excel with : Row=3 | Cell =6 | Data =Kotak Bank Admin
2022-12-12 13:17:33 INFO  CommonMethods - Sucessfully clicked on ProfileBtn_XPATH
2022-12-12 13:17:33 INFO  CommonMethods - Sucessfully clicked on ProfileBtn_XPATH
2022-12-12 13:17:34 INFO  CommonMethods - Sucessfully clicked on logoutBtn_XPATH
2022-12-12 13:17:34 INFO  LoginPage - Sucessfully logout..
2022-12-12 13:17:34 INFO  SetUp - Test Case_VerifyCRMLogin_Successfully Passed
2022-12-12 13:17:35 INFO  CommonMethods - Row num for TestScenario = VerifyCRMLogin is = 1
2022-12-12 13:17:36 INFO  ExcelOperation - Write to excel with : Row=1 | Cell =5 | Data =Pass
2022-12-12 13:17:38 WARN  WebSocketHandler - onError
java.net.SocketException: Connection reset
	at sun.nio.ch.SocketChannelImpl.throwConnectionReset(SocketChannelImpl.java:394) ~[?:?]
	at sun.nio.ch.SocketChannelImpl.read(SocketChannelImpl.java:426) ~[?:?]
	at io.netty.buffer.PooledByteBuf.setBytes(PooledByteBuf.java:253) ~[netty-buffer-4.1.69.Final.jar:4.1.69.Final]
	at io.netty.buffer.AbstractByteBuf.writeBytes(AbstractByteBuf.java:1132) ~[netty-buffer-4.1.69.Final.jar:4.1.69.Final]
	at io.netty.channel.socket.nio.NioSocketChannel.doReadBytes(NioSocketChannel.java:350) ~[netty-transport-4.1.69.Final.jar:4.1.69.Final]
	at io.netty.channel.nio.AbstractNioByteChannel$NioByteUnsafe.read(AbstractNioByteChannel.java:151) [netty-transport-4.1.69.Final.jar:4.1.69.Final]
	at io.netty.channel.nio.NioEventLoop.processSelectedKey(NioEventLoop.java:719) [netty-transport-4.1.69.Final.jar:4.1.69.Final]
	at io.netty.channel.nio.NioEventLoop.processSelectedKeysOptimized(NioEventLoop.java:655) [netty-transport-4.1.69.Final.jar:4.1.69.Final]
	at io.netty.channel.nio.NioEventLoop.processSelectedKeys(NioEventLoop.java:581) [netty-transport-4.1.69.Final.jar:4.1.69.Final]
	at io.netty.channel.nio.NioEventLoop.run(NioEventLoop.java:493) [netty-transport-4.1.69.Final.jar:4.1.69.Final]
	at io.netty.util.concurrent.SingleThreadEventExecutor$4.run(SingleThreadEventExecutor.java:986) [netty-common-4.1.69.Final.jar:4.1.69.Final]
	at io.netty.util.internal.ThreadExecutorMap$2.run(ThreadExecutorMap.java:74) [netty-common-4.1.69.Final.jar:4.1.69.Final]
	at io.netty.util.concurrent.FastThreadLocalRunnable.run(FastThreadLocalRunnable.java:30) [netty-common-4.1.69.Final.jar:4.1.69.Final]
	at java.lang.Thread.run(Thread.java:833) [?:?]
2022-12-12 13:17:38 INFO  SetUp - Browser Closed..
2022-12-12 13:17:39 INFO  SetUp - Test Case_Login_Successfully Started
2022-12-12 13:17:40 INFO  SetUp - Test Case_Login_get Skipped as its Runmode is 'NO' 
2022-12-12 13:17:40 INFO  SetUp - Test Case_Login_Successfully Started
2022-12-12 13:17:40 INFO  SetUp - Test Case_Login_get Skipped as its Runmode is 'NO' 
2022-12-12 13:17:42 INFO  CommonMethods - Test Report Mail sent successfully to akila.raguram@crmnext.com
2022-12-12 13:20:11 INFO  Utils - [TestNG] Running:
  C:\Users\akila\OneDrive\Desktop\Automation Frameworks\CRMMasterFramework\MasterFramework\src\test\resources\RunnerFiles\testng.xml

2022-12-12 13:20:11 INFO  SetUp - Test Case_VerifyCRMLogin_Successfully Started
2022-12-12 13:20:13 INFO  WebDriverManager - Using chromedriver 108.0.5359.71 (resolved driver for Chrome 108)
2022-12-12 13:20:13 INFO  WebDriverManager - Exporting webdriver.chrome.driver as C:\Users\akila\.cache\selenium\chromedriver\win32\108.0.5359.71\chromedriver.exe
2022-12-12 13:20:17 INFO  SetUp - Chrome Browser Launched..
2022-12-12 13:20:28 INFO  SetUp - URL : https://kmb.crmnext.com/sng7/app/login/login
2022-12-12 13:20:29 INFO  ScreenShot - ScreenShot captured LoginPage || Status :Pass
2022-12-12 13:20:29 INFO  CommonMethods - Sucessfully clicked on Username_XPATH
2022-12-12 13:20:29 INFO  CommonMethods - Data sucessfully entered on Username_XPATH = admin2
2022-12-12 13:20:29 INFO  CommonMethods - Sucessfully clicked on password_XPATH
2022-12-12 13:20:30 INFO  CommonMethods - Data sucessfully entered on password_XPATH = acid_qa
2022-12-12 13:20:31 INFO  CommonMethods - Sucessfully clicked on loginBtn_XPATH
2022-12-12 13:21:31 ERROR CommonMethods - Not Sucessfully clicked on ProfileBtn_XPATH due to :Expected condition failed: waiting for visibility of element located by By.xpath: //div[@class="header__item header__profile ht-3 mid relative pointer"]/a (tried for 60 second(s) with 500 milliseconds interval)
Build info: version: '4.1.0', revision: '87802e897b'
System info: host: 'AKILA', ip: '192.168.1.36', os.name: 'Windows 11', os.arch: 'amd64', os.version: '10.0', java.version: '17.0.3'
Driver info: org.openqa.selenium.chrome.ChromeDriver
Capabilities {acceptInsecureCerts: false, browserName: chrome, browserVersion: 108.0.5359.99, chrome: {chromedriverVersion: 108.0.5359.71 (1e0e3868ee06..., userDataDir: C:\Users\akila\AppData\Loca...}, goog:chromeOptions: {debuggerAddress: localhost:64518}, javascriptEnabled: true, networkConnectionEnabled: false, pageLoadStrategy: normal, platform: WINDOWS, platformName: WINDOWS, proxy: Proxy(), se:cdp: ws://localhost:64518/devtoo..., se:cdpVersion: 108.0.5359.99, setWindowRect: true, strictFileInteractability: false, timeouts: {implicit: 0, pageLoad: 300000, script: 30000}, unhandledPromptBehavior: dismiss and notify, webauthn:extension:credBlob: true, webauthn:extension:largeBlob: true, webauthn:virtualAuthenticators: true}
Session ID: 0a703dbcb96d5730433afff6c757672a
2022-12-12 13:22:31 ERROR CommonMethods - Not Sucessfully clicked on UserID_XPATH due to :Expected condition failed: waiting for visibility of element located by By.xpath: //span[@data-autoid='UserName_ctrl'] (tried for 60 second(s) with 500 milliseconds interval)
Build info: version: '4.1.0', revision: '87802e897b'
System info: host: 'AKILA', ip: '192.168.1.36', os.name: 'Windows 11', os.arch: 'amd64', os.version: '10.0', java.version: '17.0.3'
Driver info: org.openqa.selenium.chrome.ChromeDriver
Capabilities {acceptInsecureCerts: false, browserName: chrome, browserVersion: 108.0.5359.99, chrome: {chromedriverVersion: 108.0.5359.71 (1e0e3868ee06..., userDataDir: C:\Users\akila\AppData\Loca...}, goog:chromeOptions: {debuggerAddress: localhost:64518}, javascriptEnabled: true, networkConnectionEnabled: false, pageLoadStrategy: normal, platform: WINDOWS, platformName: WINDOWS, proxy: Proxy(), se:cdp: ws://localhost:64518/devtoo..., se:cdpVersion: 108.0.5359.99, setWindowRect: true, strictFileInteractability: false, timeouts: {implicit: 0, pageLoad: 300000, script: 30000}, unhandledPromptBehavior: dismiss and notify, webauthn:extension:credBlob: true, webauthn:extension:largeBlob: true, webauthn:virtualAuthenticators: true}
Session ID: 0a703dbcb96d5730433afff6c757672a
2022-12-12 13:22:32 INFO  ExcelOperation - Write to excel with : Row=2 | Cell =6 | Data =UserID_XPATH
2022-12-12 13:23:34 ERROR CommonMethods - Not Sucessfully clicked on ProfileBtn_XPATH due to :Expected condition failed: waiting for visibility of element located by By.xpath: //div[@class="header__item header__profile ht-3 mid relative pointer"]/a (tried for 60 second(s) with 500 milliseconds interval)
Build info: version: '4.1.0', revision: '87802e897b'
System info: host: 'AKILA', ip: '192.168.1.36', os.name: 'Windows 11', os.arch: 'amd64', os.version: '10.0', java.version: '17.0.3'
Driver info: org.openqa.selenium.chrome.ChromeDriver
Capabilities {acceptInsecureCerts: false, browserName: chrome, browserVersion: 108.0.5359.99, chrome: {chromedriverVersion: 108.0.5359.71 (1e0e3868ee06..., userDataDir: C:\Users\akila\AppData\Loca...}, goog:chromeOptions: {debuggerAddress: localhost:64518}, javascriptEnabled: true, networkConnectionEnabled: false, pageLoadStrategy: normal, platform: WINDOWS, platformName: WINDOWS, proxy: Proxy(), se:cdp: ws://localhost:64518/devtoo..., se:cdpVersion: 108.0.5359.99, setWindowRect: true, strictFileInteractability: false, timeouts: {implicit: 0, pageLoad: 300000, script: 30000}, unhandledPromptBehavior: dismiss and notify, webauthn:extension:credBlob: true, webauthn:extension:largeBlob: true, webauthn:virtualAuthenticators: true}
Session ID: 0a703dbcb96d5730433afff6c757672a
2022-12-12 13:24:34 ERROR SetUp - VerifyCRMLogin Get Failed due to 
Expected condition failed: waiting for visibility of element located by By.xpath: //div[@class="header__item header__profile ht-3 mid relative pointer"]/a (tried for 60 second(s) with 500 milliseconds interval)
Build info: version: '4.1.0', revision: '87802e897b'
System info: host: 'AKILA', ip: '192.168.1.36', os.name: 'Windows 11', os.arch: 'amd64', os.version: '10.0', java.version: '17.0.3'
Driver info: org.openqa.selenium.chrome.ChromeDriver
Capabilities {acceptInsecureCerts: false, browserName: chrome, browserVersion: 108.0.5359.99, chrome: {chromedriverVersion: 108.0.5359.71 (1e0e3868ee06..., userDataDir: C:\Users\akila\AppData\Loca...}, goog:chromeOptions: {debuggerAddress: localhost:64518}, javascriptEnabled: true, networkConnectionEnabled: false, pageLoadStrategy: normal, platform: WINDOWS, platformName: WINDOWS, proxy: Proxy(), se:cdp: ws://localhost:64518/devtoo..., se:cdpVersion: 108.0.5359.99, setWindowRect: true, strictFileInteractability: false, timeouts: {implicit: 0, pageLoad: 300000, script: 30000}, unhandledPromptBehavior: dismiss and notify, webauthn:extension:credBlob: true, webauthn:extension:largeBlob: true, webauthn:virtualAuthenticators: true}
Session ID: 0a703dbcb96d5730433afff6c757672a
2022-12-12 13:24:35 INFO  ScreenShot - ScreenShot captured VerifyCRMLogin || Status :Fail
2022-12-12 13:24:36 INFO  CommonMethods - Row num for TestScenario = VerifyCRMLogin is = 1
2022-12-12 13:24:37 INFO  ExcelOperation - Write to excel with : Row=1 | Cell =5 | Data =Fail
2022-12-12 13:24:39 WARN  WebSocketHandler - onError
java.net.SocketException: Connection reset
	at sun.nio.ch.SocketChannelImpl.throwConnectionReset(SocketChannelImpl.java:394) ~[?:?]
	at sun.nio.ch.SocketChannelImpl.read(SocketChannelImpl.java:426) ~[?:?]
	at io.netty.buffer.PooledByteBuf.setBytes(PooledByteBuf.java:253) ~[netty-buffer-4.1.69.Final.jar:4.1.69.Final]
	at io.netty.buffer.AbstractByteBuf.writeBytes(AbstractByteBuf.java:1132) ~[netty-buffer-4.1.69.Final.jar:4.1.69.Final]
	at io.netty.channel.socket.nio.NioSocketChannel.doReadBytes(NioSocketChannel.java:350) ~[netty-transport-4.1.69.Final.jar:4.1.69.Final]
	at io.netty.channel.nio.AbstractNioByteChannel$NioByteUnsafe.read(AbstractNioByteChannel.java:151) [netty-transport-4.1.69.Final.jar:4.1.69.Final]
	at io.netty.channel.nio.NioEventLoop.processSelectedKey(NioEventLoop.java:719) [netty-transport-4.1.69.Final.jar:4.1.69.Final]
	at io.netty.channel.nio.NioEventLoop.processSelectedKeysOptimized(NioEventLoop.java:655) [netty-transport-4.1.69.Final.jar:4.1.69.Final]
	at io.netty.channel.nio.NioEventLoop.processSelectedKeys(NioEventLoop.java:581) [netty-transport-4.1.69.Final.jar:4.1.69.Final]
	at io.netty.channel.nio.NioEventLoop.run(NioEventLoop.java:493) [netty-transport-4.1.69.Final.jar:4.1.69.Final]
	at io.netty.util.concurrent.SingleThreadEventExecutor$4.run(SingleThreadEventExecutor.java:986) [netty-common-4.1.69.Final.jar:4.1.69.Final]
	at io.netty.util.internal.ThreadExecutorMap$2.run(ThreadExecutorMap.java:74) [netty-common-4.1.69.Final.jar:4.1.69.Final]
	at io.netty.util.concurrent.FastThreadLocalRunnable.run(FastThreadLocalRunnable.java:30) [netty-common-4.1.69.Final.jar:4.1.69.Final]
	at java.lang.Thread.run(Thread.java:833) [?:?]
2022-12-12 13:24:39 INFO  SetUp - Browser Closed..
2022-12-12 13:24:39 INFO  SetUp - Test Case_VerifyCRMLogin_Successfully Started
2022-12-12 13:24:40 INFO  WebDriverManager - Using chromedriver 108.0.5359.71 (resolved driver for Chrome 108)
2022-12-12 13:24:40 INFO  WebDriverManager - Exporting webdriver.chrome.driver as C:\Users\akila\.cache\selenium\chromedriver\win32\108.0.5359.71\chromedriver.exe
2022-12-12 13:24:42 INFO  SetUp - Chrome Browser Launched..
2022-12-12 13:24:43 INFO  SetUp - URL : https://kmb.crmnext.com/sng7/app/login/login
2022-12-12 13:24:44 INFO  ScreenShot - ScreenShot captured LoginPage || Status :Pass
2022-12-12 13:24:44 INFO  CommonMethods - Sucessfully clicked on Username_XPATH
2022-12-12 13:24:44 INFO  CommonMethods - Data sucessfully entered on Username_XPATH = admin
2022-12-12 13:24:44 INFO  CommonMethods - Sucessfully clicked on password_XPATH
2022-12-12 13:24:45 INFO  CommonMethods - Data sucessfully entered on password_XPATH = acid_qa
2022-12-12 13:24:48 INFO  CommonMethods - Sucessfully clicked on loginBtn_XPATH
2022-12-12 13:24:48 INFO  CommonMethods - Sucessfully clicked on ProfileBtn_XPATH
2022-12-12 13:24:50 INFO  ExcelOperation - Write to excel with : Row=3 | Cell =6 | Data =Kotak Bank Admin
2022-12-12 13:24:51 INFO  CommonMethods - Sucessfully clicked on ProfileBtn_XPATH
2022-12-12 13:24:51 INFO  CommonMethods - Sucessfully clicked on ProfileBtn_XPATH
2022-12-12 13:24:52 INFO  CommonMethods - Sucessfully clicked on logoutBtn_XPATH
2022-12-12 13:24:52 INFO  LoginPage - Sucessfully logout..
2022-12-12 13:24:53 INFO  SetUp - Test Case_VerifyCRMLogin_Successfully Passed
2022-12-12 13:24:53 INFO  CommonMethods - Row num for TestScenario = VerifyCRMLogin is = 1
2022-12-12 13:24:54 INFO  ExcelOperation - Write to excel with : Row=1 | Cell =5 | Data =Pass
2022-12-12 13:24:56 WARN  WebSocketHandler - onError
java.net.SocketException: Connection reset
	at sun.nio.ch.SocketChannelImpl.throwConnectionReset(SocketChannelImpl.java:394) ~[?:?]
	at sun.nio.ch.SocketChannelImpl.read(SocketChannelImpl.java:426) ~[?:?]
	at io.netty.buffer.PooledByteBuf.setBytes(PooledByteBuf.java:253) ~[netty-buffer-4.1.69.Final.jar:4.1.69.Final]
	at io.netty.buffer.AbstractByteBuf.writeBytes(AbstractByteBuf.java:1132) ~[netty-buffer-4.1.69.Final.jar:4.1.69.Final]
	at io.netty.channel.socket.nio.NioSocketChannel.doReadBytes(NioSocketChannel.java:350) ~[netty-transport-4.1.69.Final.jar:4.1.69.Final]
	at io.netty.channel.nio.AbstractNioByteChannel$NioByteUnsafe.read(AbstractNioByteChannel.java:151) [netty-transport-4.1.69.Final.jar:4.1.69.Final]
	at io.netty.channel.nio.NioEventLoop.processSelectedKey(NioEventLoop.java:719) [netty-transport-4.1.69.Final.jar:4.1.69.Final]
	at io.netty.channel.nio.NioEventLoop.processSelectedKeysOptimized(NioEventLoop.java:655) [netty-transport-4.1.69.Final.jar:4.1.69.Final]
	at io.netty.channel.nio.NioEventLoop.processSelectedKeys(NioEventLoop.java:581) [netty-transport-4.1.69.Final.jar:4.1.69.Final]
	at io.netty.channel.nio.NioEventLoop.run(NioEventLoop.java:493) [netty-transport-4.1.69.Final.jar:4.1.69.Final]
	at io.netty.util.concurrent.SingleThreadEventExecutor$4.run(SingleThreadEventExecutor.java:986) [netty-common-4.1.69.Final.jar:4.1.69.Final]
	at io.netty.util.internal.ThreadExecutorMap$2.run(ThreadExecutorMap.java:74) [netty-common-4.1.69.Final.jar:4.1.69.Final]
	at io.netty.util.concurrent.FastThreadLocalRunnable.run(FastThreadLocalRunnable.java:30) [netty-common-4.1.69.Final.jar:4.1.69.Final]
	at java.lang.Thread.run(Thread.java:833) [?:?]
2022-12-12 13:24:56 INFO  SetUp - Browser Closed..
2022-12-12 13:24:57 INFO  SetUp - Test Case_Login_Successfully Started
2022-12-12 13:24:57 INFO  SetUp - Test Case_Login_get Skipped as its Runmode is 'NO' 
2022-12-12 13:24:57 INFO  SetUp - Test Case_Login_Successfully Started
2022-12-12 13:24:57 INFO  SetUp - Test Case_Login_get Skipped as its Runmode is 'NO' 
2022-12-12 13:25:00 INFO  CommonMethods - Test Report Mail sent successfully to akila.raguram@crmnext.com
2022-12-12 13:43:03 INFO  Utils - [TestNG] Running:
  C:\Users\akila\OneDrive\Desktop\Automation Frameworks\CRMMasterFramework\MasterFramework\src\test\resources\RunnerFiles\testng.xml

2022-12-12 13:43:03 INFO  SetUp - Test Case_VerifyCRMLogin_Successfully Started
2022-12-12 13:43:04 INFO  WebDriverManager - Using chromedriver 108.0.5359.71 (resolved driver for Chrome 108)
2022-12-12 13:43:04 INFO  WebDriverManager - Exporting webdriver.chrome.driver as C:\Users\akila\.cache\selenium\chromedriver\win32\108.0.5359.71\chromedriver.exe
2022-12-12 13:43:07 INFO  SetUp - Chrome Browser Launched..
2022-12-12 13:43:09 INFO  SetUp - URL : https://kmb.crmnext.com/sng7/app/login/login
2022-12-12 13:43:09 INFO  ScreenShot - ScreenShot captured LoginPage || Status :Pass
2022-12-12 13:43:09 INFO  CommonMethods - Sucessfully clicked on Username_XPATH
2022-12-12 13:43:10 INFO  CommonMethods - Data sucessfully entered on Username_XPATH = admin2
2022-12-12 13:43:10 INFO  CommonMethods - Sucessfully clicked on password_XPATH
2022-12-12 13:43:10 INFO  CommonMethods - Data sucessfully entered on password_XPATH = acid_qa
2022-12-12 13:43:10 INFO  CommonMethods - Sucessfully clicked on loginBtn_XPATH
2022-12-12 13:44:11 ERROR CommonMethods - Element: ProfileBtn_XPATH not visible: Expected condition failed: waiting for visibility of element located by By.xpath: //div[@class="header__item header__profile ht-3 mid relative pointer"]/a (tried for 60 second(s) with 500 milliseconds interval)
Build info: version: '4.1.0', revision: '87802e897b'
System info: host: 'AKILA', ip: '192.168.1.36', os.name: 'Windows 11', os.arch: 'amd64', os.version: '10.0', java.version: '17.0.3'
Driver info: org.openqa.selenium.chrome.ChromeDriver
Capabilities {acceptInsecureCerts: false, browserName: chrome, browserVersion: 108.0.5359.99, chrome: {chromedriverVersion: 108.0.5359.71 (1e0e3868ee06..., userDataDir: C:\Users\akila\AppData\Loca...}, goog:chromeOptions: {debuggerAddress: localhost:64691}, javascriptEnabled: true, networkConnectionEnabled: false, pageLoadStrategy: normal, platform: WINDOWS, platformName: WINDOWS, proxy: Proxy(), se:cdp: ws://localhost:64691/devtoo..., se:cdpVersion: 108.0.5359.99, setWindowRect: true, strictFileInteractability: false, timeouts: {implicit: 0, pageLoad: 300000, script: 30000}, unhandledPromptBehavior: dismiss and notify, webauthn:extension:credBlob: true, webauthn:extension:largeBlob: true, webauthn:virtualAuthenticators: true}
Session ID: 205151900d1ae8a8db93603ddbf2fe7f
2022-12-12 13:44:11 ERROR CommonMethods - Not Sucessfully highlighted on ProfileBtn_XPATH due to :no such element: Unable to locate element: {"method":"xpath","selector":"//div[@class="header__item header__profile ht-3 mid relative pointer"]/a"}
  (Session info: chrome=108.0.5359.99)
For documentation on this error, please visit: https://selenium.dev/exceptions/#no_such_element
Build info: version: '4.1.0', revision: '87802e897b'
System info: host: 'AKILA', ip: '192.168.1.36', os.name: 'Windows 11', os.arch: 'amd64', os.version: '10.0', java.version: '17.0.3'
Driver info: org.openqa.selenium.chrome.ChromeDriver
Command: [205151900d1ae8a8db93603ddbf2fe7f, findElement {using=xpath, value=//div[@class="header__item header__profile ht-3 mid relative pointer"]/a}]
Capabilities {acceptInsecureCerts: false, browserName: chrome, browserVersion: 108.0.5359.99, chrome: {chromedriverVersion: 108.0.5359.71 (1e0e3868ee06..., userDataDir: C:\Users\akila\AppData\Loca...}, goog:chromeOptions: {debuggerAddress: localhost:64691}, javascriptEnabled: true, networkConnectionEnabled: false, pageLoadStrategy: normal, platform: WINDOWS, platformName: WINDOWS, proxy: Proxy(), se:cdp: ws://localhost:64691/devtoo..., se:cdpVersion: 108.0.5359.99, setWindowRect: true, strictFileInteractability: false, timeouts: {implicit: 0, pageLoad: 300000, script: 30000}, unhandledPromptBehavior: dismiss and notify, webauthn:extension:credBlob: true, webauthn:extension:largeBlob: true, webauthn:virtualAuthenticators: true}
Session ID: 205151900d1ae8a8db93603ddbf2fe7f
2022-12-12 13:45:11 ERROR CommonMethods - Element: ProfileBtn_XPATH not visible: Expected condition failed: waiting for visibility of element located by By.xpath: //div[@class="header__item header__profile ht-3 mid relative pointer"]/a (tried for 60 second(s) with 500 milliseconds interval)
Build info: version: '4.1.0', revision: '87802e897b'
System info: host: 'AKILA', ip: '192.168.1.36', os.name: 'Windows 11', os.arch: 'amd64', os.version: '10.0', java.version: '17.0.3'
Driver info: org.openqa.selenium.chrome.ChromeDriver
Capabilities {acceptInsecureCerts: false, browserName: chrome, browserVersion: 108.0.5359.99, chrome: {chromedriverVersion: 108.0.5359.71 (1e0e3868ee06..., userDataDir: C:\Users\akila\AppData\Loca...}, goog:chromeOptions: {debuggerAddress: localhost:64691}, javascriptEnabled: true, networkConnectionEnabled: false, pageLoadStrategy: normal, platform: WINDOWS, platformName: WINDOWS, proxy: Proxy(), se:cdp: ws://localhost:64691/devtoo..., se:cdpVersion: 108.0.5359.99, setWindowRect: true, strictFileInteractability: false, timeouts: {implicit: 0, pageLoad: 300000, script: 30000}, unhandledPromptBehavior: dismiss and notify, webauthn:extension:credBlob: true, webauthn:extension:largeBlob: true, webauthn:virtualAuthenticators: true}
Session ID: 205151900d1ae8a8db93603ddbf2fe7f
2022-12-12 13:45:11 ERROR CommonMethods - Not Sucessfully clicked on ProfileBtn_XPATH due to :no such element: Unable to locate element: {"method":"xpath","selector":"//div[@class="header__item header__profile ht-3 mid relative pointer"]/a"}
  (Session info: chrome=108.0.5359.99)
For documentation on this error, please visit: https://selenium.dev/exceptions/#no_such_element
Build info: version: '4.1.0', revision: '87802e897b'
System info: host: 'AKILA', ip: '192.168.1.36', os.name: 'Windows 11', os.arch: 'amd64', os.version: '10.0', java.version: '17.0.3'
Driver info: org.openqa.selenium.chrome.ChromeDriver
Command: [205151900d1ae8a8db93603ddbf2fe7f, findElement {using=xpath, value=//div[@class="header__item header__profile ht-3 mid relative pointer"]/a}]
Capabilities {acceptInsecureCerts: false, browserName: chrome, browserVersion: 108.0.5359.99, chrome: {chromedriverVersion: 108.0.5359.71 (1e0e3868ee06..., userDataDir: C:\Users\akila\AppData\Loca...}, goog:chromeOptions: {debuggerAddress: localhost:64691}, javascriptEnabled: true, networkConnectionEnabled: false, pageLoadStrategy: normal, platform: WINDOWS, platformName: WINDOWS, proxy: Proxy(), se:cdp: ws://localhost:64691/devtoo..., se:cdpVersion: 108.0.5359.99, setWindowRect: true, strictFileInteractability: false, timeouts: {implicit: 0, pageLoad: 300000, script: 30000}, unhandledPromptBehavior: dismiss and notify, webauthn:extension:credBlob: true, webauthn:extension:largeBlob: true, webauthn:virtualAuthenticators: true}
Session ID: 205151900d1ae8a8db93603ddbf2fe7f
2022-12-12 13:46:11 ERROR CommonMethods - Element: UserID_XPATH not visible: Expected condition failed: waiting for visibility of element located by By.xpath: //span[@data-autoid='UserName_ctrl'] (tried for 60 second(s) with 500 milliseconds interval)
Build info: version: '4.1.0', revision: '87802e897b'
System info: host: 'AKILA', ip: '192.168.1.36', os.name: 'Windows 11', os.arch: 'amd64', os.version: '10.0', java.version: '17.0.3'
Driver info: org.openqa.selenium.chrome.ChromeDriver
Capabilities {acceptInsecureCerts: false, browserName: chrome, browserVersion: 108.0.5359.99, chrome: {chromedriverVersion: 108.0.5359.71 (1e0e3868ee06..., userDataDir: C:\Users\akila\AppData\Loca...}, goog:chromeOptions: {debuggerAddress: localhost:64691}, javascriptEnabled: true, networkConnectionEnabled: false, pageLoadStrategy: normal, platform: WINDOWS, platformName: WINDOWS, proxy: Proxy(), se:cdp: ws://localhost:64691/devtoo..., se:cdpVersion: 108.0.5359.99, setWindowRect: true, strictFileInteractability: false, timeouts: {implicit: 0, pageLoad: 300000, script: 30000}, unhandledPromptBehavior: dismiss and notify, webauthn:extension:credBlob: true, webauthn:extension:largeBlob: true, webauthn:virtualAuthenticators: true}
Session ID: 205151900d1ae8a8db93603ddbf2fe7f
2022-12-12 13:46:12 ERROR CommonMethods - Not able to get text on UserID_XPATH due to :no such element: Unable to locate element: {"method":"xpath","selector":"//span[@data-autoid='UserName_ctrl']"}
  (Session info: chrome=108.0.5359.99)
For documentation on this error, please visit: https://selenium.dev/exceptions/#no_such_element
Build info: version: '4.1.0', revision: '87802e897b'
System info: host: 'AKILA', ip: '192.168.1.36', os.name: 'Windows 11', os.arch: 'amd64', os.version: '10.0', java.version: '17.0.3'
Driver info: org.openqa.selenium.chrome.ChromeDriver
Command: [205151900d1ae8a8db93603ddbf2fe7f, findElement {using=xpath, value=//span[@data-autoid='UserName_ctrl']}]
Capabilities {acceptInsecureCerts: false, browserName: chrome, browserVersion: 108.0.5359.99, chrome: {chromedriverVersion: 108.0.5359.71 (1e0e3868ee06..., userDataDir: C:\Users\akila\AppData\Loca...}, goog:chromeOptions: {debuggerAddress: localhost:64691}, javascriptEnabled: true, networkConnectionEnabled: false, pageLoadStrategy: normal, platform: WINDOWS, platformName: WINDOWS, proxy: Proxy(), se:cdp: ws://localhost:64691/devtoo..., se:cdpVersion: 108.0.5359.99, setWindowRect: true, strictFileInteractability: false, timeouts: {implicit: 0, pageLoad: 300000, script: 30000}, unhandledPromptBehavior: dismiss and notify, webauthn:extension:credBlob: true, webauthn:extension:largeBlob: true, webauthn:virtualAuthenticators: true}
Session ID: 205151900d1ae8a8db93603ddbf2fe7f
2022-12-12 13:47:12 ERROR CommonMethods - Element: ProfileBtn_XPATH not visible: Expected condition failed: waiting for visibility of element located by By.xpath: //div[@class="header__item header__profile ht-3 mid relative pointer"]/a (tried for 60 second(s) with 500 milliseconds interval)
Build info: version: '4.1.0', revision: '87802e897b'
System info: host: 'AKILA', ip: '192.168.1.36', os.name: 'Windows 11', os.arch: 'amd64', os.version: '10.0', java.version: '17.0.3'
Driver info: org.openqa.selenium.chrome.ChromeDriver
Capabilities {acceptInsecureCerts: false, browserName: chrome, browserVersion: 108.0.5359.99, chrome: {chromedriverVersion: 108.0.5359.71 (1e0e3868ee06..., userDataDir: C:\Users\akila\AppData\Loca...}, goog:chromeOptions: {debuggerAddress: localhost:64691}, javascriptEnabled: true, networkConnectionEnabled: false, pageLoadStrategy: normal, platform: WINDOWS, platformName: WINDOWS, proxy: Proxy(), se:cdp: ws://localhost:64691/devtoo..., se:cdpVersion: 108.0.5359.99, setWindowRect: true, strictFileInteractability: false, timeouts: {implicit: 0, pageLoad: 300000, script: 30000}, unhandledPromptBehavior: dismiss and notify, webauthn:extension:credBlob: true, webauthn:extension:largeBlob: true, webauthn:virtualAuthenticators: true}
Session ID: 205151900d1ae8a8db93603ddbf2fe7f
2022-12-12 13:47:12 ERROR CommonMethods - Not Sucessfully highlighted on ProfileBtn_XPATH due to :no such element: Unable to locate element: {"method":"xpath","selector":"//div[@class="header__item header__profile ht-3 mid relative pointer"]/a"}
  (Session info: chrome=108.0.5359.99)
For documentation on this error, please visit: https://selenium.dev/exceptions/#no_such_element
Build info: version: '4.1.0', revision: '87802e897b'
System info: host: 'AKILA', ip: '192.168.1.36', os.name: 'Windows 11', os.arch: 'amd64', os.version: '10.0', java.version: '17.0.3'
Driver info: org.openqa.selenium.chrome.ChromeDriver
Command: [205151900d1ae8a8db93603ddbf2fe7f, findElement {using=xpath, value=//div[@class="header__item header__profile ht-3 mid relative pointer"]/a}]
Capabilities {acceptInsecureCerts: false, browserName: chrome, browserVersion: 108.0.5359.99, chrome: {chromedriverVersion: 108.0.5359.71 (1e0e3868ee06..., userDataDir: C:\Users\akila\AppData\Loca...}, goog:chromeOptions: {debuggerAddress: localhost:64691}, javascriptEnabled: true, networkConnectionEnabled: false, pageLoadStrategy: normal, platform: WINDOWS, platformName: WINDOWS, proxy: Proxy(), se:cdp: ws://localhost:64691/devtoo..., se:cdpVersion: 108.0.5359.99, setWindowRect: true, strictFileInteractability: false, timeouts: {implicit: 0, pageLoad: 300000, script: 30000}, unhandledPromptBehavior: dismiss and notify, webauthn:extension:credBlob: true, webauthn:extension:largeBlob: true, webauthn:virtualAuthenticators: true}
Session ID: 205151900d1ae8a8db93603ddbf2fe7f
2022-12-12 13:48:12 ERROR CommonMethods - Element: ProfileBtn_XPATH not visible: Expected condition failed: waiting for visibility of element located by By.xpath: //div[@class="header__item header__profile ht-3 mid relative pointer"]/a (tried for 60 second(s) with 500 milliseconds interval)
Build info: version: '4.1.0', revision: '87802e897b'
System info: host: 'AKILA', ip: '192.168.1.36', os.name: 'Windows 11', os.arch: 'amd64', os.version: '10.0', java.version: '17.0.3'
Driver info: org.openqa.selenium.chrome.ChromeDriver
Capabilities {acceptInsecureCerts: false, browserName: chrome, browserVersion: 108.0.5359.99, chrome: {chromedriverVersion: 108.0.5359.71 (1e0e3868ee06..., userDataDir: C:\Users\akila\AppData\Loca...}, goog:chromeOptions: {debuggerAddress: localhost:64691}, javascriptEnabled: true, networkConnectionEnabled: false, pageLoadStrategy: normal, platform: WINDOWS, platformName: WINDOWS, proxy: Proxy(), se:cdp: ws://localhost:64691/devtoo..., se:cdpVersion: 108.0.5359.99, setWindowRect: true, strictFileInteractability: false, timeouts: {implicit: 0, pageLoad: 300000, script: 30000}, unhandledPromptBehavior: dismiss and notify, webauthn:extension:credBlob: true, webauthn:extension:largeBlob: true, webauthn:virtualAuthenticators: true}
Session ID: 205151900d1ae8a8db93603ddbf2fe7f
2022-12-12 13:48:12 ERROR CommonMethods - Not Sucessfully clicked on ProfileBtn_XPATH due to :no such element: Unable to locate element: {"method":"xpath","selector":"//div[@class="header__item header__profile ht-3 mid relative pointer"]/a"}
  (Session info: chrome=108.0.5359.99)
For documentation on this error, please visit: https://selenium.dev/exceptions/#no_such_element
Build info: version: '4.1.0', revision: '87802e897b'
System info: host: 'AKILA', ip: '192.168.1.36', os.name: 'Windows 11', os.arch: 'amd64', os.version: '10.0', java.version: '17.0.3'
Driver info: org.openqa.selenium.chrome.ChromeDriver
Command: [205151900d1ae8a8db93603ddbf2fe7f, findElement {using=xpath, value=//div[@class="header__item header__profile ht-3 mid relative pointer"]/a}]
Capabilities {acceptInsecureCerts: false, browserName: chrome, browserVersion: 108.0.5359.99, chrome: {chromedriverVersion: 108.0.5359.71 (1e0e3868ee06..., userDataDir: C:\Users\akila\AppData\Loca...}, goog:chromeOptions: {debuggerAddress: localhost:64691}, javascriptEnabled: true, networkConnectionEnabled: false, pageLoadStrategy: normal, platform: WINDOWS, platformName: WINDOWS, proxy: Proxy(), se:cdp: ws://localhost:64691/devtoo..., se:cdpVersion: 108.0.5359.99, setWindowRect: true, strictFileInteractability: false, timeouts: {implicit: 0, pageLoad: 300000, script: 30000}, unhandledPromptBehavior: dismiss and notify, webauthn:extension:credBlob: true, webauthn:extension:largeBlob: true, webauthn:virtualAuthenticators: true}
Session ID: 205151900d1ae8a8db93603ddbf2fe7f
2022-12-12 13:49:12 ERROR CommonMethods - Element: ProfileBtn_XPATH not visible: Expected condition failed: waiting for visibility of element located by By.xpath: //div[@class="header__item header__profile ht-3 mid relative pointer"]/a (tried for 60 second(s) with 500 milliseconds interval)
Build info: version: '4.1.0', revision: '87802e897b'
System info: host: 'AKILA', ip: '192.168.1.36', os.name: 'Windows 11', os.arch: 'amd64', os.version: '10.0', java.version: '17.0.3'
Driver info: org.openqa.selenium.chrome.ChromeDriver
Capabilities {acceptInsecureCerts: false, browserName: chrome, browserVersion: 108.0.5359.99, chrome: {chromedriverVersion: 108.0.5359.71 (1e0e3868ee06..., userDataDir: C:\Users\akila\AppData\Loca...}, goog:chromeOptions: {debuggerAddress: localhost:64691}, javascriptEnabled: true, networkConnectionEnabled: false, pageLoadStrategy: normal, platform: WINDOWS, platformName: WINDOWS, proxy: Proxy(), se:cdp: ws://localhost:64691/devtoo..., se:cdpVersion: 108.0.5359.99, setWindowRect: true, strictFileInteractability: false, timeouts: {implicit: 0, pageLoad: 300000, script: 30000}, unhandledPromptBehavior: dismiss and notify, webauthn:extension:credBlob: true, webauthn:extension:largeBlob: true, webauthn:virtualAuthenticators: true}
Session ID: 205151900d1ae8a8db93603ddbf2fe7f
2022-12-12 13:49:12 ERROR CommonMethods - Not Sucessfully highlighted on ProfileBtn_XPATH due to :no such element: Unable to locate element: {"method":"xpath","selector":"//div[@class="header__item header__profile ht-3 mid relative pointer"]/a"}
  (Session info: chrome=108.0.5359.99)
For documentation on this error, please visit: https://selenium.dev/exceptions/#no_such_element
Build info: version: '4.1.0', revision: '87802e897b'
System info: host: 'AKILA', ip: '192.168.1.36', os.name: 'Windows 11', os.arch: 'amd64', os.version: '10.0', java.version: '17.0.3'
Driver info: org.openqa.selenium.chrome.ChromeDriver
Command: [205151900d1ae8a8db93603ddbf2fe7f, findElement {using=xpath, value=//div[@class="header__item header__profile ht-3 mid relative pointer"]/a}]
Capabilities {acceptInsecureCerts: false, browserName: chrome, browserVersion: 108.0.5359.99, chrome: {chromedriverVersion: 108.0.5359.71 (1e0e3868ee06..., userDataDir: C:\Users\akila\AppData\Loca...}, goog:chromeOptions: {debuggerAddress: localhost:64691}, javascriptEnabled: true, networkConnectionEnabled: false, pageLoadStrategy: normal, platform: WINDOWS, platformName: WINDOWS, proxy: Proxy(), se:cdp: ws://localhost:64691/devtoo..., se:cdpVersion: 108.0.5359.99, setWindowRect: true, strictFileInteractability: false, timeouts: {implicit: 0, pageLoad: 300000, script: 30000}, unhandledPromptBehavior: dismiss and notify, webauthn:extension:credBlob: true, webauthn:extension:largeBlob: true, webauthn:virtualAuthenticators: true}
Session ID: 205151900d1ae8a8db93603ddbf2fe7f
2022-12-12 13:50:12 ERROR CommonMethods - Element: ProfileBtn_XPATH not visible: Expected condition failed: waiting for visibility of element located by By.xpath: //div[@class="header__item header__profile ht-3 mid relative pointer"]/a (tried for 60 second(s) with 500 milliseconds interval)
Build info: version: '4.1.0', revision: '87802e897b'
System info: host: 'AKILA', ip: '192.168.1.36', os.name: 'Windows 11', os.arch: 'amd64', os.version: '10.0', java.version: '17.0.3'
Driver info: org.openqa.selenium.chrome.ChromeDriver
Capabilities {acceptInsecureCerts: false, browserName: chrome, browserVersion: 108.0.5359.99, chrome: {chromedriverVersion: 108.0.5359.71 (1e0e3868ee06..., userDataDir: C:\Users\akila\AppData\Loca...}, goog:chromeOptions: {debuggerAddress: localhost:64691}, javascriptEnabled: true, networkConnectionEnabled: false, pageLoadStrategy: normal, platform: WINDOWS, platformName: WINDOWS, proxy: Proxy(), se:cdp: ws://localhost:64691/devtoo..., se:cdpVersion: 108.0.5359.99, setWindowRect: true, strictFileInteractability: false, timeouts: {implicit: 0, pageLoad: 300000, script: 30000}, unhandledPromptBehavior: dismiss and notify, webauthn:extension:credBlob: true, webauthn:extension:largeBlob: true, webauthn:virtualAuthenticators: true}
Session ID: 205151900d1ae8a8db93603ddbf2fe7f
2022-12-12 13:50:12 ERROR CommonMethods - Not Sucessfully clicked on ProfileBtn_XPATH due to :no such element: Unable to locate element: {"method":"xpath","selector":"//div[@class="header__item header__profile ht-3 mid relative pointer"]/a"}
  (Session info: chrome=108.0.5359.99)
For documentation on this error, please visit: https://selenium.dev/exceptions/#no_such_element
Build info: version: '4.1.0', revision: '87802e897b'
System info: host: 'AKILA', ip: '192.168.1.36', os.name: 'Windows 11', os.arch: 'amd64', os.version: '10.0', java.version: '17.0.3'
Driver info: org.openqa.selenium.chrome.ChromeDriver
Command: [205151900d1ae8a8db93603ddbf2fe7f, findElement {using=xpath, value=//div[@class="header__item header__profile ht-3 mid relative pointer"]/a}]
Capabilities {acceptInsecureCerts: false, browserName: chrome, browserVersion: 108.0.5359.99, chrome: {chromedriverVersion: 108.0.5359.71 (1e0e3868ee06..., userDataDir: C:\Users\akila\AppData\Loca...}, goog:chromeOptions: {debuggerAddress: localhost:64691}, javascriptEnabled: true, networkConnectionEnabled: false, pageLoadStrategy: normal, platform: WINDOWS, platformName: WINDOWS, proxy: Proxy(), se:cdp: ws://localhost:64691/devtoo..., se:cdpVersion: 108.0.5359.99, setWindowRect: true, strictFileInteractability: false, timeouts: {implicit: 0, pageLoad: 300000, script: 30000}, unhandledPromptBehavior: dismiss and notify, webauthn:extension:credBlob: true, webauthn:extension:largeBlob: true, webauthn:virtualAuthenticators: true}
Session ID: 205151900d1ae8a8db93603ddbf2fe7f
2022-12-12 13:51:13 ERROR CommonMethods - Element: logoutBtn_XPATH not visible: Expected condition failed: waiting for visibility of element located by By.xpath: //div[@data-autoid='Logout']/a (tried for 60 second(s) with 500 milliseconds interval)
Build info: version: '4.1.0', revision: '87802e897b'
System info: host: 'AKILA', ip: '192.168.1.36', os.name: 'Windows 11', os.arch: 'amd64', os.version: '10.0', java.version: '17.0.3'
Driver info: org.openqa.selenium.chrome.ChromeDriver
Capabilities {acceptInsecureCerts: false, browserName: chrome, browserVersion: 108.0.5359.99, chrome: {chromedriverVersion: 108.0.5359.71 (1e0e3868ee06..., userDataDir: C:\Users\akila\AppData\Loca...}, goog:chromeOptions: {debuggerAddress: localhost:64691}, javascriptEnabled: true, networkConnectionEnabled: false, pageLoadStrategy: normal, platform: WINDOWS, platformName: WINDOWS, proxy: Proxy(), se:cdp: ws://localhost:64691/devtoo..., se:cdpVersion: 108.0.5359.99, setWindowRect: true, strictFileInteractability: false, timeouts: {implicit: 0, pageLoad: 300000, script: 30000}, unhandledPromptBehavior: dismiss and notify, webauthn:extension:credBlob: true, webauthn:extension:largeBlob: true, webauthn:virtualAuthenticators: true}
Session ID: 205151900d1ae8a8db93603ddbf2fe7f
2022-12-12 13:51:13 ERROR CommonMethods - Not Sucessfully highlighted on logoutBtn_XPATH due to :no such element: Unable to locate element: {"method":"xpath","selector":"//div[@data-autoid='Logout']/a"}
  (Session info: chrome=108.0.5359.99)
For documentation on this error, please visit: https://selenium.dev/exceptions/#no_such_element
Build info: version: '4.1.0', revision: '87802e897b'
System info: host: 'AKILA', ip: '192.168.1.36', os.name: 'Windows 11', os.arch: 'amd64', os.version: '10.0', java.version: '17.0.3'
Driver info: org.openqa.selenium.chrome.ChromeDriver
Command: [205151900d1ae8a8db93603ddbf2fe7f, findElement {using=xpath, value=//div[@data-autoid='Logout']/a}]
Capabilities {acceptInsecureCerts: false, browserName: chrome, browserVersion: 108.0.5359.99, chrome: {chromedriverVersion: 108.0.5359.71 (1e0e3868ee06..., userDataDir: C:\Users\akila\AppData\Loca...}, goog:chromeOptions: {debuggerAddress: localhost:64691}, javascriptEnabled: true, networkConnectionEnabled: false, pageLoadStrategy: normal, platform: WINDOWS, platformName: WINDOWS, proxy: Proxy(), se:cdp: ws://localhost:64691/devtoo..., se:cdpVersion: 108.0.5359.99, setWindowRect: true, strictFileInteractability: false, timeouts: {implicit: 0, pageLoad: 300000, script: 30000}, unhandledPromptBehavior: dismiss and notify, webauthn:extension:credBlob: true, webauthn:extension:largeBlob: true, webauthn:virtualAuthenticators: true}
Session ID: 205151900d1ae8a8db93603ddbf2fe7f
2022-12-12 13:52:13 ERROR CommonMethods - Element: logoutBtn_XPATH not visible: Expected condition failed: waiting for visibility of element located by By.xpath: //div[@data-autoid='Logout']/a (tried for 60 second(s) with 500 milliseconds interval)
Build info: version: '4.1.0', revision: '87802e897b'
System info: host: 'AKILA', ip: '192.168.1.36', os.name: 'Windows 11', os.arch: 'amd64', os.version: '10.0', java.version: '17.0.3'
Driver info: org.openqa.selenium.chrome.ChromeDriver
Capabilities {acceptInsecureCerts: false, browserName: chrome, browserVersion: 108.0.5359.99, chrome: {chromedriverVersion: 108.0.5359.71 (1e0e3868ee06..., userDataDir: C:\Users\akila\AppData\Loca...}, goog:chromeOptions: {debuggerAddress: localhost:64691}, javascriptEnabled: true, networkConnectionEnabled: false, pageLoadStrategy: normal, platform: WINDOWS, platformName: WINDOWS, proxy: Proxy(), se:cdp: ws://localhost:64691/devtoo..., se:cdpVersion: 108.0.5359.99, setWindowRect: true, strictFileInteractability: false, timeouts: {implicit: 0, pageLoad: 300000, script: 30000}, unhandledPromptBehavior: dismiss and notify, webauthn:extension:credBlob: true, webauthn:extension:largeBlob: true, webauthn:virtualAuthenticators: true}
Session ID: 205151900d1ae8a8db93603ddbf2fe7f
2022-12-12 13:52:13 ERROR CommonMethods - Not Sucessfully clicked on logoutBtn_XPATH due to :no such element: Unable to locate element: {"method":"xpath","selector":"//div[@data-autoid='Logout']/a"}
  (Session info: chrome=108.0.5359.99)
For documentation on this error, please visit: https://selenium.dev/exceptions/#no_such_element
Build info: version: '4.1.0', revision: '87802e897b'
System info: host: 'AKILA', ip: '192.168.1.36', os.name: 'Windows 11', os.arch: 'amd64', os.version: '10.0', java.version: '17.0.3'
Driver info: org.openqa.selenium.chrome.ChromeDriver
Command: [205151900d1ae8a8db93603ddbf2fe7f, findElement {using=xpath, value=//div[@data-autoid='Logout']/a}]
Capabilities {acceptInsecureCerts: false, browserName: chrome, browserVersion: 108.0.5359.99, chrome: {chromedriverVersion: 108.0.5359.71 (1e0e3868ee06..., userDataDir: C:\Users\akila\AppData\Loca...}, goog:chromeOptions: {debuggerAddress: localhost:64691}, javascriptEnabled: true, networkConnectionEnabled: false, pageLoadStrategy: normal, platform: WINDOWS, platformName: WINDOWS, proxy: Proxy(), se:cdp: ws://localhost:64691/devtoo..., se:cdpVersion: 108.0.5359.99, setWindowRect: true, strictFileInteractability: false, timeouts: {implicit: 0, pageLoad: 300000, script: 30000}, unhandledPromptBehavior: dismiss and notify, webauthn:extension:credBlob: true, webauthn:extension:largeBlob: true, webauthn:virtualAuthenticators: true}
Session ID: 205151900d1ae8a8db93603ddbf2fe7f
2022-12-12 13:52:13 INFO  LoginPage - Sucessfully logout..
2022-12-12 13:52:13 INFO  SetUp - Test Case_VerifyCRMLogin_Successfully Passed
2022-12-12 13:52:13 INFO  CommonMethods - Row num for TestScenario = VerifyCRMLogin is = 1
2022-12-12 13:52:14 INFO  ExcelOperation - Write to excel with : Row=1 | Cell =5 | Data =Pass
2022-12-12 13:52:16 WARN  WebSocketHandler - onError
java.net.SocketException: Connection reset
	at sun.nio.ch.SocketChannelImpl.throwConnectionReset(SocketChannelImpl.java:394) ~[?:?]
	at sun.nio.ch.SocketChannelImpl.read(SocketChannelImpl.java:426) ~[?:?]
	at io.netty.buffer.PooledByteBuf.setBytes(PooledByteBuf.java:253) ~[netty-buffer-4.1.69.Final.jar:4.1.69.Final]
	at io.netty.buffer.AbstractByteBuf.writeBytes(AbstractByteBuf.java:1132) ~[netty-buffer-4.1.69.Final.jar:4.1.69.Final]
	at io.netty.channel.socket.nio.NioSocketChannel.doReadBytes(NioSocketChannel.java:350) ~[netty-transport-4.1.69.Final.jar:4.1.69.Final]
	at io.netty.channel.nio.AbstractNioByteChannel$NioByteUnsafe.read(AbstractNioByteChannel.java:151) [netty-transport-4.1.69.Final.jar:4.1.69.Final]
	at io.netty.channel.nio.NioEventLoop.processSelectedKey(NioEventLoop.java:719) [netty-transport-4.1.69.Final.jar:4.1.69.Final]
	at io.netty.channel.nio.NioEventLoop.processSelectedKeysOptimized(NioEventLoop.java:655) [netty-transport-4.1.69.Final.jar:4.1.69.Final]
	at io.netty.channel.nio.NioEventLoop.processSelectedKeys(NioEventLoop.java:581) [netty-transport-4.1.69.Final.jar:4.1.69.Final]
	at io.netty.channel.nio.NioEventLoop.run(NioEventLoop.java:493) [netty-transport-4.1.69.Final.jar:4.1.69.Final]
	at io.netty.util.concurrent.SingleThreadEventExecutor$4.run(SingleThreadEventExecutor.java:986) [netty-common-4.1.69.Final.jar:4.1.69.Final]
	at io.netty.util.internal.ThreadExecutorMap$2.run(ThreadExecutorMap.java:74) [netty-common-4.1.69.Final.jar:4.1.69.Final]
	at io.netty.util.concurrent.FastThreadLocalRunnable.run(FastThreadLocalRunnable.java:30) [netty-common-4.1.69.Final.jar:4.1.69.Final]
	at java.lang.Thread.run(Thread.java:833) [?:?]
2022-12-12 13:52:18 INFO  SetUp - Browser Closed..
2022-12-12 13:52:18 INFO  SetUp - Test Case_VerifyCRMLogin_Successfully Started
2022-12-12 13:52:19 INFO  WebDriverManager - Using chromedriver 108.0.5359.71 (resolved driver for Chrome 108)
2022-12-12 13:52:19 INFO  WebDriverManager - Exporting webdriver.chrome.driver as C:\Users\akila\.cache\selenium\chromedriver\win32\108.0.5359.71\chromedriver.exe
2022-12-12 13:52:21 INFO  SetUp - Chrome Browser Launched..
2022-12-12 13:52:23 INFO  SetUp - URL : https://kmb.crmnext.com/sng7/app/login/login
2022-12-12 13:52:24 INFO  ScreenShot - ScreenShot captured LoginPage || Status :Pass
2022-12-12 13:52:24 INFO  CommonMethods - Sucessfully clicked on Username_XPATH
2022-12-12 13:52:24 INFO  CommonMethods - Data sucessfully entered on Username_XPATH = admin
2022-12-12 13:52:24 INFO  CommonMethods - Sucessfully clicked on password_XPATH
2022-12-12 13:52:25 INFO  CommonMethods - Data sucessfully entered on password_XPATH = acid_qa
2022-12-12 13:52:31 INFO  CommonMethods - Sucessfully clicked on loginBtn_XPATH
2022-12-12 13:52:31 INFO  CommonMethods - Sucessfully clicked on ProfileBtn_XPATH
2022-12-12 13:52:32 INFO  ExcelOperation - Write to excel with : Row=3 | Cell =6 | Data =Kotak Bank Admin
2022-12-12 13:52:33 INFO  CommonMethods - Sucessfully clicked on ProfileBtn_XPATH
2022-12-12 13:52:34 INFO  CommonMethods - Sucessfully clicked on ProfileBtn_XPATH
2022-12-12 13:52:34 INFO  CommonMethods - Sucessfully clicked on logoutBtn_XPATH
2022-12-12 13:52:34 INFO  LoginPage - Sucessfully logout..
2022-12-12 13:52:35 INFO  SetUp - Test Case_VerifyCRMLogin_Successfully Passed
2022-12-12 13:52:35 INFO  CommonMethods - Row num for TestScenario = VerifyCRMLogin is = 1
2022-12-12 13:52:36 INFO  ExcelOperation - Write to excel with : Row=1 | Cell =5 | Data =Pass
2022-12-12 13:52:38 WARN  WebSocketHandler - onError
java.net.SocketException: Connection reset
	at sun.nio.ch.SocketChannelImpl.throwConnectionReset(SocketChannelImpl.java:394) ~[?:?]
	at sun.nio.ch.SocketChannelImpl.read(SocketChannelImpl.java:426) ~[?:?]
	at io.netty.buffer.PooledByteBuf.setBytes(PooledByteBuf.java:253) ~[netty-buffer-4.1.69.Final.jar:4.1.69.Final]
	at io.netty.buffer.AbstractByteBuf.writeBytes(AbstractByteBuf.java:1132) ~[netty-buffer-4.1.69.Final.jar:4.1.69.Final]
	at io.netty.channel.socket.nio.NioSocketChannel.doReadBytes(NioSocketChannel.java:350) ~[netty-transport-4.1.69.Final.jar:4.1.69.Final]
	at io.netty.channel.nio.AbstractNioByteChannel$NioByteUnsafe.read(AbstractNioByteChannel.java:151) [netty-transport-4.1.69.Final.jar:4.1.69.Final]
	at io.netty.channel.nio.NioEventLoop.processSelectedKey(NioEventLoop.java:719) [netty-transport-4.1.69.Final.jar:4.1.69.Final]
	at io.netty.channel.nio.NioEventLoop.processSelectedKeysOptimized(NioEventLoop.java:655) [netty-transport-4.1.69.Final.jar:4.1.69.Final]
	at io.netty.channel.nio.NioEventLoop.processSelectedKeys(NioEventLoop.java:581) [netty-transport-4.1.69.Final.jar:4.1.69.Final]
	at io.netty.channel.nio.NioEventLoop.run(NioEventLoop.java:493) [netty-transport-4.1.69.Final.jar:4.1.69.Final]
	at io.netty.util.concurrent.SingleThreadEventExecutor$4.run(SingleThreadEventExecutor.java:986) [netty-common-4.1.69.Final.jar:4.1.69.Final]
	at io.netty.util.internal.ThreadExecutorMap$2.run(ThreadExecutorMap.java:74) [netty-common-4.1.69.Final.jar:4.1.69.Final]
	at io.netty.util.concurrent.FastThreadLocalRunnable.run(FastThreadLocalRunnable.java:30) [netty-common-4.1.69.Final.jar:4.1.69.Final]
	at java.lang.Thread.run(Thread.java:833) [?:?]
2022-12-12 13:52:39 INFO  SetUp - Browser Closed..
2022-12-12 13:52:40 INFO  SetUp - Test Case_Login_Successfully Started
2022-12-12 13:52:40 INFO  SetUp - Test Case_Login_get Skipped as its Runmode is 'NO' 
2022-12-12 13:52:40 INFO  SetUp - Test Case_Login_Successfully Started
2022-12-12 13:52:40 INFO  SetUp - Test Case_Login_get Skipped as its Runmode is 'NO' 
2022-12-12 13:52:43 INFO  CommonMethods - Test Report Mail sent successfully to akila.raguram@crmnext.com
2022-12-12 14:09:06 INFO  ExtentReporterNG - Extent report Directory is created!
2022-12-12 14:09:07 INFO  Utils - [TestNG] Running:
  C:\Users\akila\OneDrive\Desktop\Automation Frameworks\CRMMasterFramework\MasterFramework\src\test\resources\RunnerFiles\testng.xml

2022-12-12 14:09:07 INFO  SetUp - Test Case_VerifyCRMLogin_Successfully Started
2022-12-12 14:09:08 INFO  WebDriverManager - Using chromedriver 108.0.5359.71 (resolved driver for Chrome 108)
2022-12-12 14:09:08 INFO  WebDriverManager - Exporting webdriver.chrome.driver as C:\Users\akila\.cache\selenium\chromedriver\win32\108.0.5359.71\chromedriver.exe
2022-12-12 14:09:12 INFO  SetUp - Chrome Browser Launched..
2022-12-12 14:09:13 INFO  SetUp - URL : https://kmb.crmnext.com/sng7/app/login/login
2022-12-12 14:09:13 INFO  ScreenShot - ScreenShot captured LoginPage || Status :Pass
2022-12-12 14:09:14 INFO  CommonMethods - Sucessfully clicked on Username_XPATH
2022-12-12 14:09:14 INFO  CommonMethods - Data sucessfully entered on Username_XPATH = admin2
2022-12-12 14:09:14 INFO  CommonMethods - Sucessfully clicked on password_XPATH
2022-12-12 14:09:14 INFO  CommonMethods - Data sucessfully entered on password_XPATH = acid_qa
2022-12-12 14:09:15 INFO  CommonMethods - Sucessfully clicked on loginBtn_XPATH
2022-12-12 14:10:15 ERROR CommonMethods - Element: ProfileBtn_XPATH not visible: Expected condition failed: waiting for visibility of element located by By.xpath: //div[@class="header__item header__profile ht-3 mid relative pointer"]/a (tried for 60 second(s) with 500 milliseconds interval)
Build info: version: '4.1.0', revision: '87802e897b'
System info: host: 'AKILA', ip: '192.168.1.36', os.name: 'Windows 11', os.arch: 'amd64', os.version: '10.0', java.version: '17.0.3'
Driver info: org.openqa.selenium.chrome.ChromeDriver
Capabilities {acceptInsecureCerts: false, browserName: chrome, browserVersion: 108.0.5359.99, chrome: {chromedriverVersion: 108.0.5359.71 (1e0e3868ee06..., userDataDir: C:\Users\akila\AppData\Loca...}, goog:chromeOptions: {debuggerAddress: localhost:64854}, javascriptEnabled: true, networkConnectionEnabled: false, pageLoadStrategy: normal, platform: WINDOWS, platformName: WINDOWS, proxy: Proxy(), se:cdp: ws://localhost:64854/devtoo..., se:cdpVersion: 108.0.5359.99, setWindowRect: true, strictFileInteractability: false, timeouts: {implicit: 0, pageLoad: 300000, script: 30000}, unhandledPromptBehavior: dismiss and notify, webauthn:extension:credBlob: true, webauthn:extension:largeBlob: true, webauthn:virtualAuthenticators: true}
Session ID: 0b3c1a17ed97c13f0b6c386b2acae7bc
2022-12-12 14:10:15 ERROR CommonMethods - Not Sucessfully highlighted on ProfileBtn_XPATH due to :no such element: Unable to locate element: {"method":"xpath","selector":"//div[@class="header__item header__profile ht-3 mid relative pointer"]/a"}
  (Session info: chrome=108.0.5359.99)
For documentation on this error, please visit: https://selenium.dev/exceptions/#no_such_element
Build info: version: '4.1.0', revision: '87802e897b'
System info: host: 'AKILA', ip: '192.168.1.36', os.name: 'Windows 11', os.arch: 'amd64', os.version: '10.0', java.version: '17.0.3'
Driver info: org.openqa.selenium.chrome.ChromeDriver
Command: [0b3c1a17ed97c13f0b6c386b2acae7bc, findElement {using=xpath, value=//div[@class="header__item header__profile ht-3 mid relative pointer"]/a}]
Capabilities {acceptInsecureCerts: false, browserName: chrome, browserVersion: 108.0.5359.99, chrome: {chromedriverVersion: 108.0.5359.71 (1e0e3868ee06..., userDataDir: C:\Users\akila\AppData\Loca...}, goog:chromeOptions: {debuggerAddress: localhost:64854}, javascriptEnabled: true, networkConnectionEnabled: false, pageLoadStrategy: normal, platform: WINDOWS, platformName: WINDOWS, proxy: Proxy(), se:cdp: ws://localhost:64854/devtoo..., se:cdpVersion: 108.0.5359.99, setWindowRect: true, strictFileInteractability: false, timeouts: {implicit: 0, pageLoad: 300000, script: 30000}, unhandledPromptBehavior: dismiss and notify, webauthn:extension:credBlob: true, webauthn:extension:largeBlob: true, webauthn:virtualAuthenticators: true}
Session ID: 0b3c1a17ed97c13f0b6c386b2acae7bc
2022-12-12 14:11:15 ERROR CommonMethods - Element: ProfileBtn_XPATH not visible: Expected condition failed: waiting for visibility of element located by By.xpath: //div[@class="header__item header__profile ht-3 mid relative pointer"]/a (tried for 60 second(s) with 500 milliseconds interval)
Build info: version: '4.1.0', revision: '87802e897b'
System info: host: 'AKILA', ip: '192.168.1.36', os.name: 'Windows 11', os.arch: 'amd64', os.version: '10.0', java.version: '17.0.3'
Driver info: org.openqa.selenium.chrome.ChromeDriver
Capabilities {acceptInsecureCerts: false, browserName: chrome, browserVersion: 108.0.5359.99, chrome: {chromedriverVersion: 108.0.5359.71 (1e0e3868ee06..., userDataDir: C:\Users\akila\AppData\Loca...}, goog:chromeOptions: {debuggerAddress: localhost:64854}, javascriptEnabled: true, networkConnectionEnabled: false, pageLoadStrategy: normal, platform: WINDOWS, platformName: WINDOWS, proxy: Proxy(), se:cdp: ws://localhost:64854/devtoo..., se:cdpVersion: 108.0.5359.99, setWindowRect: true, strictFileInteractability: false, timeouts: {implicit: 0, pageLoad: 300000, script: 30000}, unhandledPromptBehavior: dismiss and notify, webauthn:extension:credBlob: true, webauthn:extension:largeBlob: true, webauthn:virtualAuthenticators: true}
Session ID: 0b3c1a17ed97c13f0b6c386b2acae7bc
2022-12-12 14:11:15 ERROR CommonMethods - Not Sucessfully clicked on ProfileBtn_XPATH due to :no such element: Unable to locate element: {"method":"xpath","selector":"//div[@class="header__item header__profile ht-3 mid relative pointer"]/a"}
  (Session info: chrome=108.0.5359.99)
For documentation on this error, please visit: https://selenium.dev/exceptions/#no_such_element
Build info: version: '4.1.0', revision: '87802e897b'
System info: host: 'AKILA', ip: '192.168.1.36', os.name: 'Windows 11', os.arch: 'amd64', os.version: '10.0', java.version: '17.0.3'
Driver info: org.openqa.selenium.chrome.ChromeDriver
Command: [0b3c1a17ed97c13f0b6c386b2acae7bc, findElement {using=xpath, value=//div[@class="header__item header__profile ht-3 mid relative pointer"]/a}]
Capabilities {acceptInsecureCerts: false, browserName: chrome, browserVersion: 108.0.5359.99, chrome: {chromedriverVersion: 108.0.5359.71 (1e0e3868ee06..., userDataDir: C:\Users\akila\AppData\Loca...}, goog:chromeOptions: {debuggerAddress: localhost:64854}, javascriptEnabled: true, networkConnectionEnabled: false, pageLoadStrategy: normal, platform: WINDOWS, platformName: WINDOWS, proxy: Proxy(), se:cdp: ws://localhost:64854/devtoo..., se:cdpVersion: 108.0.5359.99, setWindowRect: true, strictFileInteractability: false, timeouts: {implicit: 0, pageLoad: 300000, script: 30000}, unhandledPromptBehavior: dismiss and notify, webauthn:extension:credBlob: true, webauthn:extension:largeBlob: true, webauthn:virtualAuthenticators: true}
Session ID: 0b3c1a17ed97c13f0b6c386b2acae7bc
2022-12-12 14:12:16 ERROR CommonMethods - Element: UserID_XPATH not visible: Expected condition failed: waiting for visibility of element located by By.xpath: //span[@data-autoid='UserName_ctrl'] (tried for 60 second(s) with 500 milliseconds interval)
Build info: version: '4.1.0', revision: '87802e897b'
System info: host: 'AKILA', ip: '192.168.1.36', os.name: 'Windows 11', os.arch: 'amd64', os.version: '10.0', java.version: '17.0.3'
Driver info: org.openqa.selenium.chrome.ChromeDriver
Capabilities {acceptInsecureCerts: false, browserName: chrome, browserVersion: 108.0.5359.99, chrome: {chromedriverVersion: 108.0.5359.71 (1e0e3868ee06..., userDataDir: C:\Users\akila\AppData\Loca...}, goog:chromeOptions: {debuggerAddress: localhost:64854}, javascriptEnabled: true, networkConnectionEnabled: false, pageLoadStrategy: normal, platform: WINDOWS, platformName: WINDOWS, proxy: Proxy(), se:cdp: ws://localhost:64854/devtoo..., se:cdpVersion: 108.0.5359.99, setWindowRect: true, strictFileInteractability: false, timeouts: {implicit: 0, pageLoad: 300000, script: 30000}, unhandledPromptBehavior: dismiss and notify, webauthn:extension:credBlob: true, webauthn:extension:largeBlob: true, webauthn:virtualAuthenticators: true}
Session ID: 0b3c1a17ed97c13f0b6c386b2acae7bc
2022-12-12 14:12:16 ERROR CommonMethods - Not able to get text on UserID_XPATH due to :no such element: Unable to locate element: {"method":"xpath","selector":"//span[@data-autoid='UserName_ctrl']"}
  (Session info: chrome=108.0.5359.99)
For documentation on this error, please visit: https://selenium.dev/exceptions/#no_such_element
Build info: version: '4.1.0', revision: '87802e897b'
System info: host: 'AKILA', ip: '192.168.1.36', os.name: 'Windows 11', os.arch: 'amd64', os.version: '10.0', java.version: '17.0.3'
Driver info: org.openqa.selenium.chrome.ChromeDriver
Command: [0b3c1a17ed97c13f0b6c386b2acae7bc, findElement {using=xpath, value=//span[@data-autoid='UserName_ctrl']}]
Capabilities {acceptInsecureCerts: false, browserName: chrome, browserVersion: 108.0.5359.99, chrome: {chromedriverVersion: 108.0.5359.71 (1e0e3868ee06..., userDataDir: C:\Users\akila\AppData\Loca...}, goog:chromeOptions: {debuggerAddress: localhost:64854}, javascriptEnabled: true, networkConnectionEnabled: false, pageLoadStrategy: normal, platform: WINDOWS, platformName: WINDOWS, proxy: Proxy(), se:cdp: ws://localhost:64854/devtoo..., se:cdpVersion: 108.0.5359.99, setWindowRect: true, strictFileInteractability: false, timeouts: {implicit: 0, pageLoad: 300000, script: 30000}, unhandledPromptBehavior: dismiss and notify, webauthn:extension:credBlob: true, webauthn:extension:largeBlob: true, webauthn:virtualAuthenticators: true}
Session ID: 0b3c1a17ed97c13f0b6c386b2acae7bc
2022-12-12 14:13:16 ERROR CommonMethods - Element: ProfileBtn_XPATH not visible: Expected condition failed: waiting for visibility of element located by By.xpath: //div[@class="header__item header__profile ht-3 mid relative pointer"]/a (tried for 60 second(s) with 500 milliseconds interval)
Build info: version: '4.1.0', revision: '87802e897b'
System info: host: 'AKILA', ip: '192.168.1.36', os.name: 'Windows 11', os.arch: 'amd64', os.version: '10.0', java.version: '17.0.3'
Driver info: org.openqa.selenium.chrome.ChromeDriver
Capabilities {acceptInsecureCerts: false, browserName: chrome, browserVersion: 108.0.5359.99, chrome: {chromedriverVersion: 108.0.5359.71 (1e0e3868ee06..., userDataDir: C:\Users\akila\AppData\Loca...}, goog:chromeOptions: {debuggerAddress: localhost:64854}, javascriptEnabled: true, networkConnectionEnabled: false, pageLoadStrategy: normal, platform: WINDOWS, platformName: WINDOWS, proxy: Proxy(), se:cdp: ws://localhost:64854/devtoo..., se:cdpVersion: 108.0.5359.99, setWindowRect: true, strictFileInteractability: false, timeouts: {implicit: 0, pageLoad: 300000, script: 30000}, unhandledPromptBehavior: dismiss and notify, webauthn:extension:credBlob: true, webauthn:extension:largeBlob: true, webauthn:virtualAuthenticators: true}
Session ID: 0b3c1a17ed97c13f0b6c386b2acae7bc
2022-12-12 14:13:16 ERROR CommonMethods - Not Sucessfully highlighted on ProfileBtn_XPATH due to :no such element: Unable to locate element: {"method":"xpath","selector":"//div[@class="header__item header__profile ht-3 mid relative pointer"]/a"}
  (Session info: chrome=108.0.5359.99)
For documentation on this error, please visit: https://selenium.dev/exceptions/#no_such_element
Build info: version: '4.1.0', revision: '87802e897b'
System info: host: 'AKILA', ip: '192.168.1.36', os.name: 'Windows 11', os.arch: 'amd64', os.version: '10.0', java.version: '17.0.3'
Driver info: org.openqa.selenium.chrome.ChromeDriver
Command: [0b3c1a17ed97c13f0b6c386b2acae7bc, findElement {using=xpath, value=//div[@class="header__item header__profile ht-3 mid relative pointer"]/a}]
Capabilities {acceptInsecureCerts: false, browserName: chrome, browserVersion: 108.0.5359.99, chrome: {chromedriverVersion: 108.0.5359.71 (1e0e3868ee06..., userDataDir: C:\Users\akila\AppData\Loca...}, goog:chromeOptions: {debuggerAddress: localhost:64854}, javascriptEnabled: true, networkConnectionEnabled: false, pageLoadStrategy: normal, platform: WINDOWS, platformName: WINDOWS, proxy: Proxy(), se:cdp: ws://localhost:64854/devtoo..., se:cdpVersion: 108.0.5359.99, setWindowRect: true, strictFileInteractability: false, timeouts: {implicit: 0, pageLoad: 300000, script: 30000}, unhandledPromptBehavior: dismiss and notify, webauthn:extension:credBlob: true, webauthn:extension:largeBlob: true, webauthn:virtualAuthenticators: true}
Session ID: 0b3c1a17ed97c13f0b6c386b2acae7bc
2022-12-12 14:14:16 ERROR CommonMethods - Element: ProfileBtn_XPATH not visible: Expected condition failed: waiting for visibility of element located by By.xpath: //div[@class="header__item header__profile ht-3 mid relative pointer"]/a (tried for 60 second(s) with 500 milliseconds interval)
Build info: version: '4.1.0', revision: '87802e897b'
System info: host: 'AKILA', ip: '192.168.1.36', os.name: 'Windows 11', os.arch: 'amd64', os.version: '10.0', java.version: '17.0.3'
Driver info: org.openqa.selenium.chrome.ChromeDriver
Capabilities {acceptInsecureCerts: false, browserName: chrome, browserVersion: 108.0.5359.99, chrome: {chromedriverVersion: 108.0.5359.71 (1e0e3868ee06..., userDataDir: C:\Users\akila\AppData\Loca...}, goog:chromeOptions: {debuggerAddress: localhost:64854}, javascriptEnabled: true, networkConnectionEnabled: false, pageLoadStrategy: normal, platform: WINDOWS, platformName: WINDOWS, proxy: Proxy(), se:cdp: ws://localhost:64854/devtoo..., se:cdpVersion: 108.0.5359.99, setWindowRect: true, strictFileInteractability: false, timeouts: {implicit: 0, pageLoad: 300000, script: 30000}, unhandledPromptBehavior: dismiss and notify, webauthn:extension:credBlob: true, webauthn:extension:largeBlob: true, webauthn:virtualAuthenticators: true}
Session ID: 0b3c1a17ed97c13f0b6c386b2acae7bc
2022-12-12 14:14:16 ERROR CommonMethods - Not Sucessfully clicked on ProfileBtn_XPATH due to :no such element: Unable to locate element: {"method":"xpath","selector":"//div[@class="header__item header__profile ht-3 mid relative pointer"]/a"}
  (Session info: chrome=108.0.5359.99)
For documentation on this error, please visit: https://selenium.dev/exceptions/#no_such_element
Build info: version: '4.1.0', revision: '87802e897b'
System info: host: 'AKILA', ip: '192.168.1.36', os.name: 'Windows 11', os.arch: 'amd64', os.version: '10.0', java.version: '17.0.3'
Driver info: org.openqa.selenium.chrome.ChromeDriver
Command: [0b3c1a17ed97c13f0b6c386b2acae7bc, findElement {using=xpath, value=//div[@class="header__item header__profile ht-3 mid relative pointer"]/a}]
Capabilities {acceptInsecureCerts: false, browserName: chrome, browserVersion: 108.0.5359.99, chrome: {chromedriverVersion: 108.0.5359.71 (1e0e3868ee06..., userDataDir: C:\Users\akila\AppData\Loca...}, goog:chromeOptions: {debuggerAddress: localhost:64854}, javascriptEnabled: true, networkConnectionEnabled: false, pageLoadStrategy: normal, platform: WINDOWS, platformName: WINDOWS, proxy: Proxy(), se:cdp: ws://localhost:64854/devtoo..., se:cdpVersion: 108.0.5359.99, setWindowRect: true, strictFileInteractability: false, timeouts: {implicit: 0, pageLoad: 300000, script: 30000}, unhandledPromptBehavior: dismiss and notify, webauthn:extension:credBlob: true, webauthn:extension:largeBlob: true, webauthn:virtualAuthenticators: true}
Session ID: 0b3c1a17ed97c13f0b6c386b2acae7bc
2022-12-12 14:15:16 ERROR CommonMethods - Element: ProfileBtn_XPATH not visible: Expected condition failed: waiting for visibility of element located by By.xpath: //div[@class="header__item header__profile ht-3 mid relative pointer"]/a (tried for 60 second(s) with 500 milliseconds interval)
Build info: version: '4.1.0', revision: '87802e897b'
System info: host: 'AKILA', ip: '192.168.1.36', os.name: 'Windows 11', os.arch: 'amd64', os.version: '10.0', java.version: '17.0.3'
Driver info: org.openqa.selenium.chrome.ChromeDriver
Capabilities {acceptInsecureCerts: false, browserName: chrome, browserVersion: 108.0.5359.99, chrome: {chromedriverVersion: 108.0.5359.71 (1e0e3868ee06..., userDataDir: C:\Users\akila\AppData\Loca...}, goog:chromeOptions: {debuggerAddress: localhost:64854}, javascriptEnabled: true, networkConnectionEnabled: false, pageLoadStrategy: normal, platform: WINDOWS, platformName: WINDOWS, proxy: Proxy(), se:cdp: ws://localhost:64854/devtoo..., se:cdpVersion: 108.0.5359.99, setWindowRect: true, strictFileInteractability: false, timeouts: {implicit: 0, pageLoad: 300000, script: 30000}, unhandledPromptBehavior: dismiss and notify, webauthn:extension:credBlob: true, webauthn:extension:largeBlob: true, webauthn:virtualAuthenticators: true}
Session ID: 0b3c1a17ed97c13f0b6c386b2acae7bc
2022-12-12 14:15:16 ERROR CommonMethods - Not Sucessfully highlighted on ProfileBtn_XPATH due to :no such element: Unable to locate element: {"method":"xpath","selector":"//div[@class="header__item header__profile ht-3 mid relative pointer"]/a"}
  (Session info: chrome=108.0.5359.99)
For documentation on this error, please visit: https://selenium.dev/exceptions/#no_such_element
Build info: version: '4.1.0', revision: '87802e897b'
System info: host: 'AKILA', ip: '192.168.1.36', os.name: 'Windows 11', os.arch: 'amd64', os.version: '10.0', java.version: '17.0.3'
Driver info: org.openqa.selenium.chrome.ChromeDriver
Command: [0b3c1a17ed97c13f0b6c386b2acae7bc, findElement {using=xpath, value=//div[@class="header__item header__profile ht-3 mid relative pointer"]/a}]
Capabilities {acceptInsecureCerts: false, browserName: chrome, browserVersion: 108.0.5359.99, chrome: {chromedriverVersion: 108.0.5359.71 (1e0e3868ee06..., userDataDir: C:\Users\akila\AppData\Loca...}, goog:chromeOptions: {debuggerAddress: localhost:64854}, javascriptEnabled: true, networkConnectionEnabled: false, pageLoadStrategy: normal, platform: WINDOWS, platformName: WINDOWS, proxy: Proxy(), se:cdp: ws://localhost:64854/devtoo..., se:cdpVersion: 108.0.5359.99, setWindowRect: true, strictFileInteractability: false, timeouts: {implicit: 0, pageLoad: 300000, script: 30000}, unhandledPromptBehavior: dismiss and notify, webauthn:extension:credBlob: true, webauthn:extension:largeBlob: true, webauthn:virtualAuthenticators: true}
Session ID: 0b3c1a17ed97c13f0b6c386b2acae7bc
2022-12-12 14:16:16 ERROR CommonMethods - Element: ProfileBtn_XPATH not visible: Expected condition failed: waiting for visibility of element located by By.xpath: //div[@class="header__item header__profile ht-3 mid relative pointer"]/a (tried for 60 second(s) with 500 milliseconds interval)
Build info: version: '4.1.0', revision: '87802e897b'
System info: host: 'AKILA', ip: '192.168.1.36', os.name: 'Windows 11', os.arch: 'amd64', os.version: '10.0', java.version: '17.0.3'
Driver info: org.openqa.selenium.chrome.ChromeDriver
Capabilities {acceptInsecureCerts: false, browserName: chrome, browserVersion: 108.0.5359.99, chrome: {chromedriverVersion: 108.0.5359.71 (1e0e3868ee06..., userDataDir: C:\Users\akila\AppData\Loca...}, goog:chromeOptions: {debuggerAddress: localhost:64854}, javascriptEnabled: true, networkConnectionEnabled: false, pageLoadStrategy: normal, platform: WINDOWS, platformName: WINDOWS, proxy: Proxy(), se:cdp: ws://localhost:64854/devtoo..., se:cdpVersion: 108.0.5359.99, setWindowRect: true, strictFileInteractability: false, timeouts: {implicit: 0, pageLoad: 300000, script: 30000}, unhandledPromptBehavior: dismiss and notify, webauthn:extension:credBlob: true, webauthn:extension:largeBlob: true, webauthn:virtualAuthenticators: true}
Session ID: 0b3c1a17ed97c13f0b6c386b2acae7bc
2022-12-12 14:16:16 ERROR CommonMethods - Not Sucessfully clicked on ProfileBtn_XPATH due to :no such element: Unable to locate element: {"method":"xpath","selector":"//div[@class="header__item header__profile ht-3 mid relative pointer"]/a"}
  (Session info: chrome=108.0.5359.99)
For documentation on this error, please visit: https://selenium.dev/exceptions/#no_such_element
Build info: version: '4.1.0', revision: '87802e897b'
System info: host: 'AKILA', ip: '192.168.1.36', os.name: 'Windows 11', os.arch: 'amd64', os.version: '10.0', java.version: '17.0.3'
Driver info: org.openqa.selenium.chrome.ChromeDriver
Command: [0b3c1a17ed97c13f0b6c386b2acae7bc, findElement {using=xpath, value=//div[@class="header__item header__profile ht-3 mid relative pointer"]/a}]
Capabilities {acceptInsecureCerts: false, browserName: chrome, browserVersion: 108.0.5359.99, chrome: {chromedriverVersion: 108.0.5359.71 (1e0e3868ee06..., userDataDir: C:\Users\akila\AppData\Loca...}, goog:chromeOptions: {debuggerAddress: localhost:64854}, javascriptEnabled: true, networkConnectionEnabled: false, pageLoadStrategy: normal, platform: WINDOWS, platformName: WINDOWS, proxy: Proxy(), se:cdp: ws://localhost:64854/devtoo..., se:cdpVersion: 108.0.5359.99, setWindowRect: true, strictFileInteractability: false, timeouts: {implicit: 0, pageLoad: 300000, script: 30000}, unhandledPromptBehavior: dismiss and notify, webauthn:extension:credBlob: true, webauthn:extension:largeBlob: true, webauthn:virtualAuthenticators: true}
Session ID: 0b3c1a17ed97c13f0b6c386b2acae7bc
2022-12-12 14:17:17 ERROR CommonMethods - Element: logoutBtn_XPATH not visible: Expected condition failed: waiting for visibility of element located by By.xpath: //div[@data-autoid='Logout']/a (tried for 60 second(s) with 500 milliseconds interval)
Build info: version: '4.1.0', revision: '87802e897b'
System info: host: 'AKILA', ip: '192.168.1.36', os.name: 'Windows 11', os.arch: 'amd64', os.version: '10.0', java.version: '17.0.3'
Driver info: org.openqa.selenium.chrome.ChromeDriver
Capabilities {acceptInsecureCerts: false, browserName: chrome, browserVersion: 108.0.5359.99, chrome: {chromedriverVersion: 108.0.5359.71 (1e0e3868ee06..., userDataDir: C:\Users\akila\AppData\Loca...}, goog:chromeOptions: {debuggerAddress: localhost:64854}, javascriptEnabled: true, networkConnectionEnabled: false, pageLoadStrategy: normal, platform: WINDOWS, platformName: WINDOWS, proxy: Proxy(), se:cdp: ws://localhost:64854/devtoo..., se:cdpVersion: 108.0.5359.99, setWindowRect: true, strictFileInteractability: false, timeouts: {implicit: 0, pageLoad: 300000, script: 30000}, unhandledPromptBehavior: dismiss and notify, webauthn:extension:credBlob: true, webauthn:extension:largeBlob: true, webauthn:virtualAuthenticators: true}
Session ID: 0b3c1a17ed97c13f0b6c386b2acae7bc
2022-12-12 14:17:17 ERROR CommonMethods - Not Sucessfully highlighted on logoutBtn_XPATH due to :no such element: Unable to locate element: {"method":"xpath","selector":"//div[@data-autoid='Logout']/a"}
  (Session info: chrome=108.0.5359.99)
For documentation on this error, please visit: https://selenium.dev/exceptions/#no_such_element
Build info: version: '4.1.0', revision: '87802e897b'
System info: host: 'AKILA', ip: '192.168.1.36', os.name: 'Windows 11', os.arch: 'amd64', os.version: '10.0', java.version: '17.0.3'
Driver info: org.openqa.selenium.chrome.ChromeDriver
Command: [0b3c1a17ed97c13f0b6c386b2acae7bc, findElement {using=xpath, value=//div[@data-autoid='Logout']/a}]
Capabilities {acceptInsecureCerts: false, browserName: chrome, browserVersion: 108.0.5359.99, chrome: {chromedriverVersion: 108.0.5359.71 (1e0e3868ee06..., userDataDir: C:\Users\akila\AppData\Loca...}, goog:chromeOptions: {debuggerAddress: localhost:64854}, javascriptEnabled: true, networkConnectionEnabled: false, pageLoadStrategy: normal, platform: WINDOWS, platformName: WINDOWS, proxy: Proxy(), se:cdp: ws://localhost:64854/devtoo..., se:cdpVersion: 108.0.5359.99, setWindowRect: true, strictFileInteractability: false, timeouts: {implicit: 0, pageLoad: 300000, script: 30000}, unhandledPromptBehavior: dismiss and notify, webauthn:extension:credBlob: true, webauthn:extension:largeBlob: true, webauthn:virtualAuthenticators: true}
Session ID: 0b3c1a17ed97c13f0b6c386b2acae7bc
2022-12-12 14:18:17 ERROR CommonMethods - Element: logoutBtn_XPATH not visible: Expected condition failed: waiting for visibility of element located by By.xpath: //div[@data-autoid='Logout']/a (tried for 60 second(s) with 500 milliseconds interval)
Build info: version: '4.1.0', revision: '87802e897b'
System info: host: 'AKILA', ip: '192.168.1.36', os.name: 'Windows 11', os.arch: 'amd64', os.version: '10.0', java.version: '17.0.3'
Driver info: org.openqa.selenium.chrome.ChromeDriver
Capabilities {acceptInsecureCerts: false, browserName: chrome, browserVersion: 108.0.5359.99, chrome: {chromedriverVersion: 108.0.5359.71 (1e0e3868ee06..., userDataDir: C:\Users\akila\AppData\Loca...}, goog:chromeOptions: {debuggerAddress: localhost:64854}, javascriptEnabled: true, networkConnectionEnabled: false, pageLoadStrategy: normal, platform: WINDOWS, platformName: WINDOWS, proxy: Proxy(), se:cdp: ws://localhost:64854/devtoo..., se:cdpVersion: 108.0.5359.99, setWindowRect: true, strictFileInteractability: false, timeouts: {implicit: 0, pageLoad: 300000, script: 30000}, unhandledPromptBehavior: dismiss and notify, webauthn:extension:credBlob: true, webauthn:extension:largeBlob: true, webauthn:virtualAuthenticators: true}
Session ID: 0b3c1a17ed97c13f0b6c386b2acae7bc
2022-12-12 14:18:17 ERROR CommonMethods - Not Sucessfully clicked on logoutBtn_XPATH due to :no such element: Unable to locate element: {"method":"xpath","selector":"//div[@data-autoid='Logout']/a"}
  (Session info: chrome=108.0.5359.99)
For documentation on this error, please visit: https://selenium.dev/exceptions/#no_such_element
Build info: version: '4.1.0', revision: '87802e897b'
System info: host: 'AKILA', ip: '192.168.1.36', os.name: 'Windows 11', os.arch: 'amd64', os.version: '10.0', java.version: '17.0.3'
Driver info: org.openqa.selenium.chrome.ChromeDriver
Command: [0b3c1a17ed97c13f0b6c386b2acae7bc, findElement {using=xpath, value=//div[@data-autoid='Logout']/a}]
Capabilities {acceptInsecureCerts: false, browserName: chrome, browserVersion: 108.0.5359.99, chrome: {chromedriverVersion: 108.0.5359.71 (1e0e3868ee06..., userDataDir: C:\Users\akila\AppData\Loca...}, goog:chromeOptions: {debuggerAddress: localhost:64854}, javascriptEnabled: true, networkConnectionEnabled: false, pageLoadStrategy: normal, platform: WINDOWS, platformName: WINDOWS, proxy: Proxy(), se:cdp: ws://localhost:64854/devtoo..., se:cdpVersion: 108.0.5359.99, setWindowRect: true, strictFileInteractability: false, timeouts: {implicit: 0, pageLoad: 300000, script: 30000}, unhandledPromptBehavior: dismiss and notify, webauthn:extension:credBlob: true, webauthn:extension:largeBlob: true, webauthn:virtualAuthenticators: true}
Session ID: 0b3c1a17ed97c13f0b6c386b2acae7bc
2022-12-12 14:18:17 INFO  LoginPage - Sucessfully logout..
2022-12-12 14:18:17 INFO  SetUp - Test Case_VerifyCRMLogin_Successfully Passed
2022-12-12 14:18:17 INFO  CommonMethods - Row num for TestScenario = VerifyCRMLogin is = 1
2022-12-12 14:18:18 INFO  ExcelOperation - Write to excel with : Row=1 | Cell =5 | Data =Pass
2022-12-12 14:18:20 WARN  WebSocketHandler - onError
java.net.SocketException: Connection reset
	at sun.nio.ch.SocketChannelImpl.throwConnectionReset(SocketChannelImpl.java:394) ~[?:?]
	at sun.nio.ch.SocketChannelImpl.read(SocketChannelImpl.java:426) ~[?:?]
	at io.netty.buffer.PooledByteBuf.setBytes(PooledByteBuf.java:253) ~[netty-buffer-4.1.69.Final.jar:4.1.69.Final]
	at io.netty.buffer.AbstractByteBuf.writeBytes(AbstractByteBuf.java:1132) ~[netty-buffer-4.1.69.Final.jar:4.1.69.Final]
	at io.netty.channel.socket.nio.NioSocketChannel.doReadBytes(NioSocketChannel.java:350) ~[netty-transport-4.1.69.Final.jar:4.1.69.Final]
	at io.netty.channel.nio.AbstractNioByteChannel$NioByteUnsafe.read(AbstractNioByteChannel.java:151) [netty-transport-4.1.69.Final.jar:4.1.69.Final]
	at io.netty.channel.nio.NioEventLoop.processSelectedKey(NioEventLoop.java:719) [netty-transport-4.1.69.Final.jar:4.1.69.Final]
	at io.netty.channel.nio.NioEventLoop.processSelectedKeysOptimized(NioEventLoop.java:655) [netty-transport-4.1.69.Final.jar:4.1.69.Final]
	at io.netty.channel.nio.NioEventLoop.processSelectedKeys(NioEventLoop.java:581) [netty-transport-4.1.69.Final.jar:4.1.69.Final]
	at io.netty.channel.nio.NioEventLoop.run(NioEventLoop.java:493) [netty-transport-4.1.69.Final.jar:4.1.69.Final]
	at io.netty.util.concurrent.SingleThreadEventExecutor$4.run(SingleThreadEventExecutor.java:986) [netty-common-4.1.69.Final.jar:4.1.69.Final]
	at io.netty.util.internal.ThreadExecutorMap$2.run(ThreadExecutorMap.java:74) [netty-common-4.1.69.Final.jar:4.1.69.Final]
	at io.netty.util.concurrent.FastThreadLocalRunnable.run(FastThreadLocalRunnable.java:30) [netty-common-4.1.69.Final.jar:4.1.69.Final]
	at java.lang.Thread.run(Thread.java:833) [?:?]
2022-12-12 14:18:21 INFO  SetUp - Browser Closed..
2022-12-12 14:18:22 INFO  SetUp - Test Case_Login_Successfully Started
2022-12-12 14:18:22 INFO  SetUp - Test Case_Login_get Skipped as its Runmode is 'NO' 
2022-12-12 14:18:22 INFO  SetUp - Test Case_Login_Successfully Started
2022-12-12 14:18:22 INFO  SetUp - Test Case_Login_get Skipped as its Runmode is 'NO' 
2022-12-12 14:18:25 INFO  CommonMethods - Test Report Mail sent successfully to akila.raguram@crmnext.com
2022-12-12 14:22:00 INFO  Utils - [TestNG] Running:
  C:\Users\akila\OneDrive\Desktop\Automation Frameworks\CRMMasterFramework\MasterFramework\src\test\resources\RunnerFiles\testng.xml

2022-12-12 14:22:01 INFO  SetUp - Test Case_VerifyCRMLogin_Successfully Started
2022-12-12 14:22:02 INFO  WebDriverManager - Using chromedriver 108.0.5359.71 (resolved driver for Chrome 108)
2022-12-12 14:22:02 INFO  WebDriverManager - Exporting webdriver.chrome.driver as C:\Users\akila\.cache\selenium\chromedriver\win32\108.0.5359.71\chromedriver.exe
2022-12-12 14:22:05 INFO  SetUp - Chrome Browser Launched..
2022-12-12 14:22:07 INFO  SetUp - URL : https://kmb.crmnext.com/sng7/app/login/login
2022-12-12 14:22:07 INFO  ScreenShot - ScreenShot captured LoginPage || Status :Pass
2022-12-12 14:22:07 INFO  CommonMethods - Sucessfully clicked on Username_XPATH
2022-12-12 14:22:08 INFO  CommonMethods - Data sucessfully entered on Username_XPATH = admin2
2022-12-12 14:22:08 INFO  CommonMethods - Sucessfully clicked on password_XPATH
2022-12-12 14:22:08 INFO  CommonMethods - Data sucessfully entered on password_XPATH = acid_qa
2022-12-12 14:22:09 INFO  CommonMethods - Sucessfully clicked on loginBtn_XPATH
2022-12-12 14:22:09 ERROR SetUp - VerifyCRMLogin Get Failed due to 
Index 1 out of bounds for length 1
2022-12-12 14:22:09 INFO  ScreenShot - ScreenShot captured VerifyCRMLogin || Status :Fail
2022-12-12 14:22:10 INFO  CommonMethods - Row num for TestScenario = VerifyCRMLogin is = 1
2022-12-12 14:22:11 INFO  ExcelOperation - Write to excel with : Row=1 | Cell =5 | Data =Fail
2022-12-12 14:22:13 WARN  WebSocketHandler - onError
java.net.SocketException: Connection reset
	at sun.nio.ch.SocketChannelImpl.throwConnectionReset(SocketChannelImpl.java:394) ~[?:?]
	at sun.nio.ch.SocketChannelImpl.read(SocketChannelImpl.java:426) ~[?:?]
	at io.netty.buffer.PooledByteBuf.setBytes(PooledByteBuf.java:253) ~[netty-buffer-4.1.69.Final.jar:4.1.69.Final]
	at io.netty.buffer.AbstractByteBuf.writeBytes(AbstractByteBuf.java:1132) ~[netty-buffer-4.1.69.Final.jar:4.1.69.Final]
	at io.netty.channel.socket.nio.NioSocketChannel.doReadBytes(NioSocketChannel.java:350) ~[netty-transport-4.1.69.Final.jar:4.1.69.Final]
	at io.netty.channel.nio.AbstractNioByteChannel$NioByteUnsafe.read(AbstractNioByteChannel.java:151) [netty-transport-4.1.69.Final.jar:4.1.69.Final]
	at io.netty.channel.nio.NioEventLoop.processSelectedKey(NioEventLoop.java:719) [netty-transport-4.1.69.Final.jar:4.1.69.Final]
	at io.netty.channel.nio.NioEventLoop.processSelectedKeysOptimized(NioEventLoop.java:655) [netty-transport-4.1.69.Final.jar:4.1.69.Final]
	at io.netty.channel.nio.NioEventLoop.processSelectedKeys(NioEventLoop.java:581) [netty-transport-4.1.69.Final.jar:4.1.69.Final]
	at io.netty.channel.nio.NioEventLoop.run(NioEventLoop.java:493) [netty-transport-4.1.69.Final.jar:4.1.69.Final]
	at io.netty.util.concurrent.SingleThreadEventExecutor$4.run(SingleThreadEventExecutor.java:986) [netty-common-4.1.69.Final.jar:4.1.69.Final]
	at io.netty.util.internal.ThreadExecutorMap$2.run(ThreadExecutorMap.java:74) [netty-common-4.1.69.Final.jar:4.1.69.Final]
	at io.netty.util.concurrent.FastThreadLocalRunnable.run(FastThreadLocalRunnable.java:30) [netty-common-4.1.69.Final.jar:4.1.69.Final]
	at java.lang.Thread.run(Thread.java:833) [?:?]
2022-12-12 14:22:14 INFO  SetUp - Browser Closed..
2022-12-12 14:22:15 INFO  SetUp - Test Case_Login_Successfully Started
2022-12-12 14:22:15 INFO  SetUp - Test Case_Login_get Skipped as its Runmode is 'NO' 
2022-12-12 14:22:15 INFO  SetUp - Test Case_Login_Successfully Started
2022-12-12 14:22:15 INFO  SetUp - Test Case_Login_get Skipped as its Runmode is 'NO' 
2022-12-12 14:22:18 INFO  CommonMethods - Test Report Mail sent successfully to akila.raguram@crmnext.com
2022-12-12 14:23:13 INFO  Utils - [TestNG] Running:
  C:\Users\akila\OneDrive\Desktop\Automation Frameworks\CRMMasterFramework\MasterFramework\src\test\resources\RunnerFiles\testng.xml

2022-12-12 14:23:13 INFO  SetUp - Test Case_VerifyCRMLogin_Successfully Started
2022-12-12 14:23:30 INFO  WebDriverManager - Using chromedriver 108.0.5359.71 (resolved driver for Chrome 108)
2022-12-12 14:23:30 INFO  WebDriverManager - Exporting webdriver.chrome.driver as C:\Users\akila\.cache\selenium\chromedriver\win32\108.0.5359.71\chromedriver.exe
2022-12-12 14:23:37 INFO  SetUp - Chrome Browser Launched..
2022-12-12 14:23:38 INFO  SetUp - URL : https://kmb.crmnext.com/sng7/app/login/login
2022-12-12 14:23:58 INFO  Utils - [TestNG] Running:
  C:\Users\akila\OneDrive\Desktop\Automation Frameworks\CRMMasterFramework\MasterFramework\src\test\resources\RunnerFiles\testng.xml

2022-12-12 14:23:58 INFO  SetUp - Test Case_VerifyCRMLogin_Successfully Started
2022-12-12 14:23:59 INFO  WebDriverManager - Using chromedriver 108.0.5359.71 (resolved driver for Chrome 108)
2022-12-12 14:23:59 INFO  WebDriverManager - Exporting webdriver.chrome.driver as C:\Users\akila\.cache\selenium\chromedriver\win32\108.0.5359.71\chromedriver.exe
2022-12-12 14:24:02 INFO  SetUp - Chrome Browser Launched..
2022-12-12 14:24:03 INFO  SetUp - URL : https://kmb.crmnext.com/sng7/app/login/login
2022-12-12 14:24:04 INFO  ScreenShot - ScreenShot captured LoginPage || Status :Pass
2022-12-12 14:24:04 INFO  CommonMethods - Sucessfully clicked on Username_XPATH
2022-12-12 14:24:04 INFO  CommonMethods - Data sucessfully entered on Username_XPATH = admin2
2022-12-12 14:24:04 INFO  CommonMethods - Sucessfully clicked on password_XPATH
2022-12-12 14:24:04 INFO  CommonMethods - Data sucessfully entered on password_XPATH = acid_qa
2022-12-12 14:24:05 INFO  CommonMethods - Sucessfully clicked on loginBtn_XPATH
2022-12-12 14:26:06 ERROR SetUp - VerifyCRMLogin Get Failed due to 
Expected condition failed: waiting for visibility of element located by By.xpath: //div[@class="header__item header__profile ht-3 mid relative pointer"]/a (tried for 60 second(s) with 500 milliseconds interval)
Build info: version: '4.1.0', revision: '87802e897b'
System info: host: 'AKILA', ip: '192.168.1.36', os.name: 'Windows 11', os.arch: 'amd64', os.version: '10.0', java.version: '17.0.3'
Driver info: org.openqa.selenium.chrome.ChromeDriver
Capabilities {acceptInsecureCerts: false, browserName: chrome, browserVersion: 108.0.5359.99, chrome: {chromedriverVersion: 108.0.5359.71 (1e0e3868ee06..., userDataDir: C:\Users\akila\AppData\Loca...}, goog:chromeOptions: {debuggerAddress: localhost:65006}, javascriptEnabled: true, networkConnectionEnabled: false, pageLoadStrategy: normal, platform: WINDOWS, platformName: WINDOWS, proxy: Proxy(), se:cdp: ws://localhost:65006/devtoo..., se:cdpVersion: 108.0.5359.99, setWindowRect: true, strictFileInteractability: false, timeouts: {implicit: 0, pageLoad: 300000, script: 30000}, unhandledPromptBehavior: dismiss and notify, webauthn:extension:credBlob: true, webauthn:extension:largeBlob: true, webauthn:virtualAuthenticators: true}
Session ID: f88a8216efdf787d48502706f68d630f
2022-12-12 14:26:06 INFO  ScreenShot - ScreenShot captured VerifyCRMLogin || Status :Fail
2022-12-12 14:26:07 INFO  CommonMethods - Row num for TestScenario = VerifyCRMLogin is = 1
2022-12-12 14:26:08 INFO  ExcelOperation - Write to excel with : Row=1 | Cell =5 | Data =Fail
2022-12-12 14:26:10 WARN  WebSocketHandler - onError
java.net.SocketException: Connection reset
	at sun.nio.ch.SocketChannelImpl.throwConnectionReset(SocketChannelImpl.java:394) ~[?:?]
	at sun.nio.ch.SocketChannelImpl.read(SocketChannelImpl.java:426) ~[?:?]
	at io.netty.buffer.PooledByteBuf.setBytes(PooledByteBuf.java:253) ~[netty-buffer-4.1.69.Final.jar:4.1.69.Final]
	at io.netty.buffer.AbstractByteBuf.writeBytes(AbstractByteBuf.java:1132) ~[netty-buffer-4.1.69.Final.jar:4.1.69.Final]
	at io.netty.channel.socket.nio.NioSocketChannel.doReadBytes(NioSocketChannel.java:350) ~[netty-transport-4.1.69.Final.jar:4.1.69.Final]
	at io.netty.channel.nio.AbstractNioByteChannel$NioByteUnsafe.read(AbstractNioByteChannel.java:151) [netty-transport-4.1.69.Final.jar:4.1.69.Final]
	at io.netty.channel.nio.NioEventLoop.processSelectedKey(NioEventLoop.java:719) [netty-transport-4.1.69.Final.jar:4.1.69.Final]
	at io.netty.channel.nio.NioEventLoop.processSelectedKeysOptimized(NioEventLoop.java:655) [netty-transport-4.1.69.Final.jar:4.1.69.Final]
	at io.netty.channel.nio.NioEventLoop.processSelectedKeys(NioEventLoop.java:581) [netty-transport-4.1.69.Final.jar:4.1.69.Final]
	at io.netty.channel.nio.NioEventLoop.run(NioEventLoop.java:493) [netty-transport-4.1.69.Final.jar:4.1.69.Final]
	at io.netty.util.concurrent.SingleThreadEventExecutor$4.run(SingleThreadEventExecutor.java:986) [netty-common-4.1.69.Final.jar:4.1.69.Final]
	at io.netty.util.internal.ThreadExecutorMap$2.run(ThreadExecutorMap.java:74) [netty-common-4.1.69.Final.jar:4.1.69.Final]
	at io.netty.util.concurrent.FastThreadLocalRunnable.run(FastThreadLocalRunnable.java:30) [netty-common-4.1.69.Final.jar:4.1.69.Final]
	at java.lang.Thread.run(Thread.java:833) [?:?]
2022-12-12 14:26:10 INFO  SetUp - Browser Closed..
2022-12-12 14:26:11 INFO  SetUp - Test Case_Login_Successfully Started
2022-12-12 14:26:11 INFO  SetUp - Test Case_Login_get Skipped as its Runmode is 'NO' 
2022-12-12 14:26:11 INFO  SetUp - Test Case_Login_Successfully Started
2022-12-12 14:26:11 INFO  SetUp - Test Case_Login_get Skipped as its Runmode is 'NO' 
2022-12-12 14:26:14 INFO  CommonMethods - Test Report Mail sent successfully to akila.raguram@crmnext.com
2022-12-12 14:27:54 INFO  Utils - [TestNG] Running:
  C:\Users\akila\OneDrive\Desktop\Automation Frameworks\CRMMasterFramework\MasterFramework\src\test\resources\RunnerFiles\testng.xml

2022-12-12 14:27:55 INFO  SetUp - Test Case_VerifyCRMLogin_Successfully Started
2022-12-12 14:27:55 INFO  WebDriverManager - Using chromedriver 108.0.5359.71 (resolved driver for Chrome 108)
2022-12-12 14:27:56 INFO  WebDriverManager - Exporting webdriver.chrome.driver as C:\Users\akila\.cache\selenium\chromedriver\win32\108.0.5359.71\chromedriver.exe
2022-12-12 14:27:59 INFO  SetUp - Chrome Browser Launched..
2022-12-12 14:28:00 INFO  SetUp - URL : https://kmb.crmnext.com/sng7/app/login/login
2022-12-12 14:28:00 INFO  ScreenShot - ScreenShot captured LoginPage || Status :Pass
2022-12-12 14:28:00 INFO  CommonMethods - Sucessfully clicked on Username_XPATH
2022-12-12 14:28:00 INFO  CommonMethods - Data sucessfully entered on Username_XPATH = admin2
2022-12-12 14:28:01 INFO  CommonMethods - Sucessfully clicked on password_XPATH
2022-12-12 14:28:01 INFO  CommonMethods - Data sucessfully entered on password_XPATH = acid_qa
2022-12-12 14:28:01 INFO  CommonMethods - Sucessfully clicked on loginBtn_XPATH
2022-12-12 14:30:02 ERROR SetUp - VerifyCRMLogin Get Failed due to 
Expected condition failed: waiting for visibility of element located by By.xpath: //div[@class="header__item header__profile ht-3 mid relative pointer"]/a (tried for 60 second(s) with 500 milliseconds interval)
Build info: version: '4.1.0', revision: '87802e897b'
System info: host: 'AKILA', ip: '192.168.1.36', os.name: 'Windows 11', os.arch: 'amd64', os.version: '10.0', java.version: '17.0.3'
Driver info: org.openqa.selenium.chrome.ChromeDriver
Capabilities {acceptInsecureCerts: false, browserName: chrome, browserVersion: 108.0.5359.99, chrome: {chromedriverVersion: 108.0.5359.71 (1e0e3868ee06..., userDataDir: C:\Users\akila\AppData\Loca...}, goog:chromeOptions: {debuggerAddress: localhost:65096}, javascriptEnabled: true, networkConnectionEnabled: false, pageLoadStrategy: normal, platform: WINDOWS, platformName: WINDOWS, proxy: Proxy(), se:cdp: ws://localhost:65096/devtoo..., se:cdpVersion: 108.0.5359.99, setWindowRect: true, strictFileInteractability: false, timeouts: {implicit: 0, pageLoad: 300000, script: 30000}, unhandledPromptBehavior: dismiss and notify, webauthn:extension:credBlob: true, webauthn:extension:largeBlob: true, webauthn:virtualAuthenticators: true}
Session ID: cc11cbade70762afd98dadd325d39f91
2022-12-12 14:30:02 INFO  ScreenShot - ScreenShot captured VerifyCRMLogin || Status :Fail
2022-12-12 14:30:02 INFO  CommonMethods - Row num for TestScenario = VerifyCRMLogin is = 1
2022-12-12 14:30:03 INFO  ExcelOperation - Write to excel with : Row=1 | Cell =5 | Data =Fail
2022-12-12 14:30:05 WARN  WebSocketHandler - onError
java.net.SocketException: Connection reset
	at sun.nio.ch.SocketChannelImpl.throwConnectionReset(SocketChannelImpl.java:394) ~[?:?]
	at sun.nio.ch.SocketChannelImpl.read(SocketChannelImpl.java:426) ~[?:?]
	at io.netty.buffer.PooledByteBuf.setBytes(PooledByteBuf.java:253) ~[netty-buffer-4.1.69.Final.jar:4.1.69.Final]
	at io.netty.buffer.AbstractByteBuf.writeBytes(AbstractByteBuf.java:1132) ~[netty-buffer-4.1.69.Final.jar:4.1.69.Final]
	at io.netty.buffer.WrappedByteBuf.writeBytes(WrappedByteBuf.java:821) ~[netty-buffer-4.1.69.Final.jar:4.1.69.Final]
	at io.netty.channel.socket.nio.NioSocketChannel.doReadBytes(NioSocketChannel.java:350) ~[netty-transport-4.1.69.Final.jar:4.1.69.Final]
	at io.netty.channel.nio.AbstractNioByteChannel$NioByteUnsafe.read(AbstractNioByteChannel.java:151) [netty-transport-4.1.69.Final.jar:4.1.69.Final]
	at io.netty.channel.nio.NioEventLoop.processSelectedKey(NioEventLoop.java:719) [netty-transport-4.1.69.Final.jar:4.1.69.Final]
	at io.netty.channel.nio.NioEventLoop.processSelectedKeysOptimized(NioEventLoop.java:655) [netty-transport-4.1.69.Final.jar:4.1.69.Final]
	at io.netty.channel.nio.NioEventLoop.processSelectedKeys(NioEventLoop.java:581) [netty-transport-4.1.69.Final.jar:4.1.69.Final]
	at io.netty.channel.nio.NioEventLoop.run(NioEventLoop.java:493) [netty-transport-4.1.69.Final.jar:4.1.69.Final]
	at io.netty.util.concurrent.SingleThreadEventExecutor$4.run(SingleThreadEventExecutor.java:986) [netty-common-4.1.69.Final.jar:4.1.69.Final]
	at io.netty.util.internal.ThreadExecutorMap$2.run(ThreadExecutorMap.java:74) [netty-common-4.1.69.Final.jar:4.1.69.Final]
	at io.netty.util.concurrent.FastThreadLocalRunnable.run(FastThreadLocalRunnable.java:30) [netty-common-4.1.69.Final.jar:4.1.69.Final]
	at java.lang.Thread.run(Thread.java:833) [?:?]
2022-12-12 14:30:05 INFO  SetUp - Browser Closed..
2022-12-12 14:30:05 INFO  SetUp - Test Case_VerifyCRMLogin_Successfully Started
2022-12-12 14:30:06 INFO  WebDriverManager - Using chromedriver 108.0.5359.71 (resolved driver for Chrome 108)
2022-12-12 14:30:06 INFO  WebDriverManager - Exporting webdriver.chrome.driver as C:\Users\akila\.cache\selenium\chromedriver\win32\108.0.5359.71\chromedriver.exe
2022-12-12 14:30:06 INFO  SetUp - Chrome Browser Launched..
2022-12-12 14:30:07 INFO  SetUp - URL : https://kmb.crmnext.com/sng7/app/login/login
2022-12-12 14:30:08 INFO  ScreenShot - ScreenShot captured LoginPage || Status :Pass
2022-12-12 14:30:08 INFO  CommonMethods - Sucessfully clicked on Username_XPATH
2022-12-12 14:30:08 INFO  CommonMethods - Data sucessfully entered on Username_XPATH = admin
2022-12-12 14:30:08 INFO  CommonMethods - Sucessfully clicked on password_XPATH
2022-12-12 14:30:08 INFO  CommonMethods - Data sucessfully entered on password_XPATH = acid_qa
2022-12-12 14:30:10 INFO  CommonMethods - Sucessfully clicked on loginBtn_XPATH
2022-12-12 14:30:11 INFO  CommonMethods - Sucessfully clicked on ProfileBtn_XPATH
2022-12-12 14:30:12 INFO  ExcelOperation - Write to excel with : Row=3 | Cell =6 | Data =Kotak Bank Admin
2022-12-12 14:30:13 INFO  CommonMethods - Sucessfully clicked on ProfileBtn_XPATH
2022-12-12 14:30:13 INFO  CommonMethods - Sucessfully clicked on ProfileBtn_XPATH
2022-12-12 14:30:14 INFO  CommonMethods - Sucessfully clicked on logoutBtn_XPATH
2022-12-12 14:30:14 INFO  LoginPage - Sucessfully logout..
2022-12-12 14:30:14 INFO  SetUp - Test Case_VerifyCRMLogin_Successfully Passed
2022-12-12 14:30:14 INFO  CommonMethods - Row num for TestScenario = VerifyCRMLogin is = 1
2022-12-12 14:30:15 INFO  ExcelOperation - Write to excel with : Row=1 | Cell =5 | Data =Pass
2022-12-12 14:30:16 WARN  WebSocketHandler - onError
java.net.SocketException: Connection reset
	at sun.nio.ch.SocketChannelImpl.throwConnectionReset(SocketChannelImpl.java:394) ~[?:?]
	at sun.nio.ch.SocketChannelImpl.read(SocketChannelImpl.java:426) ~[?:?]
	at io.netty.buffer.PooledByteBuf.setBytes(PooledByteBuf.java:253) ~[netty-buffer-4.1.69.Final.jar:4.1.69.Final]
	at io.netty.buffer.AbstractByteBuf.writeBytes(AbstractByteBuf.java:1132) ~[netty-buffer-4.1.69.Final.jar:4.1.69.Final]
	at io.netty.channel.socket.nio.NioSocketChannel.doReadBytes(NioSocketChannel.java:350) ~[netty-transport-4.1.69.Final.jar:4.1.69.Final]
	at io.netty.channel.nio.AbstractNioByteChannel$NioByteUnsafe.read(AbstractNioByteChannel.java:151) [netty-transport-4.1.69.Final.jar:4.1.69.Final]
	at io.netty.channel.nio.NioEventLoop.processSelectedKey(NioEventLoop.java:719) [netty-transport-4.1.69.Final.jar:4.1.69.Final]
	at io.netty.channel.nio.NioEventLoop.processSelectedKeysOptimized(NioEventLoop.java:655) [netty-transport-4.1.69.Final.jar:4.1.69.Final]
	at io.netty.channel.nio.NioEventLoop.processSelectedKeys(NioEventLoop.java:581) [netty-transport-4.1.69.Final.jar:4.1.69.Final]
	at io.netty.channel.nio.NioEventLoop.run(NioEventLoop.java:493) [netty-transport-4.1.69.Final.jar:4.1.69.Final]
	at io.netty.util.concurrent.SingleThreadEventExecutor$4.run(SingleThreadEventExecutor.java:986) [netty-common-4.1.69.Final.jar:4.1.69.Final]
	at io.netty.util.internal.ThreadExecutorMap$2.run(ThreadExecutorMap.java:74) [netty-common-4.1.69.Final.jar:4.1.69.Final]
	at io.netty.util.concurrent.FastThreadLocalRunnable.run(FastThreadLocalRunnable.java:30) [netty-common-4.1.69.Final.jar:4.1.69.Final]
	at java.lang.Thread.run(Thread.java:833) [?:?]
2022-12-12 14:30:17 INFO  SetUp - Browser Closed..
2022-12-12 14:30:17 INFO  SetUp - Test Case_Login_Successfully Started
2022-12-12 14:30:18 INFO  SetUp - Test Case_Login_get Skipped as its Runmode is 'NO' 
2022-12-12 14:30:18 INFO  SetUp - Test Case_Login_Successfully Started
2022-12-12 14:30:18 INFO  SetUp - Test Case_Login_get Skipped as its Runmode is 'NO' 
2022-12-12 14:30:20 INFO  CommonMethods - Test Report Mail sent successfully to akila.raguram@crmnext.com
2022-12-12 16:15:16 INFO  ExtentReporterNG - Extent report Directory is created!
2022-12-12 16:15:16 INFO  Utils - [TestNG] Running:
  C:\Users\akila\OneDrive\Desktop\Automation Frameworks\CRMMasterFramework\MasterFramework\src\test\resources\RunnerFiles\testng.xml

2022-12-12 16:15:16 INFO  SetUp - Test Case_VerifyCRMLogin_Successfully Started
2022-12-12 16:15:20 INFO  WebDriverManager - Using chromedriver 108.0.5359.71 (resolved driver for Chrome 108)
2022-12-12 16:15:20 INFO  WebDriverManager - Exporting webdriver.chrome.driver as C:\Users\akila\.cache\selenium\chromedriver\win32\108.0.5359.71\chromedriver.exe
2022-12-12 16:15:22 INFO  SetUp - Chrome Browser Launched..
2022-12-12 16:15:26 INFO  SetUp - URL : https://kmb.crmnext.com/sng7/app/login/login
2022-12-12 16:15:27 INFO  ScreenShot - ScreenShot captured LoginPage || Status :Pass
2022-12-12 16:15:27 INFO  CommonMethods - Sucessfully clicked on Username_XPATH
2022-12-12 16:15:27 INFO  CommonMethods - Data sucessfully entered on Username_XPATH = admin2
2022-12-12 16:15:27 INFO  CommonMethods - Sucessfully clicked on password_XPATH
2022-12-12 16:15:27 INFO  CommonMethods - Data sucessfully entered on password_XPATH = acid_qa
2022-12-12 16:15:27 INFO  CommonMethods - Sucessfully clicked on loginBtn_XPATH
2022-12-12 16:16:28 ERROR CommonMethods - Not able to wait for ProfileBtn_XPATH due to :Expected condition failed: waiting for visibility of element located by By.xpath: //div[@class="header__item header__profile ht-3 mid relative pointer"]/a (tried for 60 second(s) with 500 milliseconds interval)
Build info: version: '4.1.0', revision: '87802e897b'
System info: host: 'AKILA', ip: '192.168.1.36', os.name: 'Windows 11', os.arch: 'amd64', os.version: '10.0', java.version: '17.0.3'
Driver info: org.openqa.selenium.chrome.ChromeDriver
Capabilities {acceptInsecureCerts: false, browserName: chrome, browserVersion: 108.0.5359.99, chrome: {chromedriverVersion: 108.0.5359.71 (1e0e3868ee06..., userDataDir: C:\Users\akila\AppData\Loca...}, goog:chromeOptions: {debuggerAddress: localhost:52913}, javascriptEnabled: true, networkConnectionEnabled: false, pageLoadStrategy: normal, platform: WINDOWS, platformName: WINDOWS, proxy: Proxy(), se:cdp: ws://localhost:52913/devtoo..., se:cdpVersion: 108.0.5359.99, setWindowRect: true, strictFileInteractability: false, timeouts: {implicit: 0, pageLoad: 300000, script: 30000}, unhandledPromptBehavior: dismiss and notify, webauthn:extension:credBlob: true, webauthn:extension:largeBlob: true, webauthn:virtualAuthenticators: true}
Session ID: 34382ada491a2b7dd5ca77eb856ee34c
2022-12-12 16:16:28 ERROR CommonMethods - Not Sucessfully highlighted ProfileBtn_XPATH due to :no such element: Unable to locate element: {"method":"xpath","selector":"//div[@class="header__item header__profile ht-3 mid relative pointer"]/a"}
  (Session info: chrome=108.0.5359.99)
For documentation on this error, please visit: https://selenium.dev/exceptions/#no_such_element
Build info: version: '4.1.0', revision: '87802e897b'
System info: host: 'AKILA', ip: '192.168.1.36', os.name: 'Windows 11', os.arch: 'amd64', os.version: '10.0', java.version: '17.0.3'
Driver info: org.openqa.selenium.chrome.ChromeDriver
Command: [34382ada491a2b7dd5ca77eb856ee34c, findElement {using=xpath, value=//div[@class="header__item header__profile ht-3 mid relative pointer"]/a}]
Capabilities {acceptInsecureCerts: false, browserName: chrome, browserVersion: 108.0.5359.99, chrome: {chromedriverVersion: 108.0.5359.71 (1e0e3868ee06..., userDataDir: C:\Users\akila\AppData\Loca...}, goog:chromeOptions: {debuggerAddress: localhost:52913}, javascriptEnabled: true, networkConnectionEnabled: false, pageLoadStrategy: normal, platform: WINDOWS, platformName: WINDOWS, proxy: Proxy(), se:cdp: ws://localhost:52913/devtoo..., se:cdpVersion: 108.0.5359.99, setWindowRect: true, strictFileInteractability: false, timeouts: {implicit: 0, pageLoad: 300000, script: 30000}, unhandledPromptBehavior: dismiss and notify, webauthn:extension:credBlob: true, webauthn:extension:largeBlob: true, webauthn:virtualAuthenticators: true}
Session ID: 34382ada491a2b7dd5ca77eb856ee34c
2022-12-12 16:17:28 ERROR CommonMethods - Not able to wait for ProfileBtn_XPATH due to :Expected condition failed: waiting for visibility of element located by By.xpath: //div[@class="header__item header__profile ht-3 mid relative pointer"]/a (tried for 60 second(s) with 500 milliseconds interval)
Build info: version: '4.1.0', revision: '87802e897b'
System info: host: 'AKILA', ip: '192.168.1.36', os.name: 'Windows 11', os.arch: 'amd64', os.version: '10.0', java.version: '17.0.3'
Driver info: org.openqa.selenium.chrome.ChromeDriver
Capabilities {acceptInsecureCerts: false, browserName: chrome, browserVersion: 108.0.5359.99, chrome: {chromedriverVersion: 108.0.5359.71 (1e0e3868ee06..., userDataDir: C:\Users\akila\AppData\Loca...}, goog:chromeOptions: {debuggerAddress: localhost:52913}, javascriptEnabled: true, networkConnectionEnabled: false, pageLoadStrategy: normal, platform: WINDOWS, platformName: WINDOWS, proxy: Proxy(), se:cdp: ws://localhost:52913/devtoo..., se:cdpVersion: 108.0.5359.99, setWindowRect: true, strictFileInteractability: false, timeouts: {implicit: 0, pageLoad: 300000, script: 30000}, unhandledPromptBehavior: dismiss and notify, webauthn:extension:credBlob: true, webauthn:extension:largeBlob: true, webauthn:virtualAuthenticators: true}
Session ID: 34382ada491a2b7dd5ca77eb856ee34c
2022-12-12 16:17:28 ERROR CommonMethods - Not Sucessfully clicked on ProfileBtn_XPATH due to :no such element: Unable to locate element: {"method":"xpath","selector":"//div[@class="header__item header__profile ht-3 mid relative pointer"]/a"}
  (Session info: chrome=108.0.5359.99)
For documentation on this error, please visit: https://selenium.dev/exceptions/#no_such_element
Build info: version: '4.1.0', revision: '87802e897b'
System info: host: 'AKILA', ip: '192.168.1.36', os.name: 'Windows 11', os.arch: 'amd64', os.version: '10.0', java.version: '17.0.3'
Driver info: org.openqa.selenium.chrome.ChromeDriver
Command: [34382ada491a2b7dd5ca77eb856ee34c, findElement {using=xpath, value=//div[@class="header__item header__profile ht-3 mid relative pointer"]/a}]
Capabilities {acceptInsecureCerts: false, browserName: chrome, browserVersion: 108.0.5359.99, chrome: {chromedriverVersion: 108.0.5359.71 (1e0e3868ee06..., userDataDir: C:\Users\akila\AppData\Loca...}, goog:chromeOptions: {debuggerAddress: localhost:52913}, javascriptEnabled: true, networkConnectionEnabled: false, pageLoadStrategy: normal, platform: WINDOWS, platformName: WINDOWS, proxy: Proxy(), se:cdp: ws://localhost:52913/devtoo..., se:cdpVersion: 108.0.5359.99, setWindowRect: true, strictFileInteractability: false, timeouts: {implicit: 0, pageLoad: 300000, script: 30000}, unhandledPromptBehavior: dismiss and notify, webauthn:extension:credBlob: true, webauthn:extension:largeBlob: true, webauthn:virtualAuthenticators: true}
Session ID: 34382ada491a2b7dd5ca77eb856ee34c
2022-12-12 16:18:28 ERROR CommonMethods - Not able to wait for UserID_XPATH due to :Expected condition failed: waiting for visibility of element located by By.xpath: //span[@data-autoid='UserName_ctrl'] (tried for 60 second(s) with 500 milliseconds interval)
Build info: version: '4.1.0', revision: '87802e897b'
System info: host: 'AKILA', ip: '192.168.1.36', os.name: 'Windows 11', os.arch: 'amd64', os.version: '10.0', java.version: '17.0.3'
Driver info: org.openqa.selenium.chrome.ChromeDriver
Capabilities {acceptInsecureCerts: false, browserName: chrome, browserVersion: 108.0.5359.99, chrome: {chromedriverVersion: 108.0.5359.71 (1e0e3868ee06..., userDataDir: C:\Users\akila\AppData\Loca...}, goog:chromeOptions: {debuggerAddress: localhost:52913}, javascriptEnabled: true, networkConnectionEnabled: false, pageLoadStrategy: normal, platform: WINDOWS, platformName: WINDOWS, proxy: Proxy(), se:cdp: ws://localhost:52913/devtoo..., se:cdpVersion: 108.0.5359.99, setWindowRect: true, strictFileInteractability: false, timeouts: {implicit: 0, pageLoad: 300000, script: 30000}, unhandledPromptBehavior: dismiss and notify, webauthn:extension:credBlob: true, webauthn:extension:largeBlob: true, webauthn:virtualAuthenticators: true}
Session ID: 34382ada491a2b7dd5ca77eb856ee34c
2022-12-12 16:19:28 ERROR CommonMethods - Not able to wait for ProfileBtn_XPATH due to :Expected condition failed: waiting for visibility of element located by By.xpath: //div[@class="header__item header__profile ht-3 mid relative pointer"]/a (tried for 60 second(s) with 500 milliseconds interval)
Build info: version: '4.1.0', revision: '87802e897b'
System info: host: 'AKILA', ip: '192.168.1.36', os.name: 'Windows 11', os.arch: 'amd64', os.version: '10.0', java.version: '17.0.3'
Driver info: org.openqa.selenium.chrome.ChromeDriver
Capabilities {acceptInsecureCerts: false, browserName: chrome, browserVersion: 108.0.5359.99, chrome: {chromedriverVersion: 108.0.5359.71 (1e0e3868ee06..., userDataDir: C:\Users\akila\AppData\Loca...}, goog:chromeOptions: {debuggerAddress: localhost:52913}, javascriptEnabled: true, networkConnectionEnabled: false, pageLoadStrategy: normal, platform: WINDOWS, platformName: WINDOWS, proxy: Proxy(), se:cdp: ws://localhost:52913/devtoo..., se:cdpVersion: 108.0.5359.99, setWindowRect: true, strictFileInteractability: false, timeouts: {implicit: 0, pageLoad: 300000, script: 30000}, unhandledPromptBehavior: dismiss and notify, webauthn:extension:credBlob: true, webauthn:extension:largeBlob: true, webauthn:virtualAuthenticators: true}
Session ID: 34382ada491a2b7dd5ca77eb856ee34c
2022-12-12 16:19:28 ERROR CommonMethods - Not Sucessfully highlighted ProfileBtn_XPATH due to :no such element: Unable to locate element: {"method":"xpath","selector":"//div[@class="header__item header__profile ht-3 mid relative pointer"]/a"}
  (Session info: chrome=108.0.5359.99)
For documentation on this error, please visit: https://selenium.dev/exceptions/#no_such_element
Build info: version: '4.1.0', revision: '87802e897b'
System info: host: 'AKILA', ip: '192.168.1.36', os.name: 'Windows 11', os.arch: 'amd64', os.version: '10.0', java.version: '17.0.3'
Driver info: org.openqa.selenium.chrome.ChromeDriver
Command: [34382ada491a2b7dd5ca77eb856ee34c, findElement {using=xpath, value=//div[@class="header__item header__profile ht-3 mid relative pointer"]/a}]
Capabilities {acceptInsecureCerts: false, browserName: chrome, browserVersion: 108.0.5359.99, chrome: {chromedriverVersion: 108.0.5359.71 (1e0e3868ee06..., userDataDir: C:\Users\akila\AppData\Loca...}, goog:chromeOptions: {debuggerAddress: localhost:52913}, javascriptEnabled: true, networkConnectionEnabled: false, pageLoadStrategy: normal, platform: WINDOWS, platformName: WINDOWS, proxy: Proxy(), se:cdp: ws://localhost:52913/devtoo..., se:cdpVersion: 108.0.5359.99, setWindowRect: true, strictFileInteractability: false, timeouts: {implicit: 0, pageLoad: 300000, script: 30000}, unhandledPromptBehavior: dismiss and notify, webauthn:extension:credBlob: true, webauthn:extension:largeBlob: true, webauthn:virtualAuthenticators: true}
Session ID: 34382ada491a2b7dd5ca77eb856ee34c
2022-12-12 16:20:28 ERROR CommonMethods - Not able to wait for ProfileBtn_XPATH due to :Expected condition failed: waiting for visibility of element located by By.xpath: //div[@class="header__item header__profile ht-3 mid relative pointer"]/a (tried for 60 second(s) with 500 milliseconds interval)
Build info: version: '4.1.0', revision: '87802e897b'
System info: host: 'AKILA', ip: '192.168.1.36', os.name: 'Windows 11', os.arch: 'amd64', os.version: '10.0', java.version: '17.0.3'
Driver info: org.openqa.selenium.chrome.ChromeDriver
Capabilities {acceptInsecureCerts: false, browserName: chrome, browserVersion: 108.0.5359.99, chrome: {chromedriverVersion: 108.0.5359.71 (1e0e3868ee06..., userDataDir: C:\Users\akila\AppData\Loca...}, goog:chromeOptions: {debuggerAddress: localhost:52913}, javascriptEnabled: true, networkConnectionEnabled: false, pageLoadStrategy: normal, platform: WINDOWS, platformName: WINDOWS, proxy: Proxy(), se:cdp: ws://localhost:52913/devtoo..., se:cdpVersion: 108.0.5359.99, setWindowRect: true, strictFileInteractability: false, timeouts: {implicit: 0, pageLoad: 300000, script: 30000}, unhandledPromptBehavior: dismiss and notify, webauthn:extension:credBlob: true, webauthn:extension:largeBlob: true, webauthn:virtualAuthenticators: true}
Session ID: 34382ada491a2b7dd5ca77eb856ee34c
2022-12-12 16:20:28 ERROR CommonMethods - Not Sucessfully clicked on ProfileBtn_XPATH due to :no such element: Unable to locate element: {"method":"xpath","selector":"//div[@class="header__item header__profile ht-3 mid relative pointer"]/a"}
  (Session info: chrome=108.0.5359.99)
For documentation on this error, please visit: https://selenium.dev/exceptions/#no_such_element
Build info: version: '4.1.0', revision: '87802e897b'
System info: host: 'AKILA', ip: '192.168.1.36', os.name: 'Windows 11', os.arch: 'amd64', os.version: '10.0', java.version: '17.0.3'
Driver info: org.openqa.selenium.chrome.ChromeDriver
Command: [34382ada491a2b7dd5ca77eb856ee34c, findElement {using=xpath, value=//div[@class="header__item header__profile ht-3 mid relative pointer"]/a}]
Capabilities {acceptInsecureCerts: false, browserName: chrome, browserVersion: 108.0.5359.99, chrome: {chromedriverVersion: 108.0.5359.71 (1e0e3868ee06..., userDataDir: C:\Users\akila\AppData\Loca...}, goog:chromeOptions: {debuggerAddress: localhost:52913}, javascriptEnabled: true, networkConnectionEnabled: false, pageLoadStrategy: normal, platform: WINDOWS, platformName: WINDOWS, proxy: Proxy(), se:cdp: ws://localhost:52913/devtoo..., se:cdpVersion: 108.0.5359.99, setWindowRect: true, strictFileInteractability: false, timeouts: {implicit: 0, pageLoad: 300000, script: 30000}, unhandledPromptBehavior: dismiss and notify, webauthn:extension:credBlob: true, webauthn:extension:largeBlob: true, webauthn:virtualAuthenticators: true}
Session ID: 34382ada491a2b7dd5ca77eb856ee34c
2022-12-12 16:21:29 ERROR CommonMethods - Not able to wait for logoutBtn_XPATH due to :Expected condition failed: waiting for visibility of element located by By.xpath: //div[@data-autoid='Logout']/a (tried for 60 second(s) with 500 milliseconds interval)
Build info: version: '4.1.0', revision: '87802e897b'
System info: host: 'AKILA', ip: '192.168.1.36', os.name: 'Windows 11', os.arch: 'amd64', os.version: '10.0', java.version: '17.0.3'
Driver info: org.openqa.selenium.chrome.ChromeDriver
Capabilities {acceptInsecureCerts: false, browserName: chrome, browserVersion: 108.0.5359.99, chrome: {chromedriverVersion: 108.0.5359.71 (1e0e3868ee06..., userDataDir: C:\Users\akila\AppData\Loca...}, goog:chromeOptions: {debuggerAddress: localhost:52913}, javascriptEnabled: true, networkConnectionEnabled: false, pageLoadStrategy: normal, platform: WINDOWS, platformName: WINDOWS, proxy: Proxy(), se:cdp: ws://localhost:52913/devtoo..., se:cdpVersion: 108.0.5359.99, setWindowRect: true, strictFileInteractability: false, timeouts: {implicit: 0, pageLoad: 300000, script: 30000}, unhandledPromptBehavior: dismiss and notify, webauthn:extension:credBlob: true, webauthn:extension:largeBlob: true, webauthn:virtualAuthenticators: true}
Session ID: 34382ada491a2b7dd5ca77eb856ee34c
2022-12-12 16:21:29 ERROR CommonMethods - Not Sucessfully highlighted logoutBtn_XPATH due to :no such element: Unable to locate element: {"method":"xpath","selector":"//div[@data-autoid='Logout']/a"}
  (Session info: chrome=108.0.5359.99)
For documentation on this error, please visit: https://selenium.dev/exceptions/#no_such_element
Build info: version: '4.1.0', revision: '87802e897b'
System info: host: 'AKILA', ip: '192.168.1.36', os.name: 'Windows 11', os.arch: 'amd64', os.version: '10.0', java.version: '17.0.3'
Driver info: org.openqa.selenium.chrome.ChromeDriver
Command: [34382ada491a2b7dd5ca77eb856ee34c, findElement {using=xpath, value=//div[@data-autoid='Logout']/a}]
Capabilities {acceptInsecureCerts: false, browserName: chrome, browserVersion: 108.0.5359.99, chrome: {chromedriverVersion: 108.0.5359.71 (1e0e3868ee06..., userDataDir: C:\Users\akila\AppData\Loca...}, goog:chromeOptions: {debuggerAddress: localhost:52913}, javascriptEnabled: true, networkConnectionEnabled: false, pageLoadStrategy: normal, platform: WINDOWS, platformName: WINDOWS, proxy: Proxy(), se:cdp: ws://localhost:52913/devtoo..., se:cdpVersion: 108.0.5359.99, setWindowRect: true, strictFileInteractability: false, timeouts: {implicit: 0, pageLoad: 300000, script: 30000}, unhandledPromptBehavior: dismiss and notify, webauthn:extension:credBlob: true, webauthn:extension:largeBlob: true, webauthn:virtualAuthenticators: true}
Session ID: 34382ada491a2b7dd5ca77eb856ee34c
2022-12-12 16:22:29 ERROR CommonMethods - Not able to wait for logoutBtn_XPATH due to :Expected condition failed: waiting for visibility of element located by By.xpath: //div[@data-autoid='Logout']/a (tried for 60 second(s) with 500 milliseconds interval)
Build info: version: '4.1.0', revision: '87802e897b'
System info: host: 'AKILA', ip: '192.168.1.36', os.name: 'Windows 11', os.arch: 'amd64', os.version: '10.0', java.version: '17.0.3'
Driver info: org.openqa.selenium.chrome.ChromeDriver
Capabilities {acceptInsecureCerts: false, browserName: chrome, browserVersion: 108.0.5359.99, chrome: {chromedriverVersion: 108.0.5359.71 (1e0e3868ee06..., userDataDir: C:\Users\akila\AppData\Loca...}, goog:chromeOptions: {debuggerAddress: localhost:52913}, javascriptEnabled: true, networkConnectionEnabled: false, pageLoadStrategy: normal, platform: WINDOWS, platformName: WINDOWS, proxy: Proxy(), se:cdp: ws://localhost:52913/devtoo..., se:cdpVersion: 108.0.5359.99, setWindowRect: true, strictFileInteractability: false, timeouts: {implicit: 0, pageLoad: 300000, script: 30000}, unhandledPromptBehavior: dismiss and notify, webauthn:extension:credBlob: true, webauthn:extension:largeBlob: true, webauthn:virtualAuthenticators: true}
Session ID: 34382ada491a2b7dd5ca77eb856ee34c
2022-12-12 16:22:29 ERROR CommonMethods - Not Sucessfully clicked on logoutBtn_XPATH due to :no such element: Unable to locate element: {"method":"xpath","selector":"//div[@data-autoid='Logout']/a"}
  (Session info: chrome=108.0.5359.99)
For documentation on this error, please visit: https://selenium.dev/exceptions/#no_such_element
Build info: version: '4.1.0', revision: '87802e897b'
System info: host: 'AKILA', ip: '192.168.1.36', os.name: 'Windows 11', os.arch: 'amd64', os.version: '10.0', java.version: '17.0.3'
Driver info: org.openqa.selenium.chrome.ChromeDriver
Command: [34382ada491a2b7dd5ca77eb856ee34c, findElement {using=xpath, value=//div[@data-autoid='Logout']/a}]
Capabilities {acceptInsecureCerts: false, browserName: chrome, browserVersion: 108.0.5359.99, chrome: {chromedriverVersion: 108.0.5359.71 (1e0e3868ee06..., userDataDir: C:\Users\akila\AppData\Loca...}, goog:chromeOptions: {debuggerAddress: localhost:52913}, javascriptEnabled: true, networkConnectionEnabled: false, pageLoadStrategy: normal, platform: WINDOWS, platformName: WINDOWS, proxy: Proxy(), se:cdp: ws://localhost:52913/devtoo..., se:cdpVersion: 108.0.5359.99, setWindowRect: true, strictFileInteractability: false, timeouts: {implicit: 0, pageLoad: 300000, script: 30000}, unhandledPromptBehavior: dismiss and notify, webauthn:extension:credBlob: true, webauthn:extension:largeBlob: true, webauthn:virtualAuthenticators: true}
Session ID: 34382ada491a2b7dd5ca77eb856ee34c
2022-12-12 16:22:29 INFO  LoginPage - Sucessfully logout..
2022-12-12 16:22:29 INFO  SetUp - Test Case_VerifyCRMLogin_Successfully Passed
2022-12-12 16:22:29 INFO  CommonMethods - Row num for TestScenario = VerifyCRMLogin is = 1
2022-12-12 16:22:30 INFO  ExcelOperation - Write to excel with : Row=1 | Cell =5 | Data =Pass
2022-12-12 16:22:32 INFO  SetUp - Browser Closed..
2022-12-12 16:22:32 INFO  SetUp - Test Case_VerifyCRMLogin_Successfully Started
2022-12-12 16:22:32 INFO  WebDriverManager - Using chromedriver 108.0.5359.71 (resolved driver for Chrome 108)
2022-12-12 16:22:32 INFO  WebDriverManager - Exporting webdriver.chrome.driver as C:\Users\akila\.cache\selenium\chromedriver\win32\108.0.5359.71\chromedriver.exe
2022-12-12 16:22:33 INFO  SetUp - Chrome Browser Launched..
2022-12-12 16:22:34 INFO  SetUp - URL : https://kmb.crmnext.com/sng7/app/login/login
2022-12-12 16:22:34 INFO  ScreenShot - ScreenShot captured LoginPage || Status :Pass
2022-12-12 16:22:34 INFO  CommonMethods - Sucessfully clicked on Username_XPATH
2022-12-12 16:22:34 INFO  CommonMethods - Data sucessfully entered on Username_XPATH = admin
2022-12-12 16:22:34 INFO  CommonMethods - Sucessfully clicked on password_XPATH
2022-12-12 16:22:34 INFO  CommonMethods - Data sucessfully entered on password_XPATH = acid_qa
2022-12-12 16:22:37 INFO  CommonMethods - Sucessfully clicked on loginBtn_XPATH
2022-12-12 16:22:37 INFO  CommonMethods - Sucessfully clicked on ProfileBtn_XPATH
2022-12-12 16:22:38 INFO  ExcelOperation - Write to excel with : Row=3 | Cell =6 | Data =Kotak Bank Admin
2022-12-12 16:22:39 INFO  CommonMethods - Sucessfully clicked on ProfileBtn_XPATH
2022-12-12 16:22:39 INFO  CommonMethods - Sucessfully clicked on ProfileBtn_XPATH
2022-12-12 16:22:39 INFO  CommonMethods - Sucessfully clicked on logoutBtn_XPATH
2022-12-12 16:22:39 INFO  LoginPage - Sucessfully logout..
2022-12-12 16:22:40 INFO  SetUp - Test Case_VerifyCRMLogin_Successfully Passed
2022-12-12 16:22:40 INFO  CommonMethods - Row num for TestScenario = VerifyCRMLogin is = 1
2022-12-12 16:22:41 INFO  ExcelOperation - Write to excel with : Row=1 | Cell =5 | Data =Pass
2022-12-12 16:22:58 INFO  SetUp - Browser Closed..
2022-12-12 16:22:58 INFO  SetUp - Test Case_Login_Successfully Started
2022-12-12 16:22:58 INFO  SetUp - Test Case_Login_get Skipped as its Runmode is 'NO' 
2022-12-12 16:22:58 INFO  SetUp - Test Case_Login_Successfully Started
2022-12-12 16:22:58 INFO  SetUp - Test Case_Login_get Skipped as its Runmode is 'NO' 
2022-12-12 16:23:00 INFO  CommonMethods - Test Report Mail sent successfully to akila.raguram@crmnext.com
2022-12-12 16:29:27 INFO  ExtentReporterNG - Extent report Directory is created!
2022-12-12 16:29:27 INFO  Utils - [TestNG] Running:
  C:\Users\akila\OneDrive\Desktop\Automation Frameworks\CRMMasterFramework\MasterFramework\src\test\resources\RunnerFiles\testng.xml

2022-12-12 16:29:27 INFO  SetUp - Test Case_VerifyCRMLogin_Successfully Started
2022-12-12 16:29:28 INFO  WebDriverManager - Using chromedriver 108.0.5359.71 (resolved driver for Chrome 108)
2022-12-12 16:29:28 INFO  WebDriverManager - Exporting webdriver.chrome.driver as C:\Users\akila\.cache\selenium\chromedriver\win32\108.0.5359.71\chromedriver.exe
2022-12-12 16:29:29 INFO  SetUp - Chrome Browser Launched..
2022-12-12 16:29:30 INFO  SetUp - URL : https://kmb.crmnext.com/sng7/app/login/login
2022-12-12 16:29:30 INFO  ScreenShot - ScreenShot captured LoginPage || Status :Pass
2022-12-12 16:29:30 INFO  CommonMethods - Sucessfully clicked on Username_XPATH
2022-12-12 16:29:30 INFO  CommonMethods - Data sucessfully entered on Username_XPATH = admin2
2022-12-12 16:29:30 INFO  CommonMethods - Sucessfully clicked on password_XPATH
2022-12-12 16:29:30 INFO  CommonMethods - Data sucessfully entered on password_XPATH = acid_qa
2022-12-12 16:29:31 INFO  CommonMethods - Sucessfully clicked on loginBtn_XPATH
2022-12-12 16:30:31 ERROR CommonMethods - Not able to wait for ProfileBtn_XPATH due to :Expected condition failed: waiting for visibility of element located by By.xpath: //div[@class="header__item header__profile ht-3 mid relative pointer"]/a (tried for 60 second(s) with 500 milliseconds interval)
Build info: version: '4.1.0', revision: '87802e897b'
System info: host: 'AKILA', ip: '192.168.1.36', os.name: 'Windows 11', os.arch: 'amd64', os.version: '10.0', java.version: '17.0.3'
Driver info: org.openqa.selenium.chrome.ChromeDriver
Capabilities {acceptInsecureCerts: false, browserName: chrome, browserVersion: 108.0.5359.99, chrome: {chromedriverVersion: 108.0.5359.71 (1e0e3868ee06..., userDataDir: C:\Users\akila\AppData\Loca...}, goog:chromeOptions: {debuggerAddress: localhost:53074}, javascriptEnabled: true, networkConnectionEnabled: false, pageLoadStrategy: normal, platform: WINDOWS, platformName: WINDOWS, proxy: Proxy(), se:cdp: ws://localhost:53074/devtoo..., se:cdpVersion: 108.0.5359.99, setWindowRect: true, strictFileInteractability: false, timeouts: {implicit: 0, pageLoad: 300000, script: 30000}, unhandledPromptBehavior: dismiss and notify, webauthn:extension:credBlob: true, webauthn:extension:largeBlob: true, webauthn:virtualAuthenticators: true}
Session ID: e7467bfc05a5d6f039cad8b2c6d12d18
2022-12-12 16:30:31 ERROR CommonMethods - Not Sucessfully highlighted ProfileBtn_XPATH due to :no such element: Unable to locate element: {"method":"xpath","selector":"//div[@class="header__item header__profile ht-3 mid relative pointer"]/a"}
  (Session info: chrome=108.0.5359.99)
For documentation on this error, please visit: https://selenium.dev/exceptions/#no_such_element
Build info: version: '4.1.0', revision: '87802e897b'
System info: host: 'AKILA', ip: '192.168.1.36', os.name: 'Windows 11', os.arch: 'amd64', os.version: '10.0', java.version: '17.0.3'
Driver info: org.openqa.selenium.chrome.ChromeDriver
Command: [e7467bfc05a5d6f039cad8b2c6d12d18, findElement {using=xpath, value=//div[@class="header__item header__profile ht-3 mid relative pointer"]/a}]
Capabilities {acceptInsecureCerts: false, browserName: chrome, browserVersion: 108.0.5359.99, chrome: {chromedriverVersion: 108.0.5359.71 (1e0e3868ee06..., userDataDir: C:\Users\akila\AppData\Loca...}, goog:chromeOptions: {debuggerAddress: localhost:53074}, javascriptEnabled: true, networkConnectionEnabled: false, pageLoadStrategy: normal, platform: WINDOWS, platformName: WINDOWS, proxy: Proxy(), se:cdp: ws://localhost:53074/devtoo..., se:cdpVersion: 108.0.5359.99, setWindowRect: true, strictFileInteractability: false, timeouts: {implicit: 0, pageLoad: 300000, script: 30000}, unhandledPromptBehavior: dismiss and notify, webauthn:extension:credBlob: true, webauthn:extension:largeBlob: true, webauthn:virtualAuthenticators: true}
Session ID: e7467bfc05a5d6f039cad8b2c6d12d18
2022-12-12 16:31:31 ERROR CommonMethods - Not able to wait for ProfileBtn_XPATH due to :Expected condition failed: waiting for visibility of element located by By.xpath: //div[@class="header__item header__profile ht-3 mid relative pointer"]/a (tried for 60 second(s) with 500 milliseconds interval)
Build info: version: '4.1.0', revision: '87802e897b'
System info: host: 'AKILA', ip: '192.168.1.36', os.name: 'Windows 11', os.arch: 'amd64', os.version: '10.0', java.version: '17.0.3'
Driver info: org.openqa.selenium.chrome.ChromeDriver
Capabilities {acceptInsecureCerts: false, browserName: chrome, browserVersion: 108.0.5359.99, chrome: {chromedriverVersion: 108.0.5359.71 (1e0e3868ee06..., userDataDir: C:\Users\akila\AppData\Loca...}, goog:chromeOptions: {debuggerAddress: localhost:53074}, javascriptEnabled: true, networkConnectionEnabled: false, pageLoadStrategy: normal, platform: WINDOWS, platformName: WINDOWS, proxy: Proxy(), se:cdp: ws://localhost:53074/devtoo..., se:cdpVersion: 108.0.5359.99, setWindowRect: true, strictFileInteractability: false, timeouts: {implicit: 0, pageLoad: 300000, script: 30000}, unhandledPromptBehavior: dismiss and notify, webauthn:extension:credBlob: true, webauthn:extension:largeBlob: true, webauthn:virtualAuthenticators: true}
Session ID: e7467bfc05a5d6f039cad8b2c6d12d18
2022-12-12 16:31:31 ERROR CommonMethods - Not Sucessfully clicked on ProfileBtn_XPATH due to :no such element: Unable to locate element: {"method":"xpath","selector":"//div[@class="header__item header__profile ht-3 mid relative pointer"]/a"}
  (Session info: chrome=108.0.5359.99)
For documentation on this error, please visit: https://selenium.dev/exceptions/#no_such_element
Build info: version: '4.1.0', revision: '87802e897b'
System info: host: 'AKILA', ip: '192.168.1.36', os.name: 'Windows 11', os.arch: 'amd64', os.version: '10.0', java.version: '17.0.3'
Driver info: org.openqa.selenium.chrome.ChromeDriver
Command: [e7467bfc05a5d6f039cad8b2c6d12d18, findElement {using=xpath, value=//div[@class="header__item header__profile ht-3 mid relative pointer"]/a}]
Capabilities {acceptInsecureCerts: false, browserName: chrome, browserVersion: 108.0.5359.99, chrome: {chromedriverVersion: 108.0.5359.71 (1e0e3868ee06..., userDataDir: C:\Users\akila\AppData\Loca...}, goog:chromeOptions: {debuggerAddress: localhost:53074}, javascriptEnabled: true, networkConnectionEnabled: false, pageLoadStrategy: normal, platform: WINDOWS, platformName: WINDOWS, proxy: Proxy(), se:cdp: ws://localhost:53074/devtoo..., se:cdpVersion: 108.0.5359.99, setWindowRect: true, strictFileInteractability: false, timeouts: {implicit: 0, pageLoad: 300000, script: 30000}, unhandledPromptBehavior: dismiss and notify, webauthn:extension:credBlob: true, webauthn:extension:largeBlob: true, webauthn:virtualAuthenticators: true}
Session ID: e7467bfc05a5d6f039cad8b2c6d12d18
2022-12-12 16:32:17 INFO  Utils - [TestNG] Running:
  C:\Users\akila\OneDrive\Desktop\Automation Frameworks\CRMMasterFramework\MasterFramework\src\test\resources\RunnerFiles\testng.xml

2022-12-12 16:32:17 INFO  SetUp - Test Case_VerifyCRMLogin_Successfully Started
2022-12-12 16:32:32 INFO  WebDriverManager - Using chromedriver 108.0.5359.71 (resolved driver for Chrome 108)
2022-12-12 16:32:32 INFO  WebDriverManager - Exporting webdriver.chrome.driver as C:\Users\akila\.cache\selenium\chromedriver\win32\108.0.5359.71\chromedriver.exe
2022-12-12 16:32:35 INFO  SetUp - Chrome Browser Launched..
2022-12-12 16:32:36 INFO  SetUp - URL : https://kmb.crmnext.com/sng7/app/login/login
2022-12-12 16:32:39 INFO  ScreenShot - ScreenShot captured LoginPage || Status :Pass
2022-12-12 16:32:39 INFO  CommonMethods - Sucessfully clicked on Username_XPATH
2022-12-12 16:32:39 INFO  CommonMethods - Data sucessfully entered on Username_XPATH = admin2
2022-12-12 16:32:39 INFO  CommonMethods - Sucessfully clicked on password_XPATH
2022-12-12 16:32:39 INFO  CommonMethods - Data sucessfully entered on password_XPATH = acid_qa
2022-12-12 16:32:40 INFO  CommonMethods - Sucessfully clicked on loginBtn_XPATH
2022-12-12 16:33:48 ERROR CommonMethods - Not able to wait for ProfileBtn_XPATH due to :Expected condition failed: waiting for visibility of element located by By.xpath: //div[@class="header__item header__profile ht-3 mid relative pointer"]/a (tried for 60 second(s) with 500 milliseconds interval)
Build info: version: '4.1.0', revision: '87802e897b'
System info: host: 'AKILA', ip: '192.168.1.36', os.name: 'Windows 11', os.arch: 'amd64', os.version: '10.0', java.version: '17.0.3'
Driver info: org.openqa.selenium.chrome.ChromeDriver
Capabilities {acceptInsecureCerts: false, browserName: chrome, browserVersion: 108.0.5359.99, chrome: {chromedriverVersion: 108.0.5359.71 (1e0e3868ee06..., userDataDir: C:\Users\akila\AppData\Loca...}, goog:chromeOptions: {debuggerAddress: localhost:53110}, javascriptEnabled: true, networkConnectionEnabled: false, pageLoadStrategy: normal, platform: WINDOWS, platformName: WINDOWS, proxy: Proxy(), se:cdp: ws://localhost:53110/devtoo..., se:cdpVersion: 108.0.5359.99, setWindowRect: true, strictFileInteractability: false, timeouts: {implicit: 0, pageLoad: 300000, script: 30000}, unhandledPromptBehavior: dismiss and notify, webauthn:extension:credBlob: true, webauthn:extension:largeBlob: true, webauthn:virtualAuthenticators: true}
Session ID: 103bc8002eda158f264c543469a03e44
2022-12-12 16:33:48 ERROR CommonMethods - Not Sucessfully highlighted ProfileBtn_XPATH due to :no such element: Unable to locate element: {"method":"xpath","selector":"//div[@class="header__item header__profile ht-3 mid relative pointer"]/a"}
  (Session info: chrome=108.0.5359.99)
For documentation on this error, please visit: https://selenium.dev/exceptions/#no_such_element
Build info: version: '4.1.0', revision: '87802e897b'
System info: host: 'AKILA', ip: '192.168.1.36', os.name: 'Windows 11', os.arch: 'amd64', os.version: '10.0', java.version: '17.0.3'
Driver info: org.openqa.selenium.chrome.ChromeDriver
Command: [103bc8002eda158f264c543469a03e44, findElement {using=xpath, value=//div[@class="header__item header__profile ht-3 mid relative pointer"]/a}]
Capabilities {acceptInsecureCerts: false, browserName: chrome, browserVersion: 108.0.5359.99, chrome: {chromedriverVersion: 108.0.5359.71 (1e0e3868ee06..., userDataDir: C:\Users\akila\AppData\Loca...}, goog:chromeOptions: {debuggerAddress: localhost:53110}, javascriptEnabled: true, networkConnectionEnabled: false, pageLoadStrategy: normal, platform: WINDOWS, platformName: WINDOWS, proxy: Proxy(), se:cdp: ws://localhost:53110/devtoo..., se:cdpVersion: 108.0.5359.99, setWindowRect: true, strictFileInteractability: false, timeouts: {implicit: 0, pageLoad: 300000, script: 30000}, unhandledPromptBehavior: dismiss and notify, webauthn:extension:credBlob: true, webauthn:extension:largeBlob: true, webauthn:virtualAuthenticators: true}
Session ID: 103bc8002eda158f264c543469a03e44
2022-12-12 16:40:58 ERROR CommonMethods - Not able to wait for ProfileBtn_XPATH due to :Expected condition failed: waiting for visibility of element located by By.xpath: //div[@class="header__item header__profile ht-3 mid relative pointer"]/a (tried for 60 second(s) with 500 milliseconds interval)
Build info: version: '4.1.0', revision: '87802e897b'
System info: host: 'AKILA', ip: '192.168.1.36', os.name: 'Windows 11', os.arch: 'amd64', os.version: '10.0', java.version: '17.0.3'
Driver info: org.openqa.selenium.chrome.ChromeDriver
Capabilities {acceptInsecureCerts: false, browserName: chrome, browserVersion: 108.0.5359.99, chrome: {chromedriverVersion: 108.0.5359.71 (1e0e3868ee06..., userDataDir: C:\Users\akila\AppData\Loca...}, goog:chromeOptions: {debuggerAddress: localhost:53110}, javascriptEnabled: true, networkConnectionEnabled: false, pageLoadStrategy: normal, platform: WINDOWS, platformName: WINDOWS, proxy: Proxy(), se:cdp: ws://localhost:53110/devtoo..., se:cdpVersion: 108.0.5359.99, setWindowRect: true, strictFileInteractability: false, timeouts: {implicit: 0, pageLoad: 300000, script: 30000}, unhandledPromptBehavior: dismiss and notify, webauthn:extension:credBlob: true, webauthn:extension:largeBlob: true, webauthn:virtualAuthenticators: true}
Session ID: 103bc8002eda158f264c543469a03e44
2022-12-12 16:40:58 ERROR CommonMethods - Not Sucessfully clicked on ProfileBtn_XPATH due to :no such element: Unable to locate element: {"method":"xpath","selector":"//div[@class="header__item header__profile ht-3 mid relative pointer"]/a"}
  (Session info: chrome=108.0.5359.99)
For documentation on this error, please visit: https://selenium.dev/exceptions/#no_such_element
Build info: version: '4.1.0', revision: '87802e897b'
System info: host: 'AKILA', ip: '192.168.1.36', os.name: 'Windows 11', os.arch: 'amd64', os.version: '10.0', java.version: '17.0.3'
Driver info: org.openqa.selenium.chrome.ChromeDriver
Command: [103bc8002eda158f264c543469a03e44, findElement {using=xpath, value=//div[@class="header__item header__profile ht-3 mid relative pointer"]/a}]
Capabilities {acceptInsecureCerts: false, browserName: chrome, browserVersion: 108.0.5359.99, chrome: {chromedriverVersion: 108.0.5359.71 (1e0e3868ee06..., userDataDir: C:\Users\akila\AppData\Loca...}, goog:chromeOptions: {debuggerAddress: localhost:53110}, javascriptEnabled: true, networkConnectionEnabled: false, pageLoadStrategy: normal, platform: WINDOWS, platformName: WINDOWS, proxy: Proxy(), se:cdp: ws://localhost:53110/devtoo..., se:cdpVersion: 108.0.5359.99, setWindowRect: true, strictFileInteractability: false, timeouts: {implicit: 0, pageLoad: 300000, script: 30000}, unhandledPromptBehavior: dismiss and notify, webauthn:extension:credBlob: true, webauthn:extension:largeBlob: true, webauthn:virtualAuthenticators: true}
Session ID: 103bc8002eda158f264c543469a03e44
2022-12-12 16:42:59 ERROR CommonMethods - Not able to wait for logoutBtn_XPATH due to :Expected condition failed: waiting for visibility of element located by By.xpath: //div[@data-autoid='Logout']/a (tried for 60 second(s) with 500 milliseconds interval)
Build info: version: '4.1.0', revision: '87802e897b'
System info: host: 'AKILA', ip: '192.168.1.36', os.name: 'Windows 11', os.arch: 'amd64', os.version: '10.0', java.version: '17.0.3'
Driver info: org.openqa.selenium.chrome.ChromeDriver
Capabilities {acceptInsecureCerts: false, browserName: chrome, browserVersion: 108.0.5359.99, chrome: {chromedriverVersion: 108.0.5359.71 (1e0e3868ee06..., userDataDir: C:\Users\akila\AppData\Loca...}, goog:chromeOptions: {debuggerAddress: localhost:53110}, javascriptEnabled: true, networkConnectionEnabled: false, pageLoadStrategy: normal, platform: WINDOWS, platformName: WINDOWS, proxy: Proxy(), se:cdp: ws://localhost:53110/devtoo..., se:cdpVersion: 108.0.5359.99, setWindowRect: true, strictFileInteractability: false, timeouts: {implicit: 0, pageLoad: 300000, script: 30000}, unhandledPromptBehavior: dismiss and notify, webauthn:extension:credBlob: true, webauthn:extension:largeBlob: true, webauthn:virtualAuthenticators: true}
Session ID: 103bc8002eda158f264c543469a03e44
2022-12-12 16:42:59 ERROR CommonMethods - Not Sucessfully highlighted logoutBtn_XPATH due to :no such element: Unable to locate element: {"method":"xpath","selector":"//div[@data-autoid='Logout']/a"}
  (Session info: chrome=108.0.5359.99)
For documentation on this error, please visit: https://selenium.dev/exceptions/#no_such_element
Build info: version: '4.1.0', revision: '87802e897b'
System info: host: 'AKILA', ip: '192.168.1.36', os.name: 'Windows 11', os.arch: 'amd64', os.version: '10.0', java.version: '17.0.3'
Driver info: org.openqa.selenium.chrome.ChromeDriver
Command: [103bc8002eda158f264c543469a03e44, findElement {using=xpath, value=//div[@data-autoid='Logout']/a}]
Capabilities {acceptInsecureCerts: false, browserName: chrome, browserVersion: 108.0.5359.99, chrome: {chromedriverVersion: 108.0.5359.71 (1e0e3868ee06..., userDataDir: C:\Users\akila\AppData\Loca...}, goog:chromeOptions: {debuggerAddress: localhost:53110}, javascriptEnabled: true, networkConnectionEnabled: false, pageLoadStrategy: normal, platform: WINDOWS, platformName: WINDOWS, proxy: Proxy(), se:cdp: ws://localhost:53110/devtoo..., se:cdpVersion: 108.0.5359.99, setWindowRect: true, strictFileInteractability: false, timeouts: {implicit: 0, pageLoad: 300000, script: 30000}, unhandledPromptBehavior: dismiss and notify, webauthn:extension:credBlob: true, webauthn:extension:largeBlob: true, webauthn:virtualAuthenticators: true}
Session ID: 103bc8002eda158f264c543469a03e44
2022-12-12 16:44:06 ERROR CommonMethods - Not able to wait for logoutBtn_XPATH due to :Expected condition failed: waiting for visibility of element located by By.xpath: //div[@data-autoid='Logout']/a (tried for 60 second(s) with 500 milliseconds interval)
Build info: version: '4.1.0', revision: '87802e897b'
System info: host: 'AKILA', ip: '192.168.1.36', os.name: 'Windows 11', os.arch: 'amd64', os.version: '10.0', java.version: '17.0.3'
Driver info: org.openqa.selenium.chrome.ChromeDriver
Capabilities {acceptInsecureCerts: false, browserName: chrome, browserVersion: 108.0.5359.99, chrome: {chromedriverVersion: 108.0.5359.71 (1e0e3868ee06..., userDataDir: C:\Users\akila\AppData\Loca...}, goog:chromeOptions: {debuggerAddress: localhost:53110}, javascriptEnabled: true, networkConnectionEnabled: false, pageLoadStrategy: normal, platform: WINDOWS, platformName: WINDOWS, proxy: Proxy(), se:cdp: ws://localhost:53110/devtoo..., se:cdpVersion: 108.0.5359.99, setWindowRect: true, strictFileInteractability: false, timeouts: {implicit: 0, pageLoad: 300000, script: 30000}, unhandledPromptBehavior: dismiss and notify, webauthn:extension:credBlob: true, webauthn:extension:largeBlob: true, webauthn:virtualAuthenticators: true}
Session ID: 103bc8002eda158f264c543469a03e44
2022-12-12 16:44:06 ERROR CommonMethods - Not Sucessfully clicked on logoutBtn_XPATH due to :no such element: Unable to locate element: {"method":"xpath","selector":"//div[@data-autoid='Logout']/a"}
  (Session info: chrome=108.0.5359.99)
For documentation on this error, please visit: https://selenium.dev/exceptions/#no_such_element
Build info: version: '4.1.0', revision: '87802e897b'
System info: host: 'AKILA', ip: '192.168.1.36', os.name: 'Windows 11', os.arch: 'amd64', os.version: '10.0', java.version: '17.0.3'
Driver info: org.openqa.selenium.chrome.ChromeDriver
Command: [103bc8002eda158f264c543469a03e44, findElement {using=xpath, value=//div[@data-autoid='Logout']/a}]
Capabilities {acceptInsecureCerts: false, browserName: chrome, browserVersion: 108.0.5359.99, chrome: {chromedriverVersion: 108.0.5359.71 (1e0e3868ee06..., userDataDir: C:\Users\akila\AppData\Loca...}, goog:chromeOptions: {debuggerAddress: localhost:53110}, javascriptEnabled: true, networkConnectionEnabled: false, pageLoadStrategy: normal, platform: WINDOWS, platformName: WINDOWS, proxy: Proxy(), se:cdp: ws://localhost:53110/devtoo..., se:cdpVersion: 108.0.5359.99, setWindowRect: true, strictFileInteractability: false, timeouts: {implicit: 0, pageLoad: 300000, script: 30000}, unhandledPromptBehavior: dismiss and notify, webauthn:extension:credBlob: true, webauthn:extension:largeBlob: true, webauthn:virtualAuthenticators: true}
Session ID: 103bc8002eda158f264c543469a03e44
2022-12-12 16:44:42 INFO  LoginPage - Sucessfully logout..
2022-12-12 16:44:47 INFO  SetUp - Test Case_VerifyCRMLogin_Successfully Passed
2022-12-12 16:44:47 INFO  CommonMethods - Row num for TestScenario = VerifyCRMLogin is = 1
2022-12-12 16:44:48 INFO  ExcelOperation - Write to excel with : Row=1 | Cell =5 | Data =Pass
2022-12-12 16:45:06 INFO  SetUp - Browser Closed..
2022-12-12 16:45:06 INFO  SetUp - Test Case_Login_Successfully Started
2022-12-12 16:45:07 INFO  SetUp - Test Case_Login_get Skipped as its Runmode is 'NO' 
2022-12-12 16:45:07 INFO  SetUp - Test Case_Login_Successfully Started
2022-12-12 16:45:07 INFO  SetUp - Test Case_Login_get Skipped as its Runmode is 'NO' 
2022-12-12 16:45:09 INFO  CommonMethods - Test Report Mail sent successfully to akila.raguram@crmnext.com
2022-12-12 16:54:18 INFO  Utils - [TestNG] Running:
  C:\Users\akila\OneDrive\Desktop\Automation Frameworks\CRMMasterFramework\MasterFramework\src\test\resources\RunnerFiles\testng.xml

2022-12-12 16:54:18 INFO  SetUp - Test Case_VerifyCRMLogin_Successfully Started
2022-12-12 16:54:19 INFO  WebDriverManager - Using chromedriver 108.0.5359.71 (resolved driver for Chrome 108)
2022-12-12 16:54:19 INFO  WebDriverManager - Exporting webdriver.chrome.driver as C:\Users\akila\.cache\selenium\chromedriver\win32\108.0.5359.71\chromedriver.exe
2022-12-12 16:54:20 INFO  SetUp - Chrome Browser Launched..
2022-12-12 16:54:22 INFO  SetUp - URL : https://kmb.crmnext.com/sng7/app/login/login
2022-12-12 16:54:22 INFO  ScreenShot - ScreenShot captured LoginPage || Status :Pass
2022-12-12 16:54:22 INFO  CommonMethods - Sucessfully clicked on Username_XPATH
2022-12-12 16:54:22 INFO  CommonMethods - Data sucessfully entered on Username_XPATH = admin2
2022-12-12 16:54:22 INFO  CommonMethods - Sucessfully clicked on password_XPATH
2022-12-12 16:54:22 INFO  CommonMethods - Data sucessfully entered on password_XPATH = acid_qa
2022-12-12 16:54:23 INFO  CommonMethods - Sucessfully clicked on loginBtn_XPATH
2022-12-12 16:55:23 ERROR CommonMethods - Not able to wait for ProfileBtn_XPATH due to :Expected condition failed: waiting for visibility of element located by By.xpath: //div[@class="header__item header__profile ht-3 mid relative pointer"]/a (tried for 60 second(s) with 500 milliseconds interval)
Build info: version: '4.1.0', revision: '87802e897b'
System info: host: 'AKILA', ip: '192.168.1.36', os.name: 'Windows 11', os.arch: 'amd64', os.version: '10.0', java.version: '17.0.3'
Driver info: org.openqa.selenium.chrome.ChromeDriver
Capabilities {acceptInsecureCerts: false, browserName: chrome, browserVersion: 108.0.5359.99, chrome: {chromedriverVersion: 108.0.5359.71 (1e0e3868ee06..., userDataDir: C:\Users\akila\AppData\Loca...}, goog:chromeOptions: {debuggerAddress: localhost:53494}, javascriptEnabled: true, networkConnectionEnabled: false, pageLoadStrategy: normal, platform: WINDOWS, platformName: WINDOWS, proxy: Proxy(), se:cdp: ws://localhost:53494/devtoo..., se:cdpVersion: 108.0.5359.99, setWindowRect: true, strictFileInteractability: false, timeouts: {implicit: 0, pageLoad: 300000, script: 30000}, unhandledPromptBehavior: dismiss and notify, webauthn:extension:credBlob: true, webauthn:extension:largeBlob: true, webauthn:virtualAuthenticators: true}
Session ID: 20d3f8f497fc2fff8be67d08167ef5f9
2022-12-12 16:55:23 ERROR CommonMethods - Not Sucessfully highlighted ProfileBtn_XPATH due to :no such element: Unable to locate element: {"method":"xpath","selector":"//div[@class="header__item header__profile ht-3 mid relative pointer"]/a"}
  (Session info: chrome=108.0.5359.99)
For documentation on this error, please visit: https://selenium.dev/exceptions/#no_such_element
Build info: version: '4.1.0', revision: '87802e897b'
System info: host: 'AKILA', ip: '192.168.1.36', os.name: 'Windows 11', os.arch: 'amd64', os.version: '10.0', java.version: '17.0.3'
Driver info: org.openqa.selenium.chrome.ChromeDriver
Command: [20d3f8f497fc2fff8be67d08167ef5f9, findElement {using=xpath, value=//div[@class="header__item header__profile ht-3 mid relative pointer"]/a}]
Capabilities {acceptInsecureCerts: false, browserName: chrome, browserVersion: 108.0.5359.99, chrome: {chromedriverVersion: 108.0.5359.71 (1e0e3868ee06..., userDataDir: C:\Users\akila\AppData\Loca...}, goog:chromeOptions: {debuggerAddress: localhost:53494}, javascriptEnabled: true, networkConnectionEnabled: false, pageLoadStrategy: normal, platform: WINDOWS, platformName: WINDOWS, proxy: Proxy(), se:cdp: ws://localhost:53494/devtoo..., se:cdpVersion: 108.0.5359.99, setWindowRect: true, strictFileInteractability: false, timeouts: {implicit: 0, pageLoad: 300000, script: 30000}, unhandledPromptBehavior: dismiss and notify, webauthn:extension:credBlob: true, webauthn:extension:largeBlob: true, webauthn:virtualAuthenticators: true}
Session ID: 20d3f8f497fc2fff8be67d08167ef5f9
2022-12-12 16:56:23 ERROR CommonMethods - Not able to wait for ProfileBtn_XPATH due to :Expected condition failed: waiting for visibility of element located by By.xpath: //div[@class="header__item header__profile ht-3 mid relative pointer"]/a (tried for 60 second(s) with 500 milliseconds interval)
Build info: version: '4.1.0', revision: '87802e897b'
System info: host: 'AKILA', ip: '192.168.1.36', os.name: 'Windows 11', os.arch: 'amd64', os.version: '10.0', java.version: '17.0.3'
Driver info: org.openqa.selenium.chrome.ChromeDriver
Capabilities {acceptInsecureCerts: false, browserName: chrome, browserVersion: 108.0.5359.99, chrome: {chromedriverVersion: 108.0.5359.71 (1e0e3868ee06..., userDataDir: C:\Users\akila\AppData\Loca...}, goog:chromeOptions: {debuggerAddress: localhost:53494}, javascriptEnabled: true, networkConnectionEnabled: false, pageLoadStrategy: normal, platform: WINDOWS, platformName: WINDOWS, proxy: Proxy(), se:cdp: ws://localhost:53494/devtoo..., se:cdpVersion: 108.0.5359.99, setWindowRect: true, strictFileInteractability: false, timeouts: {implicit: 0, pageLoad: 300000, script: 30000}, unhandledPromptBehavior: dismiss and notify, webauthn:extension:credBlob: true, webauthn:extension:largeBlob: true, webauthn:virtualAuthenticators: true}
Session ID: 20d3f8f497fc2fff8be67d08167ef5f9
2022-12-12 16:56:23 ERROR CommonMethods - Not Sucessfully clicked on ProfileBtn_XPATH due to :no such element: Unable to locate element: {"method":"xpath","selector":"//div[@class="header__item header__profile ht-3 mid relative pointer"]/a"}
  (Session info: chrome=108.0.5359.99)
For documentation on this error, please visit: https://selenium.dev/exceptions/#no_such_element
Build info: version: '4.1.0', revision: '87802e897b'
System info: host: 'AKILA', ip: '192.168.1.36', os.name: 'Windows 11', os.arch: 'amd64', os.version: '10.0', java.version: '17.0.3'
Driver info: org.openqa.selenium.chrome.ChromeDriver
Command: [20d3f8f497fc2fff8be67d08167ef5f9, findElement {using=xpath, value=//div[@class="header__item header__profile ht-3 mid relative pointer"]/a}]
Capabilities {acceptInsecureCerts: false, browserName: chrome, browserVersion: 108.0.5359.99, chrome: {chromedriverVersion: 108.0.5359.71 (1e0e3868ee06..., userDataDir: C:\Users\akila\AppData\Loca...}, goog:chromeOptions: {debuggerAddress: localhost:53494}, javascriptEnabled: true, networkConnectionEnabled: false, pageLoadStrategy: normal, platform: WINDOWS, platformName: WINDOWS, proxy: Proxy(), se:cdp: ws://localhost:53494/devtoo..., se:cdpVersion: 108.0.5359.99, setWindowRect: true, strictFileInteractability: false, timeouts: {implicit: 0, pageLoad: 300000, script: 30000}, unhandledPromptBehavior: dismiss and notify, webauthn:extension:credBlob: true, webauthn:extension:largeBlob: true, webauthn:virtualAuthenticators: true}
Session ID: 20d3f8f497fc2fff8be67d08167ef5f9
2022-12-12 16:57:24 ERROR CommonMethods - Not able to wait for logoutBtn_XPATH due to :Expected condition failed: waiting for visibility of element located by By.xpath: //div[@data-autoid='Logout']/a (tried for 60 second(s) with 500 milliseconds interval)
Build info: version: '4.1.0', revision: '87802e897b'
System info: host: 'AKILA', ip: '192.168.1.36', os.name: 'Windows 11', os.arch: 'amd64', os.version: '10.0', java.version: '17.0.3'
Driver info: org.openqa.selenium.chrome.ChromeDriver
Capabilities {acceptInsecureCerts: false, browserName: chrome, browserVersion: 108.0.5359.99, chrome: {chromedriverVersion: 108.0.5359.71 (1e0e3868ee06..., userDataDir: C:\Users\akila\AppData\Loca...}, goog:chromeOptions: {debuggerAddress: localhost:53494}, javascriptEnabled: true, networkConnectionEnabled: false, pageLoadStrategy: normal, platform: WINDOWS, platformName: WINDOWS, proxy: Proxy(), se:cdp: ws://localhost:53494/devtoo..., se:cdpVersion: 108.0.5359.99, setWindowRect: true, strictFileInteractability: false, timeouts: {implicit: 0, pageLoad: 300000, script: 30000}, unhandledPromptBehavior: dismiss and notify, webauthn:extension:credBlob: true, webauthn:extension:largeBlob: true, webauthn:virtualAuthenticators: true}
Session ID: 20d3f8f497fc2fff8be67d08167ef5f9
2022-12-12 16:57:24 ERROR CommonMethods - Not Sucessfully highlighted logoutBtn_XPATH due to :no such element: Unable to locate element: {"method":"xpath","selector":"//div[@data-autoid='Logout']/a"}
  (Session info: chrome=108.0.5359.99)
For documentation on this error, please visit: https://selenium.dev/exceptions/#no_such_element
Build info: version: '4.1.0', revision: '87802e897b'
System info: host: 'AKILA', ip: '192.168.1.36', os.name: 'Windows 11', os.arch: 'amd64', os.version: '10.0', java.version: '17.0.3'
Driver info: org.openqa.selenium.chrome.ChromeDriver
Command: [20d3f8f497fc2fff8be67d08167ef5f9, findElement {using=xpath, value=//div[@data-autoid='Logout']/a}]
Capabilities {acceptInsecureCerts: false, browserName: chrome, browserVersion: 108.0.5359.99, chrome: {chromedriverVersion: 108.0.5359.71 (1e0e3868ee06..., userDataDir: C:\Users\akila\AppData\Loca...}, goog:chromeOptions: {debuggerAddress: localhost:53494}, javascriptEnabled: true, networkConnectionEnabled: false, pageLoadStrategy: normal, platform: WINDOWS, platformName: WINDOWS, proxy: Proxy(), se:cdp: ws://localhost:53494/devtoo..., se:cdpVersion: 108.0.5359.99, setWindowRect: true, strictFileInteractability: false, timeouts: {implicit: 0, pageLoad: 300000, script: 30000}, unhandledPromptBehavior: dismiss and notify, webauthn:extension:credBlob: true, webauthn:extension:largeBlob: true, webauthn:virtualAuthenticators: true}
Session ID: 20d3f8f497fc2fff8be67d08167ef5f9
2022-12-12 16:58:24 ERROR CommonMethods - Not able to wait for logoutBtn_XPATH due to :Expected condition failed: waiting for visibility of element located by By.xpath: //div[@data-autoid='Logout']/a (tried for 60 second(s) with 500 milliseconds interval)
Build info: version: '4.1.0', revision: '87802e897b'
System info: host: 'AKILA', ip: '192.168.1.36', os.name: 'Windows 11', os.arch: 'amd64', os.version: '10.0', java.version: '17.0.3'
Driver info: org.openqa.selenium.chrome.ChromeDriver
Capabilities {acceptInsecureCerts: false, browserName: chrome, browserVersion: 108.0.5359.99, chrome: {chromedriverVersion: 108.0.5359.71 (1e0e3868ee06..., userDataDir: C:\Users\akila\AppData\Loca...}, goog:chromeOptions: {debuggerAddress: localhost:53494}, javascriptEnabled: true, networkConnectionEnabled: false, pageLoadStrategy: normal, platform: WINDOWS, platformName: WINDOWS, proxy: Proxy(), se:cdp: ws://localhost:53494/devtoo..., se:cdpVersion: 108.0.5359.99, setWindowRect: true, strictFileInteractability: false, timeouts: {implicit: 0, pageLoad: 300000, script: 30000}, unhandledPromptBehavior: dismiss and notify, webauthn:extension:credBlob: true, webauthn:extension:largeBlob: true, webauthn:virtualAuthenticators: true}
Session ID: 20d3f8f497fc2fff8be67d08167ef5f9
2022-12-12 16:58:24 ERROR CommonMethods - Not Sucessfully clicked on logoutBtn_XPATH due to :no such element: Unable to locate element: {"method":"xpath","selector":"//div[@data-autoid='Logout']/a"}
  (Session info: chrome=108.0.5359.99)
For documentation on this error, please visit: https://selenium.dev/exceptions/#no_such_element
Build info: version: '4.1.0', revision: '87802e897b'
System info: host: 'AKILA', ip: '192.168.1.36', os.name: 'Windows 11', os.arch: 'amd64', os.version: '10.0', java.version: '17.0.3'
Driver info: org.openqa.selenium.chrome.ChromeDriver
Command: [20d3f8f497fc2fff8be67d08167ef5f9, findElement {using=xpath, value=//div[@data-autoid='Logout']/a}]
Capabilities {acceptInsecureCerts: false, browserName: chrome, browserVersion: 108.0.5359.99, chrome: {chromedriverVersion: 108.0.5359.71 (1e0e3868ee06..., userDataDir: C:\Users\akila\AppData\Loca...}, goog:chromeOptions: {debuggerAddress: localhost:53494}, javascriptEnabled: true, networkConnectionEnabled: false, pageLoadStrategy: normal, platform: WINDOWS, platformName: WINDOWS, proxy: Proxy(), se:cdp: ws://localhost:53494/devtoo..., se:cdpVersion: 108.0.5359.99, setWindowRect: true, strictFileInteractability: false, timeouts: {implicit: 0, pageLoad: 300000, script: 30000}, unhandledPromptBehavior: dismiss and notify, webauthn:extension:credBlob: true, webauthn:extension:largeBlob: true, webauthn:virtualAuthenticators: true}
Session ID: 20d3f8f497fc2fff8be67d08167ef5f9
2022-12-12 16:58:24 INFO  LoginPage - Sucessfully logout..
2022-12-12 16:58:24 INFO  SetUp - Test Case_VerifyCRMLogin_Successfully Passed
2022-12-12 16:58:24 INFO  CommonMethods - Row num for TestScenario = VerifyCRMLogin is = 1
2022-12-12 16:58:25 INFO  ExcelOperation - Write to excel with : Row=1 | Cell =5 | Data =Pass
2022-12-12 16:58:27 INFO  SetUp - Browser Closed..
2022-12-12 16:58:28 INFO  SetUp - Test Case_Login_Successfully Started
2022-12-12 16:58:28 INFO  SetUp - Test Case_Login_get Skipped as its Runmode is 'NO' 
2022-12-12 16:58:28 INFO  SetUp - Test Case_Login_Successfully Started
2022-12-12 16:58:28 INFO  SetUp - Test Case_Login_get Skipped as its Runmode is 'NO' 
2022-12-12 16:58:29 INFO  CommonMethods - Test Report Mail sent successfully to akila.raguram@crmnext.com
2022-12-12 17:01:54 INFO  ExtentReporterNG - Extent report Directory is created!
2022-12-12 17:01:55 INFO  Utils - [TestNG] Running:
  C:\Users\akila\OneDrive\Desktop\Automation Frameworks\CRMMasterFramework\MasterFramework\src\test\resources\RunnerFiles\testng.xml

2022-12-12 17:01:55 INFO  SetUp - Test Case_VerifyCRMLogin_Successfully Started
2022-12-12 17:01:55 INFO  WebDriverManager - Using chromedriver 108.0.5359.71 (resolved driver for Chrome 108)
2022-12-12 17:01:55 INFO  WebDriverManager - Exporting webdriver.chrome.driver as C:\Users\akila\.cache\selenium\chromedriver\win32\108.0.5359.71\chromedriver.exe
2022-12-12 17:01:57 INFO  SetUp - Chrome Browser Launched..
2022-12-12 17:01:58 INFO  SetUp - URL : https://kmb.crmnext.com/sng7/app/login/login
2022-12-12 17:01:58 INFO  ScreenShot - ScreenShot captured LoginPage || Status :Pass
2022-12-12 17:01:58 INFO  CommonMethods - Sucessfully clicked on Username_XPATH
2022-12-12 17:01:58 INFO  CommonMethods - Data sucessfully entered on Username_XPATH = admin2
2022-12-12 17:01:58 INFO  CommonMethods - Sucessfully clicked on password_XPATH
2022-12-12 17:01:58 INFO  CommonMethods - Data sucessfully entered on password_XPATH = acid_qa
2022-12-12 17:01:58 INFO  CommonMethods - Sucessfully clicked on loginBtn_XPATH
2022-12-12 17:02:59 ERROR CommonMethods - Not able to wait for ProfileBtn_XPATH due to :Expected condition failed: waiting for visibility of element located by By.xpath: //div[@class="header__item header__profile ht-3 mid relative pointer"]/a (tried for 60 second(s) with 500 milliseconds interval)
Build info: version: '4.1.0', revision: '87802e897b'
System info: host: 'AKILA', ip: '192.168.1.36', os.name: 'Windows 11', os.arch: 'amd64', os.version: '10.0', java.version: '17.0.3'
Driver info: org.openqa.selenium.chrome.ChromeDriver
Capabilities {acceptInsecureCerts: false, browserName: chrome, browserVersion: 108.0.5359.99, chrome: {chromedriverVersion: 108.0.5359.71 (1e0e3868ee06..., userDataDir: C:\Users\akila\AppData\Loca...}, goog:chromeOptions: {debuggerAddress: localhost:53809}, javascriptEnabled: true, networkConnectionEnabled: false, pageLoadStrategy: normal, platform: WINDOWS, platformName: WINDOWS, proxy: Proxy(), se:cdp: ws://localhost:53809/devtoo..., se:cdpVersion: 108.0.5359.99, setWindowRect: true, strictFileInteractability: false, timeouts: {implicit: 0, pageLoad: 300000, script: 30000}, unhandledPromptBehavior: dismiss and notify, webauthn:extension:credBlob: true, webauthn:extension:largeBlob: true, webauthn:virtualAuthenticators: true}
Session ID: 94818b71a0fd53a056e04f4f9e64b67a
2022-12-12 17:02:59 ERROR CommonMethods - Not Sucessfully highlighted ProfileBtn_XPATH due to :no such element: Unable to locate element: {"method":"xpath","selector":"//div[@class="header__item header__profile ht-3 mid relative pointer"]/a"}
  (Session info: chrome=108.0.5359.99)
For documentation on this error, please visit: https://selenium.dev/exceptions/#no_such_element
Build info: version: '4.1.0', revision: '87802e897b'
System info: host: 'AKILA', ip: '192.168.1.36', os.name: 'Windows 11', os.arch: 'amd64', os.version: '10.0', java.version: '17.0.3'
Driver info: org.openqa.selenium.chrome.ChromeDriver
Command: [94818b71a0fd53a056e04f4f9e64b67a, findElement {using=xpath, value=//div[@class="header__item header__profile ht-3 mid relative pointer"]/a}]
Capabilities {acceptInsecureCerts: false, browserName: chrome, browserVersion: 108.0.5359.99, chrome: {chromedriverVersion: 108.0.5359.71 (1e0e3868ee06..., userDataDir: C:\Users\akila\AppData\Loca...}, goog:chromeOptions: {debuggerAddress: localhost:53809}, javascriptEnabled: true, networkConnectionEnabled: false, pageLoadStrategy: normal, platform: WINDOWS, platformName: WINDOWS, proxy: Proxy(), se:cdp: ws://localhost:53809/devtoo..., se:cdpVersion: 108.0.5359.99, setWindowRect: true, strictFileInteractability: false, timeouts: {implicit: 0, pageLoad: 300000, script: 30000}, unhandledPromptBehavior: dismiss and notify, webauthn:extension:credBlob: true, webauthn:extension:largeBlob: true, webauthn:virtualAuthenticators: true}
Session ID: 94818b71a0fd53a056e04f4f9e64b67a
2022-12-12 17:02:59 INFO  SetUp - Test Case_VerifyCRMLogin_Successfully Passed
2022-12-12 17:02:59 INFO  CommonMethods - Row num for TestScenario = VerifyCRMLogin is = 1
2022-12-12 17:03:00 INFO  ExcelOperation - Write to excel with : Row=1 | Cell =5 | Data =Pass
2022-12-12 17:03:18 INFO  SetUp - Browser Closed..
2022-12-12 17:03:18 INFO  SetUp - Test Case_Login_Successfully Started
2022-12-12 17:03:18 INFO  SetUp - Test Case_Login_get Skipped as its Runmode is 'NO' 
2022-12-12 17:03:18 INFO  SetUp - Test Case_Login_Successfully Started
2022-12-12 17:03:18 INFO  SetUp - Test Case_Login_get Skipped as its Runmode is 'NO' 
2022-12-12 17:03:20 INFO  CommonMethods - Test Report Mail sent successfully to akila.raguram@crmnext.com
